2026-05-11 00:07:47 [main] INFO  c.s.i.c.ScreeningQueryControllerTest:55 - Starting ScreeningQueryControllerTest using Java 21.0.10 on ASUS-DESKTOP with PID 128237 (started by allon in /home/allon/application/stock-invest)
2026-05-11 00:07:47 [main] INFO  c.s.i.c.ScreeningQueryControllerTest:632 - No active profile set, falling back to 1 default profile: "twelvedata"
2026-05-11 00:07:47 [main] INFO  c.s.i.controller.StockController:40 - StockController 2026-05-11 00:07:47: Controller initialized
2026-05-11 00:07:48 [main] INFO  o.s.t.w.s.TestDispatcherServlet:525 - Initializing Servlet ''
2026-05-11 00:07:48 [main] INFO  o.s.t.w.s.TestDispatcherServlet:547 - Completed initialization in 1 ms
2026-05-11 00:07:48 [main] INFO  c.s.i.c.ScreeningQueryControllerTest:61 - Started ScreeningQueryControllerTest in 1.445 seconds (JVM running for 2.196)
2026-05-11 00:07:48 [main] INFO  c.s.i.controller.StockController:141 - StockController 2026-05-11 00:07:48: Query daily K-line data - symbol: GOOGL, beginDate: 2026-01-01, endDate: 2026-05-09, limit: 50, pageToken: 
2026-05-11 00:07:48 [main] INFO  c.s.i.controller.StockController:68 - StockController 2026-05-11 00:07:48: Getting daily K-line data for symbol: AAPL
2026-05-11 00:07:48 [main] INFO  c.s.i.c.StockScannerController:93 - StockScannerController 2026-05-11 00:07:48: Custom stock scan, market: US, category: TOP_VOLUME, limit: 20, minPrice: null, maxPrice: null
2026-05-11 00:07:48 [main] INFO  c.s.i.controller.StockController:97 - StockController 2026-05-11 00:07:48: Getting daily K-line data object for symbol: MSFT
2026-05-11 00:08:29 [main] INFO  c.s.i.c.ScreeningQueryControllerTest:55 - Starting ScreeningQueryControllerTest using Java 21.0.10 on ASUS-DESKTOP with PID 128926 (started by allon in /home/allon/application/stock-invest)
2026-05-11 00:08:29 [main] INFO  c.s.i.c.ScreeningQueryControllerTest:632 - No active profile set, falling back to 1 default profile: "twelvedata"
2026-05-11 00:08:30 [main] INFO  c.s.i.controller.StockController:40 - StockController 2026-05-11 00:08:30: Controller initialized
2026-05-11 00:08:30 [main] INFO  o.s.t.w.s.TestDispatcherServlet:525 - Initializing Servlet ''
2026-05-11 00:08:30 [main] INFO  o.s.t.w.s.TestDispatcherServlet:547 - Completed initialization in 1 ms
2026-05-11 00:08:30 [main] INFO  c.s.i.c.ScreeningQueryControllerTest:61 - Started ScreeningQueryControllerTest in 1.162 seconds (JVM running for 1.734)
2026-05-11 00:08:30 [main] INFO  c.s.i.controller.StockController:141 - StockController 2026-05-11 00:08:30: Query daily K-line data - symbol: GOOGL, beginDate: 2026-01-01, endDate: 2026-05-09, limit: 50, pageToken: 
2026-05-11 00:08:30 [main] INFO  c.s.i.controller.StockController:68 - StockController 2026-05-11 00:08:30: Getting daily K-line data for symbol: AAPL
2026-05-11 00:08:30 [main] INFO  c.s.i.c.StockScannerController:93 - StockScannerController 2026-05-11 00:08:30: Custom stock scan, market: US, category: TOP_VOLUME, limit: 20, minPrice: null, maxPrice: null
2026-05-11 00:08:30 [main] INFO  c.s.i.controller.StockController:97 - StockController 2026-05-11 00:08:30: Getting daily K-line data object for symbol: MSFT
2026-05-11 00:24:09 [main] INFO  c.s.i.c.ScreeningQueryControllerTest:55 - Starting ScreeningQueryControllerTest using Java 21.0.10 on ASUS-DESKTOP with PID 143775 (started by allon in /home/allon/application/stock-invest)
2026-05-11 00:24:09 [main] INFO  c.s.i.c.ScreeningQueryControllerTest:632 - No active profile set, falling back to 1 default profile: "twelvedata"
2026-05-11 00:24:10 [main] INFO  c.s.i.controller.StockController:40 - StockController 2026-05-11 00:24:10: Controller initialized
2026-05-11 00:24:10 [main] INFO  o.s.t.w.s.TestDispatcherServlet:525 - Initializing Servlet ''
2026-05-11 00:24:10 [main] INFO  o.s.t.w.s.TestDispatcherServlet:547 - Completed initialization in 1 ms
2026-05-11 00:24:10 [main] INFO  c.s.i.c.ScreeningQueryControllerTest:61 - Started ScreeningQueryControllerTest in 1.06 seconds (JVM running for 2.168)
2026-05-11 00:24:10 [main] INFO  c.s.i.controller.StockController:141 - StockController 2026-05-11 00:24:10: Query daily K-line data - symbol: GOOGL, beginDate: 2026-01-01, endDate: 2026-05-09, limit: 50, pageToken: 
2026-05-11 00:24:10 [main] INFO  c.s.i.controller.StockController:68 - StockController 2026-05-11 00:24:10: Getting daily K-line data for symbol: AAPL
2026-05-11 00:24:10 [main] INFO  c.s.i.c.StockScannerController:93 - StockScannerController 2026-05-11 00:24:10: Custom stock scan, market: US, category: TOP_VOLUME, limit: 20, minPrice: null, maxPrice: null
2026-05-11 00:24:10 [main] INFO  c.s.i.controller.StockController:97 - StockController 2026-05-11 00:24:10: Getting daily K-line data object for symbol: MSFT
2026-05-11 00:24:57 [main] INFO  c.s.i.c.ScreeningQueryControllerTest:55 - Starting ScreeningQueryControllerTest using Java 21.0.10 on ASUS-DESKTOP with PID 144970 (started by allon in /home/allon/application/stock-invest)
2026-05-11 00:24:57 [main] INFO  c.s.i.c.ScreeningQueryControllerTest:632 - No active profile set, falling back to 1 default profile: "twelvedata"
2026-05-11 00:24:57 [main] INFO  c.s.i.controller.StockController:40 - StockController 2026-05-11 00:24:57: Controller initialized
2026-05-11 00:24:58 [main] INFO  o.s.t.w.s.TestDispatcherServlet:525 - Initializing Servlet ''
2026-05-11 00:24:58 [main] INFO  o.s.t.w.s.TestDispatcherServlet:547 - Completed initialization in 1 ms
2026-05-11 00:24:58 [main] INFO  c.s.i.c.ScreeningQueryControllerTest:61 - Started ScreeningQueryControllerTest in 0.962 seconds (JVM running for 2.006)
2026-05-11 00:24:58 [main] INFO  c.s.i.controller.StockController:141 - StockController 2026-05-11 00:24:58: Query daily K-line data - symbol: GOOGL, beginDate: 2026-01-01, endDate: 2026-05-09, limit: 50, pageToken: 
2026-05-11 00:24:58 [main] INFO  c.s.i.controller.StockController:68 - StockController 2026-05-11 00:24:58: Getting daily K-line data for symbol: AAPL
2026-05-11 00:24:58 [main] INFO  c.s.i.c.StockScannerController:93 - StockScannerController 2026-05-11 00:24:58: Custom stock scan, market: US, category: TOP_VOLUME, limit: 20, minPrice: null, maxPrice: null
2026-05-11 00:24:58 [main] INFO  c.s.i.controller.StockController:97 - StockController 2026-05-11 00:24:58: Getting daily K-line data object for symbol: MSFT
2026-05-11 00:42:48 [main] INFO  c.s.i.c.ScreeningQueryControllerTest:55 - Starting ScreeningQueryControllerTest using Java 21.0.10 on ASUS-DESKTOP with PID 168459 (started by allon in /home/allon/application/stock-invest)
2026-05-11 00:42:48 [main] INFO  c.s.i.c.ScreeningQueryControllerTest:632 - No active profile set, falling back to 1 default profile: "twelvedata"
2026-05-11 00:42:48 [main] INFO  c.s.i.controller.StockController:40 - StockController 2026-05-11 00:42:48: Controller initialized
2026-05-11 00:42:48 [main] INFO  o.s.t.w.s.TestDispatcherServlet:525 - Initializing Servlet ''
2026-05-11 00:42:48 [main] INFO  o.s.t.w.s.TestDispatcherServlet:547 - Completed initialization in 1 ms
2026-05-11 00:42:48 [main] INFO  c.s.i.c.ScreeningQueryControllerTest:61 - Started ScreeningQueryControllerTest in 1.065 seconds (JVM running for 2.19)
2026-05-11 00:42:48 [main] INFO  c.s.i.controller.StockController:141 - StockController GOOGL: Query daily K-line data - symbol: 2026-01-01, beginDate: 2026-05-09, endDate: 50, limit: , pageToken: {}
2026-05-11 00:42:48 [main] INFO  c.s.i.controller.StockController:68 - StockController 2026-05-11 00:42:48: Getting daily K-line data for symbol: AAPL
2026-05-11 00:42:48 [main] INFO  c.s.i.c.StockScannerController:93 - StockScannerController US: Custom stock scan, market: TOP_VOLUME, category: 20, limit: null, minPrice: null, maxPrice: {}
2026-05-11 00:42:48 [main] INFO  c.s.i.controller.StockController:97 - StockController 2026-05-11 00:42:48: Getting daily K-line data object for symbol: MSFT
2026-05-11 07:57:32 [main] INFO  o.s.d.r.c.RepositoryConfigurationDelegate:132 - Bootstrapping Spring Data JPA repositories in DEFAULT mode.
2026-05-11 07:57:32 [main] INFO  o.s.d.r.c.RepositoryConfigurationDelegate:201 - Finished Spring Data repository scanning in 24 ms. Found 2 JPA repository interfaces.
2026-05-11 07:57:32 [main] INFO  o.a.coyote.http11.Http11NioProtocol:173 - Initializing ProtocolHandler ["http-nio-8090"]
2026-05-11 07:57:32 [main] INFO  o.a.catalina.core.StandardService:173 - Starting service [Tomcat]
2026-05-11 07:57:32 [main] INFO  o.a.catalina.core.StandardEngine:173 - Starting Servlet engine: [Apache Tomcat/9.0.83]
2026-05-11 07:57:32 [main] INFO  o.a.c.c.C.[Tomcat].[localhost].[/]:173 - Initializing Spring embedded WebApplicationContext
2026-05-11 07:57:32 [main] INFO  com.zaxxer.hikari.HikariDataSource:110 - HikariPool-1 - Starting...
2026-05-11 07:57:32 [main] INFO  com.zaxxer.hikari.HikariDataSource:123 - HikariPool-1 - Start completed.
2026-05-11 07:57:32 [main] INFO  o.h.jpa.internal.util.LogHelper:31 - HHH000204: Processing PersistenceUnitInfo [name: default]
2026-05-11 07:57:32 [main] INFO  org.hibernate.Version:44 - HHH000412: Hibernate ORM core version 5.6.15.Final
2026-05-11 07:57:32 [main] INFO  o.h.annotations.common.Version:56 - HCANN000001: Hibernate Commons Annotations {5.1.2.Final}
2026-05-11 07:57:32 [main] INFO  org.hibernate.dialect.Dialect:175 - HHH000400: Using dialect: org.hibernate.dialect.MySQL8Dialect
2026-05-11 07:57:33 [main] INFO  o.h.e.t.j.p.i.JtaPlatformInitiator:52 - HHH000490: Using JtaPlatform implementation: [org.hibernate.engine.transaction.jta.platform.internal.NoJtaPlatform]
2026-05-11 07:57:33 [main] INFO  o.s.o.j.LocalContainerEntityManagerFactoryBean:437 - Initialized JPA EntityManagerFactory for persistence unit 'default'
2026-05-11 07:57:33 [main] INFO  c.s.i.s.impl.TigerStockServiceImpl:53 - TigerStockServiceImpl 2026-05-11 07:57:33: Service initialized
2026-05-11 07:57:33 [main] INFO  c.s.i.s.i.TwelveDataStockServiceImpl:47 - TwelveDataStockServiceImpl 2026-05-11 07:57:33 : Service initialized
2026-05-11 07:57:33 [main] INFO  c.s.i.s.i.YFinanceStockServiceImpl:55 - YFinanceStockServiceImpl 2026-05-11 07:57:33 : Service initialized
2026-05-11 07:57:33 [main] INFO  c.s.i.controller.StockController:40 - StockController 2026-05-11 07:57:33: Controller initialized
2026-05-11 07:57:33 [main] INFO  o.a.coyote.http11.Http11NioProtocol:173 - Starting ProtocolHandler ["http-nio-8090"]
2026-05-11 07:57:47 [SpringApplicationShutdownHook] INFO  o.s.o.j.LocalContainerEntityManagerFactoryBean:651 - Closing JPA EntityManagerFactory for persistence unit 'default'
2026-05-11 07:57:47 [SpringApplicationShutdownHook] INFO  com.zaxxer.hikari.HikariDataSource:350 - HikariPool-1 - Shutdown initiated...
2026-05-11 07:57:47 [SpringApplicationShutdownHook] INFO  com.zaxxer.hikari.HikariDataSource:352 - HikariPool-1 - Shutdown completed.
2026-05-11 08:16:16 [main] INFO  c.s.i.c.ScreeningQueryControllerTest:55 - Starting ScreeningQueryControllerTest using Java 21.0.10 on ASUS-DESKTOP with PID 589561 (started by allon in /home/allon/application/stock-invest)
2026-05-11 08:16:16 [main] INFO  c.s.i.c.ScreeningQueryControllerTest:632 - No active profile set, falling back to 1 default profile: "twelvedata"
2026-05-11 08:16:17 [main] INFO  c.s.i.controller.StockController:40 - StockController 2026-05-11 08:16:17: Controller initialized
2026-05-11 08:16:17 [main] INFO  o.s.t.w.s.TestDispatcherServlet:525 - Initializing Servlet ''
2026-05-11 08:16:17 [main] INFO  o.s.t.w.s.TestDispatcherServlet:547 - Completed initialization in 1 ms
2026-05-11 08:16:17 [main] INFO  c.s.i.c.ScreeningQueryControllerTest:61 - Started ScreeningQueryControllerTest in 1.015 seconds (JVM running for 2.117)
2026-05-11 08:16:17 [main] INFO  c.s.i.controller.StockController:141 - StockController GOOGL: Query daily K-line data - symbol: 2026-01-01, beginDate: 2026-05-09, endDate: 50, limit: , pageToken: {}
2026-05-11 08:16:17 [main] INFO  c.s.i.controller.StockController:68 - StockController 2026-05-11 08:16:17: Getting daily K-line data for symbol: AAPL
2026-05-11 08:16:17 [main] INFO  c.s.i.c.StockScannerController:90 - StockScannerController US: Custom stock scan, market: TOP_VOLUME, category: 20, limit: null, minPrice: null, maxPrice: {}
2026-05-11 08:16:17 [main] INFO  c.s.i.controller.StockController:97 - StockController 2026-05-11 08:16:17: Getting daily K-line data object for symbol: MSFT
2026-05-11 08:28:34 [main] INFO  c.s.i.c.ScreeningQueryControllerTest:55 - Starting ScreeningQueryControllerTest using Java 21.0.10 on ASUS-DESKTOP with PID 603621 (started by allon in /home/allon/application/stock-invest)
2026-05-11 08:28:34 [main] INFO  c.s.i.c.ScreeningQueryControllerTest:632 - No active profile set, falling back to 1 default profile: "twelvedata"
2026-05-11 08:28:34 [main] INFO  c.s.i.controller.StockController:40 - StockController 2026-05-11 08:28:34: Controller initialized
2026-05-11 08:28:35 [main] INFO  o.s.t.w.s.TestDispatcherServlet:525 - Initializing Servlet ''
2026-05-11 08:28:35 [main] INFO  o.s.t.w.s.TestDispatcherServlet:547 - Completed initialization in 1 ms
2026-05-11 08:28:35 [main] INFO  c.s.i.c.ScreeningQueryControllerTest:61 - Started ScreeningQueryControllerTest in 0.903 seconds (JVM running for 1.878)
2026-05-11 08:28:35 [main] INFO  c.s.i.controller.StockController:141 - StockController GOOGL: Query daily K-line data - symbol: 2026-01-01, beginDate: 2026-05-09, endDate: 50, limit: , pageToken: {}
2026-05-11 08:28:35 [main] INFO  c.s.i.controller.StockController:68 - StockController 2026-05-11 08:28:35: Getting daily K-line data for symbol: AAPL
2026-05-11 08:28:35 [main] INFO  c.s.i.c.StockScannerController:91 - StockScannerController US: Custom stock scan, market: TOP_VOLUME, category: 20, limit: null, minPrice: null, maxPrice: {}
2026-05-11 08:28:35 [main] INFO  c.s.i.controller.StockController:97 - StockController 2026-05-11 08:28:35: Getting daily K-line data object for symbol: MSFT
2026-05-11 08:28:41 [main] INFO  c.s.i.r.ScreeningMatchRepositoryTest:55 - Starting ScreeningMatchRepositoryTest using Java 21.0.10 on ASUS-DESKTOP with PID 603927 (started by allon in /home/allon/application/stock-invest)
2026-05-11 08:28:41 [main] INFO  c.s.i.r.ScreeningMatchRepositoryTest:638 - The following 1 profile is active: "test"
2026-05-11 08:28:42 [main] INFO  o.s.d.r.c.RepositoryConfigurationDelegate:132 - Bootstrapping Spring Data JPA repositories in DEFAULT mode.
2026-05-11 08:28:42 [main] INFO  o.s.d.r.c.RepositoryConfigurationDelegate:201 - Finished Spring Data repository scanning in 30 ms. Found 2 JPA repository interfaces.
2026-05-11 08:28:42 [main] WARN  o.s.c.a.AnnotationConfigApplicationContext:599 - Exception encountered during context initialization - cancelling refresh attempt: org.springframework.beans.factory.UnsatisfiedDependencyException: Error creating bean with name 'dataSourceScriptDatabaseInitializer' defined in class path resource [org/springframework/boot/autoconfigure/sql/init/DataSourceInitializationConfiguration.class]: Unsatisfied dependency expressed through method 'dataSourceScriptDatabaseInitializer' parameter 0; nested exception is org.springframework.beans.factory.BeanCreationException: Error creating bean with name 'dataSource': Invocation of init method failed; nested exception is java.lang.IllegalStateException: Failed to replace DataSource with an embedded database for tests. If you want an embedded database please put a supported one on the classpath or tune the replace attribute of @AutoConfigureTestDatabase.
2026-05-11 08:28:42 [main] ERROR o.s.test.context.TestContextManager:252 - Caught exception while allowing TestExecutionListener [org.springframework.boot.test.mock.mockito.MockitoTestExecutionListener@2205a05d] to prepare test instance [com.stock.invest.repository.ScreeningMatchRepositoryTest@1c8f6c66]
java.lang.IllegalStateException: Failed to load ApplicationContext
	at org.springframework.test.context.cache.DefaultCacheAwareContextLoaderDelegate.loadContext(DefaultCacheAwareContextLoaderDelegate.java:98)
	at org.springframework.test.context.support.DefaultTestContext.getApplicationContext(DefaultTestContext.java:124)
	at org.springframework.boot.test.mock.mockito.MockitoTestExecutionListener.postProcessFields(MockitoTestExecutionListener.java:110)
	at org.springframework.boot.test.mock.mockito.MockitoTestExecutionListener.injectFields(MockitoTestExecutionListener.java:94)
	at org.springframework.boot.test.mock.mockito.MockitoTestExecutionListener.prepareTestInstance(MockitoTestExecutionListener.java:61)
	at org.springframework.test.context.TestContextManager.prepareTestInstance(TestContextManager.java:248)
	at org.springframework.test.context.junit.jupiter.SpringExtension.postProcessTestInstance(SpringExtension.java:138)
	at org.junit.jupiter.engine.descriptor.ClassBasedTestDescriptor.lambda$invokeTestInstancePostProcessors$8(ClassBasedTestDescriptor.java:363)
	at org.junit.jupiter.engine.descriptor.ClassBasedTestDescriptor.executeAndMaskThrowable(ClassBasedTestDescriptor.java:368)
	at org.junit.jupiter.engine.descriptor.ClassBasedTestDescriptor.lambda$invokeTestInstancePostProcessors$9(ClassBasedTestDescriptor.java:363)
	at java.base/java.util.stream.ReferencePipeline$3$1.accept(ReferencePipeline.java:197)
	at java.base/java.util.stream.ReferencePipeline$2$1.accept(ReferencePipeline.java:179)
	at java.base/java.util.ArrayList$ArrayListSpliterator.forEachRemaining(ArrayList.java:1708)
	at java.base/java.util.stream.AbstractPipeline.copyInto(AbstractPipeline.java:509)
	at java.base/java.util.stream.AbstractPipeline.wrapAndCopyInto(AbstractPipeline.java:499)
	at java.base/java.util.stream.StreamSpliterators$WrappingSpliterator.forEachRemaining(StreamSpliterators.java:310)
	at java.base/java.util.stream.Streams$ConcatSpliterator.forEachRemaining(Streams.java:735)
	at java.base/java.util.stream.Streams$ConcatSpliterator.forEachRemaining(Streams.java:734)
	at java.base/java.util.stream.ReferencePipeline$Head.forEach(ReferencePipeline.java:762)
	at org.junit.jupiter.engine.descriptor.ClassBasedTestDescriptor.invokeTestInstancePostProcessors(ClassBasedTestDescriptor.java:362)
	at org.junit.jupiter.engine.descriptor.ClassBasedTestDescriptor.lambda$instantiateAndPostProcessTestInstance$6(ClassBasedTestDescriptor.java:283)
	at org.junit.platform.engine.support.hierarchical.ThrowableCollector.execute(ThrowableCollector.java:73)
	at org.junit.jupiter.engine.descriptor.ClassBasedTestDescriptor.instantiateAndPostProcessTestInstance(ClassBasedTestDescriptor.java:282)
	at org.junit.jupiter.engine.descriptor.ClassBasedTestDescriptor.lambda$testInstancesProvider$4(ClassBasedTestDescriptor.java:272)
	at java.base/java.util.Optional.orElseGet(Optional.java:364)
	at org.junit.jupiter.engine.descriptor.ClassBasedTestDescriptor.lambda$testInstancesProvider$5(ClassBasedTestDescriptor.java:271)
	at org.junit.jupiter.engine.execution.TestInstancesProvider.getTestInstances(TestInstancesProvider.java:31)
	at org.junit.jupiter.engine.descriptor.TestMethodTestDescriptor.lambda$prepare$0(TestMethodTestDescriptor.java:102)
	at org.junit.platform.engine.support.hierarchical.ThrowableCollector.execute(ThrowableCollector.java:73)
	at org.junit.jupiter.engine.descriptor.TestMethodTestDescriptor.prepare(TestMethodTestDescriptor.java:101)
	at org.junit.jupiter.engine.descriptor.TestMethodTestDescriptor.prepare(TestMethodTestDescriptor.java:66)
	at org.junit.platform.engine.support.hierarchical.NodeTestTask.lambda$prepare$2(NodeTestTask.java:123)
	at org.junit.platform.engine.support.hierarchical.ThrowableCollector.execute(ThrowableCollector.java:73)
	at org.junit.platform.engine.support.hierarchical.NodeTestTask.prepare(NodeTestTask.java:123)
	at org.junit.platform.engine.support.hierarchical.NodeTestTask.execute(NodeTestTask.java:90)
	at java.base/java.util.ArrayList.forEach(ArrayList.java:1596)
	at org.junit.platform.engine.support.hierarchical.SameThreadHierarchicalTestExecutorService.invokeAll(SameThreadHierarchicalTestExecutorService.java:41)
	at org.junit.platform.engine.support.hierarchical.NodeTestTask.lambda$executeRecursively$6(NodeTestTask.java:155)
	at org.junit.platform.engine.support.hierarchical.ThrowableCollector.execute(ThrowableCollector.java:73)
	at org.junit.platform.engine.support.hierarchical.NodeTestTask.lambda$executeRecursively$8(NodeTestTask.java:141)
	at org.junit.platform.engine.support.hierarchical.Node.around(Node.java:137)
	at org.junit.platform.engine.support.hierarchical.NodeTestTask.lambda$executeRecursively$9(NodeTestTask.java:139)
	at org.junit.platform.engine.support.hierarchical.ThrowableCollector.execute(ThrowableCollector.java:73)
	at org.junit.platform.engine.support.hierarchical.NodeTestTask.executeRecursively(NodeTestTask.java:138)
	at org.junit.platform.engine.support.hierarchical.NodeTestTask.execute(NodeTestTask.java:95)
	at java.base/java.util.ArrayList.forEach(ArrayList.java:1596)
	at org.junit.platform.engine.support.hierarchical.SameThreadHierarchicalTestExecutorService.invokeAll(SameThreadHierarchicalTestExecutorService.java:41)
	at org.junit.platform.engine.support.hierarchical.NodeTestTask.lambda$executeRecursively$6(NodeTestTask.java:155)
	at org.junit.platform.engine.support.hierarchical.ThrowableCollector.execute(ThrowableCollector.java:73)
	at org.junit.platform.engine.support.hierarchical.NodeTestTask.lambda$executeRecursively$8(NodeTestTask.java:141)
	at org.junit.platform.engine.support.hierarchical.Node.around(Node.java:137)
	at org.junit.platform.engine.support.hierarchical.NodeTestTask.lambda$executeRecursively$9(NodeTestTask.java:139)
	at org.junit.platform.engine.support.hierarchical.ThrowableCollector.execute(ThrowableCollector.java:73)
	at org.junit.platform.engine.support.hierarchical.NodeTestTask.executeRecursively(NodeTestTask.java:138)
	at org.junit.platform.engine.support.hierarchical.NodeTestTask.execute(NodeTestTask.java:95)
	at org.junit.platform.engine.support.hierarchical.SameThreadHierarchicalTestExecutorService.submit(SameThreadHierarchicalTestExecutorService.java:35)
	at org.junit.platform.engine.support.hierarchical.HierarchicalTestExecutor.execute(HierarchicalTestExecutor.java:57)
	at org.junit.platform.engine.support.hierarchical.HierarchicalTestEngine.execute(HierarchicalTestEngine.java:54)
	at org.junit.platform.launcher.core.DefaultLauncher.execute(DefaultLauncher.java:220)
	at org.junit.platform.launcher.core.DefaultLauncher.lambda$execute$6(DefaultLauncher.java:188)
	at org.junit.platform.launcher.core.DefaultLauncher.withInterceptedStreams(DefaultLauncher.java:202)
	at org.junit.platform.launcher.core.DefaultLauncher.execute(DefaultLauncher.java:181)
	at org.junit.platform.launcher.core.DefaultLauncher.execute(DefaultLauncher.java:128)
	at org.apache.maven.surefire.junitplatform.JUnitPlatformProvider.invokeAllTests(JUnitPlatformProvider.java:150)
	at org.apache.maven.surefire.junitplatform.JUnitPlatformProvider.invoke(JUnitPlatformProvider.java:124)
	at org.apache.maven.surefire.booter.ForkedBooter.invokeProviderInSameClassLoader(ForkedBooter.java:384)
	at org.apache.maven.surefire.booter.ForkedBooter.runSuitesInProcess(ForkedBooter.java:345)
	at org.apache.maven.surefire.booter.ForkedBooter.execute(ForkedBooter.java:126)
	at org.apache.maven.surefire.booter.ForkedBooter.main(ForkedBooter.java:418)
Caused by: org.springframework.beans.factory.UnsatisfiedDependencyException: Error creating bean with name 'dataSourceScriptDatabaseInitializer' defined in class path resource [org/springframework/boot/autoconfigure/sql/init/DataSourceInitializationConfiguration.class]: Unsatisfied dependency expressed through method 'dataSourceScriptDatabaseInitializer' parameter 0; nested exception is org.springframework.beans.factory.BeanCreationException: Error creating bean with name 'dataSource': Invocation of init method failed; nested exception is java.lang.IllegalStateException: Failed to replace DataSource with an embedded database for tests. If you want an embedded database please put a supported one on the classpath or tune the replace attribute of @AutoConfigureTestDatabase.
	at org.springframework.beans.factory.support.ConstructorResolver.createArgumentArray(ConstructorResolver.java:801)
	at org.springframework.beans.factory.support.ConstructorResolver.instantiateUsingFactoryMethod(ConstructorResolver.java:536)
	at org.springframework.beans.factory.support.AbstractAutowireCapableBeanFactory.instantiateUsingFactoryMethod(AbstractAutowireCapableBeanFactory.java:1352)
	at org.springframework.beans.factory.support.AbstractAutowireCapableBeanFactory.createBeanInstance(AbstractAutowireCapableBeanFactory.java:1195)
	at org.springframework.beans.factory.support.AbstractAutowireCapableBeanFactory.doCreateBean(AbstractAutowireCapableBeanFactory.java:582)
	at org.springframework.beans.factory.support.AbstractAutowireCapableBeanFactory.createBean(AbstractAutowireCapableBeanFactory.java:542)
	at org.springframework.beans.factory.support.AbstractBeanFactory.lambda$doGetBean$0(AbstractBeanFactory.java:335)
	at org.springframework.beans.factory.support.DefaultSingletonBeanRegistry.getSingleton(DefaultSingletonBeanRegistry.java:234)
	at org.springframework.beans.factory.support.AbstractBeanFactory.doGetBean(AbstractBeanFactory.java:333)
	at org.springframework.beans.factory.support.AbstractBeanFactory.getBean(AbstractBeanFactory.java:208)
	at org.springframework.beans.factory.support.AbstractBeanFactory.doGetBean(AbstractBeanFactory.java:322)
	at org.springframework.beans.factory.support.AbstractBeanFactory.getBean(AbstractBeanFactory.java:208)
	at org.springframework.context.support.AbstractApplicationContext.getBean(AbstractApplicationContext.java:1168)
	at org.springframework.context.support.AbstractApplicationContext.finishBeanFactoryInitialization(AbstractApplicationContext.java:919)
	at org.springframework.context.support.AbstractApplicationContext.refresh(AbstractApplicationContext.java:591)
	at org.springframework.boot.SpringApplication.refresh(SpringApplication.java:732)
	at org.springframework.boot.SpringApplication.refreshContext(SpringApplication.java:409)
	at org.springframework.boot.SpringApplication.run(SpringApplication.java:308)
	at org.springframework.boot.test.context.SpringBootContextLoader.loadContext(SpringBootContextLoader.java:136)
	at org.springframework.test.context.cache.DefaultCacheAwareContextLoaderDelegate.loadContextInternal(DefaultCacheAwareContextLoaderDelegate.java:141)
	at org.springframework.test.context.cache.DefaultCacheAwareContextLoaderDelegate.loadContext(DefaultCacheAwareContextLoaderDelegate.java:90)
	... 68 common frames omitted
Caused by: org.springframework.beans.factory.BeanCreationException: Error creating bean with name 'dataSource': Invocation of init method failed; nested exception is java.lang.IllegalStateException: Failed to replace DataSource with an embedded database for tests. If you want an embedded database please put a supported one on the classpath or tune the replace attribute of @AutoConfigureTestDatabase.
	at org.springframework.beans.factory.support.AbstractAutowireCapableBeanFactory.initializeBean(AbstractAutowireCapableBeanFactory.java:1804)
	at org.springframework.beans.factory.support.AbstractAutowireCapableBeanFactory.doCreateBean(AbstractAutowireCapableBeanFactory.java:620)
	at org.springframework.beans.factory.support.AbstractAutowireCapableBeanFactory.createBean(AbstractAutowireCapableBeanFactory.java:542)
	at org.springframework.beans.factory.support.AbstractBeanFactory.lambda$doGetBean$0(AbstractBeanFactory.java:335)
	at org.springframework.beans.factory.support.DefaultSingletonBeanRegistry.getSingleton(DefaultSingletonBeanRegistry.java:234)
	at org.springframework.beans.factory.support.AbstractBeanFactory.doGetBean(AbstractBeanFactory.java:333)
	at org.springframework.beans.factory.support.AbstractBeanFactory.getBean(AbstractBeanFactory.java:208)
	at org.springframework.beans.factory.config.DependencyDescriptor.resolveCandidate(DependencyDescriptor.java:276)
	at org.springframework.beans.factory.support.DefaultListableBeanFactory.doResolveDependency(DefaultListableBeanFactory.java:1391)
	at org.springframework.beans.factory.support.DefaultListableBeanFactory.resolveDependency(DefaultListableBeanFactory.java:1311)
	at org.springframework.beans.factory.support.ConstructorResolver.resolveAutowiredArgument(ConstructorResolver.java:911)
	at org.springframework.beans.factory.support.ConstructorResolver.createArgumentArray(ConstructorResolver.java:788)
	... 88 common frames omitted
Caused by: java.lang.IllegalStateException: Failed to replace DataSource with an embedded database for tests. If you want an embedded database please put a supported one on the classpath or tune the replace attribute of @AutoConfigureTestDatabase.
	at org.springframework.util.Assert.state(Assert.java:76)
	at org.springframework.boot.test.autoconfigure.jdbc.TestDatabaseAutoConfiguration$EmbeddedDataSourceFactory.getEmbeddedDatabase(TestDatabaseAutoConfiguration.java:185)
	at org.springframework.boot.test.autoconfigure.jdbc.TestDatabaseAutoConfiguration$EmbeddedDataSourceFactoryBean.afterPropertiesSet(TestDatabaseAutoConfiguration.java:149)
	at org.springframework.beans.factory.support.AbstractAutowireCapableBeanFactory.invokeInitMethods(AbstractAutowireCapableBeanFactory.java:1863)
	at org.springframework.beans.factory.support.AbstractAutowireCapableBeanFactory.initializeBean(AbstractAutowireCapableBeanFactory.java:1800)
	... 99 common frames omitted
2026-05-11 08:28:42 [main] INFO  o.s.t.c.s.AbstractContextLoader:264 - Could not detect default resource locations for test class [com.stock.invest.repository.StockDailyBarRepositoryTest]: no resource found for suffixes {-context.xml, Context.groovy}.
2026-05-11 08:28:42 [main] INFO  o.s.t.c.s.AnnotationConfigContextLoaderUtils:83 - Could not detect default configuration classes for test class [com.stock.invest.repository.StockDailyBarRepositoryTest]: StockDailyBarRepositoryTest does not declare any static, non-private, non-final, nested classes annotated with @Configuration.
2026-05-11 08:28:42 [main] INFO  c.s.i.r.StockDailyBarRepositoryTest:55 - Starting StockDailyBarRepositoryTest using Java 21.0.10 on ASUS-DESKTOP with PID 603927 (started by allon in /home/allon/application/stock-invest)
2026-05-11 08:28:42 [main] INFO  c.s.i.r.StockDailyBarRepositoryTest:638 - The following 1 profile is active: "test"
2026-05-11 08:28:42 [main] INFO  o.s.d.r.c.RepositoryConfigurationDelegate:132 - Bootstrapping Spring Data JPA repositories in DEFAULT mode.
2026-05-11 08:28:42 [main] INFO  o.s.d.r.c.RepositoryConfigurationDelegate:201 - Finished Spring Data repository scanning in 7 ms. Found 2 JPA repository interfaces.
2026-05-11 08:28:42 [main] WARN  o.s.c.a.AnnotationConfigApplicationContext:599 - Exception encountered during context initialization - cancelling refresh attempt: org.springframework.beans.factory.UnsatisfiedDependencyException: Error creating bean with name 'dataSourceScriptDatabaseInitializer' defined in class path resource [org/springframework/boot/autoconfigure/sql/init/DataSourceInitializationConfiguration.class]: Unsatisfied dependency expressed through method 'dataSourceScriptDatabaseInitializer' parameter 0; nested exception is org.springframework.beans.factory.BeanCreationException: Error creating bean with name 'dataSource': Invocation of init method failed; nested exception is java.lang.IllegalStateException: Failed to replace DataSource with an embedded database for tests. If you want an embedded database please put a supported one on the classpath or tune the replace attribute of @AutoConfigureTestDatabase.
2026-05-11 08:28:42 [main] ERROR o.s.test.context.TestContextManager:252 - Caught exception while allowing TestExecutionListener [org.springframework.boot.test.mock.mockito.MockitoTestExecutionListener@359066bc] to prepare test instance [com.stock.invest.repository.StockDailyBarRepositoryTest@643ba1ed]
java.lang.IllegalStateException: Failed to load ApplicationContext
	at org.springframework.test.context.cache.DefaultCacheAwareContextLoaderDelegate.loadContext(DefaultCacheAwareContextLoaderDelegate.java:98)
	at org.springframework.test.context.support.DefaultTestContext.getApplicationContext(DefaultTestContext.java:124)
	at org.springframework.boot.test.mock.mockito.MockitoTestExecutionListener.postProcessFields(MockitoTestExecutionListener.java:110)
	at org.springframework.boot.test.mock.mockito.MockitoTestExecutionListener.injectFields(MockitoTestExecutionListener.java:94)
	at org.springframework.boot.test.mock.mockito.MockitoTestExecutionListener.prepareTestInstance(MockitoTestExecutionListener.java:61)
	at org.springframework.test.context.TestContextManager.prepareTestInstance(TestContextManager.java:248)
	at org.springframework.test.context.junit.jupiter.SpringExtension.postProcessTestInstance(SpringExtension.java:138)
	at org.junit.jupiter.engine.descriptor.ClassBasedTestDescriptor.lambda$invokeTestInstancePostProcessors$8(ClassBasedTestDescriptor.java:363)
	at org.junit.jupiter.engine.descriptor.ClassBasedTestDescriptor.executeAndMaskThrowable(ClassBasedTestDescriptor.java:368)
	at org.junit.jupiter.engine.descriptor.ClassBasedTestDescriptor.lambda$invokeTestInstancePostProcessors$9(ClassBasedTestDescriptor.java:363)
	at java.base/java.util.stream.ReferencePipeline$3$1.accept(ReferencePipeline.java:197)
	at java.base/java.util.stream.ReferencePipeline$2$1.accept(ReferencePipeline.java:179)
	at java.base/java.util.ArrayList$ArrayListSpliterator.forEachRemaining(ArrayList.java:1708)
	at java.base/java.util.stream.AbstractPipeline.copyInto(AbstractPipeline.java:509)
	at java.base/java.util.stream.AbstractPipeline.wrapAndCopyInto(AbstractPipeline.java:499)
	at java.base/java.util.stream.StreamSpliterators$WrappingSpliterator.forEachRemaining(StreamSpliterators.java:310)
	at java.base/java.util.stream.Streams$ConcatSpliterator.forEachRemaining(Streams.java:735)
	at java.base/java.util.stream.Streams$ConcatSpliterator.forEachRemaining(Streams.java:734)
	at java.base/java.util.stream.ReferencePipeline$Head.forEach(ReferencePipeline.java:762)
	at org.junit.jupiter.engine.descriptor.ClassBasedTestDescriptor.invokeTestInstancePostProcessors(ClassBasedTestDescriptor.java:362)
	at org.junit.jupiter.engine.descriptor.ClassBasedTestDescriptor.lambda$instantiateAndPostProcessTestInstance$6(ClassBasedTestDescriptor.java:283)
	at org.junit.platform.engine.support.hierarchical.ThrowableCollector.execute(ThrowableCollector.java:73)
	at org.junit.jupiter.engine.descriptor.ClassBasedTestDescriptor.instantiateAndPostProcessTestInstance(ClassBasedTestDescriptor.java:282)
	at org.junit.jupiter.engine.descriptor.ClassBasedTestDescriptor.lambda$testInstancesProvider$4(ClassBasedTestDescriptor.java:272)
	at java.base/java.util.Optional.orElseGet(Optional.java:364)
	at org.junit.jupiter.engine.descriptor.ClassBasedTestDescriptor.lambda$testInstancesProvider$5(ClassBasedTestDescriptor.java:271)
	at org.junit.jupiter.engine.execution.TestInstancesProvider.getTestInstances(TestInstancesProvider.java:31)
	at org.junit.jupiter.engine.descriptor.TestMethodTestDescriptor.lambda$prepare$0(TestMethodTestDescriptor.java:102)
	at org.junit.platform.engine.support.hierarchical.ThrowableCollector.execute(ThrowableCollector.java:73)
	at org.junit.jupiter.engine.descriptor.TestMethodTestDescriptor.prepare(TestMethodTestDescriptor.java:101)
	at org.junit.jupiter.engine.descriptor.TestMethodTestDescriptor.prepare(TestMethodTestDescriptor.java:66)
	at org.junit.platform.engine.support.hierarchical.NodeTestTask.lambda$prepare$2(NodeTestTask.java:123)
	at org.junit.platform.engine.support.hierarchical.ThrowableCollector.execute(ThrowableCollector.java:73)
	at org.junit.platform.engine.support.hierarchical.NodeTestTask.prepare(NodeTestTask.java:123)
	at org.junit.platform.engine.support.hierarchical.NodeTestTask.execute(NodeTestTask.java:90)
	at java.base/java.util.ArrayList.forEach(ArrayList.java:1596)
	at org.junit.platform.engine.support.hierarchical.SameThreadHierarchicalTestExecutorService.invokeAll(SameThreadHierarchicalTestExecutorService.java:41)
	at org.junit.platform.engine.support.hierarchical.NodeTestTask.lambda$executeRecursively$6(NodeTestTask.java:155)
	at org.junit.platform.engine.support.hierarchical.ThrowableCollector.execute(ThrowableCollector.java:73)
	at org.junit.platform.engine.support.hierarchical.NodeTestTask.lambda$executeRecursively$8(NodeTestTask.java:141)
	at org.junit.platform.engine.support.hierarchical.Node.around(Node.java:137)
	at org.junit.platform.engine.support.hierarchical.NodeTestTask.lambda$executeRecursively$9(NodeTestTask.java:139)
	at org.junit.platform.engine.support.hierarchical.ThrowableCollector.execute(ThrowableCollector.java:73)
	at org.junit.platform.engine.support.hierarchical.NodeTestTask.executeRecursively(NodeTestTask.java:138)
	at org.junit.platform.engine.support.hierarchical.NodeTestTask.execute(NodeTestTask.java:95)
	at java.base/java.util.ArrayList.forEach(ArrayList.java:1596)
	at org.junit.platform.engine.support.hierarchical.SameThreadHierarchicalTestExecutorService.invokeAll(SameThreadHierarchicalTestExecutorService.java:41)
	at org.junit.platform.engine.support.hierarchical.NodeTestTask.lambda$executeRecursively$6(NodeTestTask.java:155)
	at org.junit.platform.engine.support.hierarchical.ThrowableCollector.execute(ThrowableCollector.java:73)
	at org.junit.platform.engine.support.hierarchical.NodeTestTask.lambda$executeRecursively$8(NodeTestTask.java:141)
	at org.junit.platform.engine.support.hierarchical.Node.around(Node.java:137)
	at org.junit.platform.engine.support.hierarchical.NodeTestTask.lambda$executeRecursively$9(NodeTestTask.java:139)
	at org.junit.platform.engine.support.hierarchical.ThrowableCollector.execute(ThrowableCollector.java:73)
	at org.junit.platform.engine.support.hierarchical.NodeTestTask.executeRecursively(NodeTestTask.java:138)
	at org.junit.platform.engine.support.hierarchical.NodeTestTask.execute(NodeTestTask.java:95)
	at org.junit.platform.engine.support.hierarchical.SameThreadHierarchicalTestExecutorService.submit(SameThreadHierarchicalTestExecutorService.java:35)
	at org.junit.platform.engine.support.hierarchical.HierarchicalTestExecutor.execute(HierarchicalTestExecutor.java:57)
	at org.junit.platform.engine.support.hierarchical.HierarchicalTestEngine.execute(HierarchicalTestEngine.java:54)
	at org.junit.platform.launcher.core.DefaultLauncher.execute(DefaultLauncher.java:220)
	at org.junit.platform.launcher.core.DefaultLauncher.lambda$execute$6(DefaultLauncher.java:188)
	at org.junit.platform.launcher.core.DefaultLauncher.withInterceptedStreams(DefaultLauncher.java:202)
	at org.junit.platform.launcher.core.DefaultLauncher.execute(DefaultLauncher.java:181)
	at org.junit.platform.launcher.core.DefaultLauncher.execute(DefaultLauncher.java:128)
	at org.apache.maven.surefire.junitplatform.JUnitPlatformProvider.invokeAllTests(JUnitPlatformProvider.java:150)
	at org.apache.maven.surefire.junitplatform.JUnitPlatformProvider.invoke(JUnitPlatformProvider.java:124)
	at org.apache.maven.surefire.booter.ForkedBooter.invokeProviderInSameClassLoader(ForkedBooter.java:384)
	at org.apache.maven.surefire.booter.ForkedBooter.runSuitesInProcess(ForkedBooter.java:345)
	at org.apache.maven.surefire.booter.ForkedBooter.execute(ForkedBooter.java:126)
	at org.apache.maven.surefire.booter.ForkedBooter.main(ForkedBooter.java:418)
Caused by: org.springframework.beans.factory.UnsatisfiedDependencyException: Error creating bean with name 'dataSourceScriptDatabaseInitializer' defined in class path resource [org/springframework/boot/autoconfigure/sql/init/DataSourceInitializationConfiguration.class]: Unsatisfied dependency expressed through method 'dataSourceScriptDatabaseInitializer' parameter 0; nested exception is org.springframework.beans.factory.BeanCreationException: Error creating bean with name 'dataSource': Invocation of init method failed; nested exception is java.lang.IllegalStateException: Failed to replace DataSource with an embedded database for tests. If you want an embedded database please put a supported one on the classpath or tune the replace attribute of @AutoConfigureTestDatabase.
	at org.springframework.beans.factory.support.ConstructorResolver.createArgumentArray(ConstructorResolver.java:801)
	at org.springframework.beans.factory.support.ConstructorResolver.instantiateUsingFactoryMethod(ConstructorResolver.java:536)
	at org.springframework.beans.factory.support.AbstractAutowireCapableBeanFactory.instantiateUsingFactoryMethod(AbstractAutowireCapableBeanFactory.java:1352)
	at org.springframework.beans.factory.support.AbstractAutowireCapableBeanFactory.createBeanInstance(AbstractAutowireCapableBeanFactory.java:1195)
	at org.springframework.beans.factory.support.AbstractAutowireCapableBeanFactory.doCreateBean(AbstractAutowireCapableBeanFactory.java:582)
	at org.springframework.beans.factory.support.AbstractAutowireCapableBeanFactory.createBean(AbstractAutowireCapableBeanFactory.java:542)
	at org.springframework.beans.factory.support.AbstractBeanFactory.lambda$doGetBean$0(AbstractBeanFactory.java:335)
	at org.springframework.beans.factory.support.DefaultSingletonBeanRegistry.getSingleton(DefaultSingletonBeanRegistry.java:234)
	at org.springframework.beans.factory.support.AbstractBeanFactory.doGetBean(AbstractBeanFactory.java:333)
	at org.springframework.beans.factory.support.AbstractBeanFactory.getBean(AbstractBeanFactory.java:208)
	at org.springframework.beans.factory.support.AbstractBeanFactory.doGetBean(AbstractBeanFactory.java:322)
	at org.springframework.beans.factory.support.AbstractBeanFactory.getBean(AbstractBeanFactory.java:208)
	at org.springframework.context.support.AbstractApplicationContext.getBean(AbstractApplicationContext.java:1168)
	at org.springframework.context.support.AbstractApplicationContext.finishBeanFactoryInitialization(AbstractApplicationContext.java:919)
	at org.springframework.context.support.AbstractApplicationContext.refresh(AbstractApplicationContext.java:591)
	at org.springframework.boot.SpringApplication.refresh(SpringApplication.java:732)
	at org.springframework.boot.SpringApplication.refreshContext(SpringApplication.java:409)
	at org.springframework.boot.SpringApplication.run(SpringApplication.java:308)
	at org.springframework.boot.test.context.SpringBootContextLoader.loadContext(SpringBootContextLoader.java:136)
	at org.springframework.test.context.cache.DefaultCacheAwareContextLoaderDelegate.loadContextInternal(DefaultCacheAwareContextLoaderDelegate.java:141)
	at org.springframework.test.context.cache.DefaultCacheAwareContextLoaderDelegate.loadContext(DefaultCacheAwareContextLoaderDelegate.java:90)
	... 68 common frames omitted
Caused by: org.springframework.beans.factory.BeanCreationException: Error creating bean with name 'dataSource': Invocation of init method failed; nested exception is java.lang.IllegalStateException: Failed to replace DataSource with an embedded database for tests. If you want an embedded database please put a supported one on the classpath or tune the replace attribute of @AutoConfigureTestDatabase.
	at org.springframework.beans.factory.support.AbstractAutowireCapableBeanFactory.initializeBean(AbstractAutowireCapableBeanFactory.java:1804)
	at org.springframework.beans.factory.support.AbstractAutowireCapableBeanFactory.doCreateBean(AbstractAutowireCapableBeanFactory.java:620)
	at org.springframework.beans.factory.support.AbstractAutowireCapableBeanFactory.createBean(AbstractAutowireCapableBeanFactory.java:542)
	at org.springframework.beans.factory.support.AbstractBeanFactory.lambda$doGetBean$0(AbstractBeanFactory.java:335)
	at org.springframework.beans.factory.support.DefaultSingletonBeanRegistry.getSingleton(DefaultSingletonBeanRegistry.java:234)
	at org.springframework.beans.factory.support.AbstractBeanFactory.doGetBean(AbstractBeanFactory.java:333)
	at org.springframework.beans.factory.support.AbstractBeanFactory.getBean(AbstractBeanFactory.java:208)
	at org.springframework.beans.factory.config.DependencyDescriptor.resolveCandidate(DependencyDescriptor.java:276)
	at org.springframework.beans.factory.support.DefaultListableBeanFactory.doResolveDependency(DefaultListableBeanFactory.java:1391)
	at org.springframework.beans.factory.support.DefaultListableBeanFactory.resolveDependency(DefaultListableBeanFactory.java:1311)
	at org.springframework.beans.factory.support.ConstructorResolver.resolveAutowiredArgument(ConstructorResolver.java:911)
	at org.springframework.beans.factory.support.ConstructorResolver.createArgumentArray(ConstructorResolver.java:788)
	... 88 common frames omitted
Caused by: java.lang.IllegalStateException: Failed to replace DataSource with an embedded database for tests. If you want an embedded database please put a supported one on the classpath or tune the replace attribute of @AutoConfigureTestDatabase.
	at org.springframework.util.Assert.state(Assert.java:76)
	at org.springframework.boot.test.autoconfigure.jdbc.TestDatabaseAutoConfiguration$EmbeddedDataSourceFactory.getEmbeddedDatabase(TestDatabaseAutoConfiguration.java:185)
	at org.springframework.boot.test.autoconfigure.jdbc.TestDatabaseAutoConfiguration$EmbeddedDataSourceFactoryBean.afterPropertiesSet(TestDatabaseAutoConfiguration.java:149)
	at org.springframework.beans.factory.support.AbstractAutowireCapableBeanFactory.invokeInitMethods(AbstractAutowireCapableBeanFactory.java:1863)
	at org.springframework.beans.factory.support.AbstractAutowireCapableBeanFactory.initializeBean(AbstractAutowireCapableBeanFactory.java:1800)
	... 99 common frames omitted
2026-05-11 08:28:42 [main] INFO  c.s.i.s.i.TwelveDataStockServiceImpl:47 - TwelveDataStockServiceImpl 2026-05-11 08:28:42 : Service initialized
2026-05-11 08:28:42 [main] INFO  c.s.i.s.i.TwelveDataStockServiceImpl:193 - TwelveData 候选筛选完成: candidates=2, target=1
2026-05-11 08:28:42 [main] INFO  c.s.i.s.i.ScanOrchestratorServiceImpl:142 - daily scan done tradeDate=2026-05-11, windowDays=7, candidates=0, processed=0, matched=0
2026-05-11 08:28:42 [main] INFO  c.s.i.s.i.ScanOrchestratorServiceImpl:142 - daily scan done tradeDate=2026-05-11, windowDays=7, candidates=1, processed=0, matched=0
2026-05-11 08:28:42 [main] INFO  c.s.i.s.i.YFinanceStockServiceImpl:52 - YFinanceStockServiceImpl : Service initialized
2026-05-11 08:28:42 [main] INFO  c.s.i.s.i.YFinanceStockServiceImpl:170 - 候选筛选完成: candidates=2, target=1
2026-05-11 08:28:42 [main] INFO  o.s.t.c.s.AbstractContextLoader:264 - Could not detect default resource locations for test class [com.stock.invest.controller.ScreeningQueryControllerTest]: no resource found for suffixes {-context.xml, Context.groovy}.
2026-05-11 08:28:42 [main] INFO  o.s.t.c.s.AnnotationConfigContextLoaderUtils:83 - Could not detect default configuration classes for test class [com.stock.invest.controller.ScreeningQueryControllerTest]: ScreeningQueryControllerTest does not declare any static, non-private, non-final, nested classes annotated with @Configuration.
2026-05-11 08:28:42 [main] INFO  c.s.i.c.ScreeningQueryControllerTest:55 - Starting ScreeningQueryControllerTest using Java 21.0.10 on ASUS-DESKTOP with PID 603927 (started by allon in /home/allon/application/stock-invest)
2026-05-11 08:28:42 [main] INFO  c.s.i.c.ScreeningQueryControllerTest:632 - No active profile set, falling back to 1 default profile: "twelvedata"
2026-05-11 08:28:43 [main] INFO  c.s.i.controller.StockController:40 - StockController 2026-05-11 08:28:43: Controller initialized
2026-05-11 08:28:43 [main] INFO  o.s.t.w.s.TestDispatcherServlet:525 - Initializing Servlet ''
2026-05-11 08:28:43 [main] INFO  o.s.t.w.s.TestDispatcherServlet:547 - Completed initialization in 1 ms
2026-05-11 08:28:43 [main] INFO  c.s.i.c.ScreeningQueryControllerTest:61 - Started ScreeningQueryControllerTest in 0.527 seconds (JVM running for 2.297)
2026-05-11 08:28:43 [main] INFO  c.s.i.controller.StockController:141 - StockController GOOGL: Query daily K-line data - symbol: 2026-01-01, beginDate: 2026-05-09, endDate: 50, limit: , pageToken: {}
2026-05-11 08:28:43 [main] INFO  c.s.i.controller.StockController:68 - StockController 2026-05-11 08:28:43: Getting daily K-line data for symbol: AAPL
2026-05-11 08:28:43 [main] INFO  c.s.i.c.StockScannerController:91 - StockScannerController US: Custom stock scan, market: TOP_VOLUME, category: 20, limit: null, minPrice: null, maxPrice: {}
2026-05-11 08:28:43 [main] INFO  c.s.i.controller.StockController:97 - StockController 2026-05-11 08:28:43: Getting daily K-line data object for symbol: MSFT
2026-05-11 08:28:51 [main] INFO  c.s.i.c.ScreeningQueryControllerTest:55 - Starting ScreeningQueryControllerTest using Java 21.0.10 on ASUS-DESKTOP with PID 604238 (started by allon in /home/allon/application/stock-invest)
2026-05-11 08:28:51 [main] INFO  c.s.i.c.ScreeningQueryControllerTest:632 - No active profile set, falling back to 1 default profile: "twelvedata"
2026-05-11 08:28:51 [main] INFO  c.s.i.controller.StockController:40 - StockController 2026-05-11 08:28:51: Controller initialized
2026-05-11 08:28:51 [main] INFO  o.s.t.w.s.TestDispatcherServlet:525 - Initializing Servlet ''
2026-05-11 08:28:51 [main] INFO  o.s.t.w.s.TestDispatcherServlet:547 - Completed initialization in 1 ms
2026-05-11 08:28:51 [main] INFO  c.s.i.c.ScreeningQueryControllerTest:61 - Started ScreeningQueryControllerTest in 0.895 seconds (JVM running for 1.905)
2026-05-11 08:28:51 [main] INFO  c.s.i.controller.StockController:141 - StockController GOOGL: Query daily K-line data - symbol: 2026-01-01, beginDate: 2026-05-09, endDate: 50, limit: , pageToken: {}
2026-05-11 08:28:51 [main] INFO  c.s.i.controller.StockController:68 - StockController 2026-05-11 08:28:51: Getting daily K-line data for symbol: AAPL
2026-05-11 08:28:52 [main] INFO  c.s.i.c.StockScannerController:91 - StockScannerController US: Custom stock scan, market: TOP_VOLUME, category: 20, limit: null, minPrice: null, maxPrice: {}
2026-05-11 08:28:52 [main] INFO  c.s.i.controller.StockController:97 - StockController 2026-05-11 08:28:52: Getting daily K-line data object for symbol: MSFT
2026-05-11 08:33:23 [main] INFO  c.s.i.c.ScreeningQueryControllerTest:55 - Starting ScreeningQueryControllerTest using Java 21.0.10 on ASUS-DESKTOP with PID 609452 (started by allon in /home/allon/application/stock-invest)
2026-05-11 08:33:23 [main] INFO  c.s.i.c.ScreeningQueryControllerTest:632 - No active profile set, falling back to 1 default profile: "twelvedata"
2026-05-11 08:33:23 [main] INFO  c.s.i.controller.StockController:40 - StockController 2026-05-11 08:33:23: Controller initialized
2026-05-11 08:33:23 [main] INFO  o.s.t.w.s.TestDispatcherServlet:525 - Initializing Servlet ''
2026-05-11 08:33:23 [main] INFO  o.s.t.w.s.TestDispatcherServlet:547 - Completed initialization in 0 ms
2026-05-11 08:33:23 [main] INFO  c.s.i.c.ScreeningQueryControllerTest:61 - Started ScreeningQueryControllerTest in 0.884 seconds (JVM running for 1.852)
2026-05-11 08:33:24 [main] INFO  c.s.i.controller.StockController:141 - StockController GOOGL: Query daily K-line data - symbol: 2026-01-01, beginDate: 2026-05-09, endDate: 50, limit: , pageToken: {}
2026-05-11 08:33:24 [main] INFO  c.s.i.controller.StockController:68 - StockController 2026-05-11 08:33:24: Getting daily K-line data for symbol: AAPL
2026-05-11 08:33:24 [main] INFO  c.s.i.c.StockScannerController:91 - StockScannerController US: Custom stock scan, market: TOP_VOLUME, category: 20, limit: null, minPrice: null, maxPrice: {}
2026-05-11 08:33:24 [main] INFO  c.s.i.controller.StockController:97 - StockController 2026-05-11 08:33:24: Getting daily K-line data object for symbol: MSFT
2026-05-11 21:39:13 [main] INFO  o.s.d.r.c.RepositoryConfigurationDelegate:132 - Bootstrapping Spring Data JPA repositories in DEFAULT mode.
2026-05-11 21:39:13 [main] INFO  o.s.d.r.c.RepositoryConfigurationDelegate:201 - Finished Spring Data repository scanning in 32 ms. Found 2 JPA repository interfaces.
2026-05-11 21:39:13 [main] INFO  o.a.coyote.http11.Http11NioProtocol:173 - Initializing ProtocolHandler ["http-nio-8090"]
2026-05-11 21:39:13 [main] INFO  o.a.catalina.core.StandardService:173 - Starting service [Tomcat]
2026-05-11 21:39:13 [main] INFO  o.a.catalina.core.StandardEngine:173 - Starting Servlet engine: [Apache Tomcat/9.0.83]
2026-05-11 21:39:13 [main] INFO  o.a.c.c.C.[Tomcat].[localhost].[/]:173 - Initializing Spring embedded WebApplicationContext
2026-05-11 21:39:13 [main] INFO  com.zaxxer.hikari.HikariDataSource:110 - HikariPool-1 - Starting...
2026-05-11 21:39:14 [main] INFO  com.zaxxer.hikari.HikariDataSource:123 - HikariPool-1 - Start completed.
2026-05-11 21:39:14 [main] INFO  o.h.jpa.internal.util.LogHelper:31 - HHH000204: Processing PersistenceUnitInfo [name: default]
2026-05-11 21:39:14 [main] INFO  org.hibernate.Version:44 - HHH000412: Hibernate ORM core version 5.6.15.Final
2026-05-11 21:39:14 [main] INFO  o.h.annotations.common.Version:56 - HCANN000001: Hibernate Commons Annotations {5.1.2.Final}
2026-05-11 21:39:14 [main] INFO  org.hibernate.dialect.Dialect:175 - HHH000400: Using dialect: org.hibernate.dialect.MySQL8Dialect
2026-05-11 21:39:14 [main] INFO  o.h.e.t.j.p.i.JtaPlatformInitiator:52 - HHH000490: Using JtaPlatform implementation: [org.hibernate.engine.transaction.jta.platform.internal.NoJtaPlatform]
2026-05-11 21:39:14 [main] INFO  o.s.o.j.LocalContainerEntityManagerFactoryBean:437 - Initialized JPA EntityManagerFactory for persistence unit 'default'
2026-05-11 21:39:14 [main] INFO  c.s.i.s.impl.TigerStockServiceImpl:51 - TigerStockServiceImpl: Service initialized
2026-05-11 21:39:15 [main] INFO  c.s.i.s.i.TwelveDataStockServiceImpl:47 - TwelveDataStockServiceImpl 2026-05-11 21:39:15 : Service initialized
2026-05-11 21:39:15 [main] INFO  c.s.i.s.i.YFinanceStockServiceImpl:52 - YFinanceStockServiceImpl : Service initialized
2026-05-11 21:39:15 [main] INFO  c.s.i.controller.StockController:40 - StockController 2026-05-11 21:39:15: Controller initialized
2026-05-11 21:39:15 [main] INFO  o.a.coyote.http11.Http11NioProtocol:173 - Starting ProtocolHandler ["http-nio-8090"]
2026-05-11 21:39:28 [main] INFO  o.s.d.r.c.RepositoryConfigurationDelegate:132 - Bootstrapping Spring Data JPA repositories in DEFAULT mode.
2026-05-11 21:39:28 [main] INFO  o.s.d.r.c.RepositoryConfigurationDelegate:201 - Finished Spring Data repository scanning in 27 ms. Found 2 JPA repository interfaces.
2026-05-11 21:39:28 [main] INFO  o.a.coyote.http11.Http11NioProtocol:173 - Initializing ProtocolHandler ["http-nio-8090"]
2026-05-11 21:39:28 [main] INFO  o.a.catalina.core.StandardService:173 - Starting service [Tomcat]
2026-05-11 21:39:28 [main] INFO  o.a.catalina.core.StandardEngine:173 - Starting Servlet engine: [Apache Tomcat/9.0.83]
2026-05-11 21:39:28 [main] INFO  o.a.c.c.C.[Tomcat].[localhost].[/]:173 - Initializing Spring embedded WebApplicationContext
2026-05-11 21:39:28 [main] INFO  com.zaxxer.hikari.HikariDataSource:110 - HikariPool-1 - Starting...
2026-05-11 21:39:29 [main] INFO  com.zaxxer.hikari.HikariDataSource:123 - HikariPool-1 - Start completed.
2026-05-11 21:39:29 [main] INFO  o.h.jpa.internal.util.LogHelper:31 - HHH000204: Processing PersistenceUnitInfo [name: default]
2026-05-11 21:39:29 [main] INFO  org.hibernate.Version:44 - HHH000412: Hibernate ORM core version 5.6.15.Final
2026-05-11 21:39:29 [main] INFO  o.h.annotations.common.Version:56 - HCANN000001: Hibernate Commons Annotations {5.1.2.Final}
2026-05-11 21:39:29 [main] INFO  org.hibernate.dialect.Dialect:175 - HHH000400: Using dialect: org.hibernate.dialect.MySQL8Dialect
2026-05-11 21:39:29 [main] INFO  o.h.e.t.j.p.i.JtaPlatformInitiator:52 - HHH000490: Using JtaPlatform implementation: [org.hibernate.engine.transaction.jta.platform.internal.NoJtaPlatform]
2026-05-11 21:39:29 [main] INFO  o.s.o.j.LocalContainerEntityManagerFactoryBean:437 - Initialized JPA EntityManagerFactory for persistence unit 'default'
2026-05-11 21:39:29 [main] INFO  c.s.i.s.impl.TigerStockServiceImpl:51 - TigerStockServiceImpl: Service initialized
2026-05-11 21:39:29 [main] INFO  c.s.i.s.i.TwelveDataStockServiceImpl:47 - TwelveDataStockServiceImpl 2026-05-11 21:39:29 : Service initialized
2026-05-11 21:39:29 [main] INFO  c.s.i.s.i.YFinanceStockServiceImpl:52 - YFinanceStockServiceImpl : Service initialized
2026-05-11 21:39:29 [main] INFO  c.s.i.controller.StockController:40 - StockController 2026-05-11 21:39:29: Controller initialized
2026-05-11 21:39:30 [main] INFO  o.a.coyote.http11.Http11NioProtocol:173 - Starting ProtocolHandler ["http-nio-8090"]
2026-05-11 21:39:30 [main] INFO  o.s.o.j.LocalContainerEntityManagerFactoryBean:651 - Closing JPA EntityManagerFactory for persistence unit 'default'
2026-05-11 21:39:30 [main] INFO  com.zaxxer.hikari.HikariDataSource:350 - HikariPool-1 - Shutdown initiated...
2026-05-11 21:39:30 [main] INFO  com.zaxxer.hikari.HikariDataSource:352 - HikariPool-1 - Shutdown completed.
2026-05-11 21:39:30 [main] INFO  o.a.coyote.http11.Http11NioProtocol:173 - Pausing ProtocolHandler ["http-nio-8090"]
2026-05-11 21:39:30 [main] INFO  o.a.catalina.core.StandardService:173 - Stopping service [Tomcat]
2026-05-11 21:39:30 [main] INFO  o.a.coyote.http11.Http11NioProtocol:173 - Stopping ProtocolHandler ["http-nio-8090"]
2026-05-11 21:39:30 [main] INFO  o.a.coyote.http11.Http11NioProtocol:173 - Destroying ProtocolHandler ["http-nio-8090"]
2026-05-11 21:39:47 [SpringApplicationShutdownHook] INFO  o.s.o.j.LocalContainerEntityManagerFactoryBean:651 - Closing JPA EntityManagerFactory for persistence unit 'default'
2026-05-11 21:39:47 [SpringApplicationShutdownHook] INFO  com.zaxxer.hikari.HikariDataSource:350 - HikariPool-1 - Shutdown initiated...
2026-05-11 21:39:47 [SpringApplicationShutdownHook] INFO  com.zaxxer.hikari.HikariDataSource:352 - HikariPool-1 - Shutdown completed.
2026-05-11 21:39:50 [main] INFO  o.s.d.r.c.RepositoryConfigurationDelegate:132 - Bootstrapping Spring Data JPA repositories in DEFAULT mode.
2026-05-11 21:39:50 [main] INFO  o.s.d.r.c.RepositoryConfigurationDelegate:201 - Finished Spring Data repository scanning in 40 ms. Found 2 JPA repository interfaces.
2026-05-11 21:39:51 [main] INFO  o.a.coyote.http11.Http11NioProtocol:173 - Initializing ProtocolHandler ["http-nio-8090"]
2026-05-11 21:39:51 [main] INFO  o.a.catalina.core.StandardService:173 - Starting service [Tomcat]
2026-05-11 21:39:51 [main] INFO  o.a.catalina.core.StandardEngine:173 - Starting Servlet engine: [Apache Tomcat/9.0.83]
2026-05-11 21:39:51 [main] INFO  o.a.c.c.C.[Tomcat].[localhost].[/]:173 - Initializing Spring embedded WebApplicationContext
2026-05-11 21:39:51 [main] INFO  com.zaxxer.hikari.HikariDataSource:110 - HikariPool-1 - Starting...
2026-05-11 21:39:51 [main] INFO  com.zaxxer.hikari.HikariDataSource:123 - HikariPool-1 - Start completed.
2026-05-11 21:39:51 [main] INFO  o.h.jpa.internal.util.LogHelper:31 - HHH000204: Processing PersistenceUnitInfo [name: default]
2026-05-11 21:39:51 [main] INFO  org.hibernate.Version:44 - HHH000412: Hibernate ORM core version 5.6.15.Final
2026-05-11 21:39:51 [main] INFO  o.h.annotations.common.Version:56 - HCANN000001: Hibernate Commons Annotations {5.1.2.Final}
2026-05-11 21:39:51 [main] INFO  org.hibernate.dialect.Dialect:175 - HHH000400: Using dialect: org.hibernate.dialect.MySQL8Dialect
2026-05-11 21:39:52 [main] INFO  o.h.e.t.j.p.i.JtaPlatformInitiator:52 - HHH000490: Using JtaPlatform implementation: [org.hibernate.engine.transaction.jta.platform.internal.NoJtaPlatform]
2026-05-11 21:39:52 [main] INFO  o.s.o.j.LocalContainerEntityManagerFactoryBean:437 - Initialized JPA EntityManagerFactory for persistence unit 'default'
2026-05-11 21:39:52 [main] INFO  c.s.i.s.impl.TigerStockServiceImpl:51 - TigerStockServiceImpl: Service initialized
2026-05-11 21:39:52 [main] INFO  c.s.i.s.i.TwelveDataStockServiceImpl:47 - TwelveDataStockServiceImpl 2026-05-11 21:39:52 : Service initialized
2026-05-11 21:39:52 [main] INFO  c.s.i.s.i.YFinanceStockServiceImpl:52 - YFinanceStockServiceImpl : Service initialized
2026-05-11 21:39:52 [main] INFO  c.s.i.controller.StockController:40 - StockController 2026-05-11 21:39:52: Controller initialized
2026-05-11 21:39:53 [main] INFO  o.a.coyote.http11.Http11NioProtocol:173 - Starting ProtocolHandler ["http-nio-8090"]
2026-05-11 21:39:53 [RMI TCP Connection(2)-127.0.0.1] INFO  o.a.c.c.C.[Tomcat].[localhost].[/]:173 - Initializing Spring DispatcherServlet 'dispatcherServlet'
2026-05-11 21:39:53 [RMI TCP Connection(2)-127.0.0.1] INFO  o.s.web.servlet.DispatcherServlet:525 - Initializing Servlet 'dispatcherServlet'
2026-05-11 21:39:53 [RMI TCP Connection(2)-127.0.0.1] INFO  o.s.web.servlet.DispatcherServlet:547 - Completed initialization in 1 ms
2026-05-11 21:42:38 [SpringApplicationShutdownHook] INFO  o.s.o.j.LocalContainerEntityManagerFactoryBean:651 - Closing JPA EntityManagerFactory for persistence unit 'default'
2026-05-11 21:42:38 [SpringApplicationShutdownHook] INFO  com.zaxxer.hikari.HikariDataSource:350 - HikariPool-1 - Shutdown initiated...
2026-05-11 21:42:38 [SpringApplicationShutdownHook] INFO  com.zaxxer.hikari.HikariDataSource:352 - HikariPool-1 - Shutdown completed.
2026-05-11 21:42:55 [main] INFO  c.s.i.r.ScreeningMatchRepositoryTest:55 - Starting ScreeningMatchRepositoryTest using Java 21.0.10 on ASUS-DESKTOP with PID 1337185 (started by allon in /home/allon/application/stock-invest)
2026-05-11 21:42:55 [main] INFO  c.s.i.r.ScreeningMatchRepositoryTest:638 - The following 1 profile is active: "test"
2026-05-11 21:42:55 [main] INFO  o.s.d.r.c.RepositoryConfigurationDelegate:132 - Bootstrapping Spring Data JPA repositories in DEFAULT mode.
2026-05-11 21:42:55 [main] INFO  o.s.d.r.c.RepositoryConfigurationDelegate:201 - Finished Spring Data repository scanning in 28 ms. Found 2 JPA repository interfaces.
2026-05-11 21:42:55 [main] WARN  o.s.c.a.AnnotationConfigApplicationContext:599 - Exception encountered during context initialization - cancelling refresh attempt: org.springframework.beans.factory.UnsatisfiedDependencyException: Error creating bean with name 'dataSourceScriptDatabaseInitializer' defined in class path resource [org/springframework/boot/autoconfigure/sql/init/DataSourceInitializationConfiguration.class]: Unsatisfied dependency expressed through method 'dataSourceScriptDatabaseInitializer' parameter 0; nested exception is org.springframework.beans.factory.BeanCreationException: Error creating bean with name 'dataSource': Invocation of init method failed; nested exception is java.lang.IllegalStateException: Failed to replace DataSource with an embedded database for tests. If you want an embedded database please put a supported one on the classpath or tune the replace attribute of @AutoConfigureTestDatabase.
2026-05-11 21:42:55 [main] ERROR o.s.test.context.TestContextManager:252 - Caught exception while allowing TestExecutionListener [org.springframework.boot.test.mock.mockito.MockitoTestExecutionListener@5f20155b] to prepare test instance [com.stock.invest.repository.ScreeningMatchRepositoryTest@1bbddada]
java.lang.IllegalStateException: Failed to load ApplicationContext
	at org.springframework.test.context.cache.DefaultCacheAwareContextLoaderDelegate.loadContext(DefaultCacheAwareContextLoaderDelegate.java:98)
	at org.springframework.test.context.support.DefaultTestContext.getApplicationContext(DefaultTestContext.java:124)
	at org.springframework.boot.test.mock.mockito.MockitoTestExecutionListener.postProcessFields(MockitoTestExecutionListener.java:110)
	at org.springframework.boot.test.mock.mockito.MockitoTestExecutionListener.injectFields(MockitoTestExecutionListener.java:94)
	at org.springframework.boot.test.mock.mockito.MockitoTestExecutionListener.prepareTestInstance(MockitoTestExecutionListener.java:61)
	at org.springframework.test.context.TestContextManager.prepareTestInstance(TestContextManager.java:248)
	at org.springframework.test.context.junit.jupiter.SpringExtension.postProcessTestInstance(SpringExtension.java:138)
	at org.junit.jupiter.engine.descriptor.ClassBasedTestDescriptor.lambda$invokeTestInstancePostProcessors$8(ClassBasedTestDescriptor.java:363)
	at org.junit.jupiter.engine.descriptor.ClassBasedTestDescriptor.executeAndMaskThrowable(ClassBasedTestDescriptor.java:368)
	at org.junit.jupiter.engine.descriptor.ClassBasedTestDescriptor.lambda$invokeTestInstancePostProcessors$9(ClassBasedTestDescriptor.java:363)
	at java.base/java.util.stream.ReferencePipeline$3$1.accept(ReferencePipeline.java:197)
	at java.base/java.util.stream.ReferencePipeline$2$1.accept(ReferencePipeline.java:179)
	at java.base/java.util.ArrayList$ArrayListSpliterator.forEachRemaining(ArrayList.java:1708)
	at java.base/java.util.stream.AbstractPipeline.copyInto(AbstractPipeline.java:509)
	at java.base/java.util.stream.AbstractPipeline.wrapAndCopyInto(AbstractPipeline.java:499)
	at java.base/java.util.stream.StreamSpliterators$WrappingSpliterator.forEachRemaining(StreamSpliterators.java:310)
	at java.base/java.util.stream.Streams$ConcatSpliterator.forEachRemaining(Streams.java:735)
	at java.base/java.util.stream.Streams$ConcatSpliterator.forEachRemaining(Streams.java:734)
	at java.base/java.util.stream.ReferencePipeline$Head.forEach(ReferencePipeline.java:762)
	at org.junit.jupiter.engine.descriptor.ClassBasedTestDescriptor.invokeTestInstancePostProcessors(ClassBasedTestDescriptor.java:362)
	at org.junit.jupiter.engine.descriptor.ClassBasedTestDescriptor.lambda$instantiateAndPostProcessTestInstance$6(ClassBasedTestDescriptor.java:283)
	at org.junit.platform.engine.support.hierarchical.ThrowableCollector.execute(ThrowableCollector.java:73)
	at org.junit.jupiter.engine.descriptor.ClassBasedTestDescriptor.instantiateAndPostProcessTestInstance(ClassBasedTestDescriptor.java:282)
	at org.junit.jupiter.engine.descriptor.ClassBasedTestDescriptor.lambda$testInstancesProvider$4(ClassBasedTestDescriptor.java:272)
	at java.base/java.util.Optional.orElseGet(Optional.java:364)
	at org.junit.jupiter.engine.descriptor.ClassBasedTestDescriptor.lambda$testInstancesProvider$5(ClassBasedTestDescriptor.java:271)
	at org.junit.jupiter.engine.execution.TestInstancesProvider.getTestInstances(TestInstancesProvider.java:31)
	at org.junit.jupiter.engine.descriptor.TestMethodTestDescriptor.lambda$prepare$0(TestMethodTestDescriptor.java:102)
	at org.junit.platform.engine.support.hierarchical.ThrowableCollector.execute(ThrowableCollector.java:73)
	at org.junit.jupiter.engine.descriptor.TestMethodTestDescriptor.prepare(TestMethodTestDescriptor.java:101)
	at org.junit.jupiter.engine.descriptor.TestMethodTestDescriptor.prepare(TestMethodTestDescriptor.java:66)
	at org.junit.platform.engine.support.hierarchical.NodeTestTask.lambda$prepare$2(NodeTestTask.java:123)
	at org.junit.platform.engine.support.hierarchical.ThrowableCollector.execute(ThrowableCollector.java:73)
	at org.junit.platform.engine.support.hierarchical.NodeTestTask.prepare(NodeTestTask.java:123)
	at org.junit.platform.engine.support.hierarchical.NodeTestTask.execute(NodeTestTask.java:90)
	at java.base/java.util.ArrayList.forEach(ArrayList.java:1596)
	at org.junit.platform.engine.support.hierarchical.SameThreadHierarchicalTestExecutorService.invokeAll(SameThreadHierarchicalTestExecutorService.java:41)
	at org.junit.platform.engine.support.hierarchical.NodeTestTask.lambda$executeRecursively$6(NodeTestTask.java:155)
	at org.junit.platform.engine.support.hierarchical.ThrowableCollector.execute(ThrowableCollector.java:73)
	at org.junit.platform.engine.support.hierarchical.NodeTestTask.lambda$executeRecursively$8(NodeTestTask.java:141)
	at org.junit.platform.engine.support.hierarchical.Node.around(Node.java:137)
	at org.junit.platform.engine.support.hierarchical.NodeTestTask.lambda$executeRecursively$9(NodeTestTask.java:139)
	at org.junit.platform.engine.support.hierarchical.ThrowableCollector.execute(ThrowableCollector.java:73)
	at org.junit.platform.engine.support.hierarchical.NodeTestTask.executeRecursively(NodeTestTask.java:138)
	at org.junit.platform.engine.support.hierarchical.NodeTestTask.execute(NodeTestTask.java:95)
	at java.base/java.util.ArrayList.forEach(ArrayList.java:1596)
	at org.junit.platform.engine.support.hierarchical.SameThreadHierarchicalTestExecutorService.invokeAll(SameThreadHierarchicalTestExecutorService.java:41)
	at org.junit.platform.engine.support.hierarchical.NodeTestTask.lambda$executeRecursively$6(NodeTestTask.java:155)
	at org.junit.platform.engine.support.hierarchical.ThrowableCollector.execute(ThrowableCollector.java:73)
	at org.junit.platform.engine.support.hierarchical.NodeTestTask.lambda$executeRecursively$8(NodeTestTask.java:141)
	at org.junit.platform.engine.support.hierarchical.Node.around(Node.java:137)
	at org.junit.platform.engine.support.hierarchical.NodeTestTask.lambda$executeRecursively$9(NodeTestTask.java:139)
	at org.junit.platform.engine.support.hierarchical.ThrowableCollector.execute(ThrowableCollector.java:73)
	at org.junit.platform.engine.support.hierarchical.NodeTestTask.executeRecursively(NodeTestTask.java:138)
	at org.junit.platform.engine.support.hierarchical.NodeTestTask.execute(NodeTestTask.java:95)
	at org.junit.platform.engine.support.hierarchical.SameThreadHierarchicalTestExecutorService.submit(SameThreadHierarchicalTestExecutorService.java:35)
	at org.junit.platform.engine.support.hierarchical.HierarchicalTestExecutor.execute(HierarchicalTestExecutor.java:57)
	at org.junit.platform.engine.support.hierarchical.HierarchicalTestEngine.execute(HierarchicalTestEngine.java:54)
	at org.junit.platform.launcher.core.DefaultLauncher.execute(DefaultLauncher.java:220)
	at org.junit.platform.launcher.core.DefaultLauncher.lambda$execute$6(DefaultLauncher.java:188)
	at org.junit.platform.launcher.core.DefaultLauncher.withInterceptedStreams(DefaultLauncher.java:202)
	at org.junit.platform.launcher.core.DefaultLauncher.execute(DefaultLauncher.java:181)
	at org.junit.platform.launcher.core.DefaultLauncher.execute(DefaultLauncher.java:128)
	at org.apache.maven.surefire.junitplatform.JUnitPlatformProvider.invokeAllTests(JUnitPlatformProvider.java:150)
	at org.apache.maven.surefire.junitplatform.JUnitPlatformProvider.invoke(JUnitPlatformProvider.java:124)
	at org.apache.maven.surefire.booter.ForkedBooter.invokeProviderInSameClassLoader(ForkedBooter.java:384)
	at org.apache.maven.surefire.booter.ForkedBooter.runSuitesInProcess(ForkedBooter.java:345)
	at org.apache.maven.surefire.booter.ForkedBooter.execute(ForkedBooter.java:126)
	at org.apache.maven.surefire.booter.ForkedBooter.main(ForkedBooter.java:418)
Caused by: org.springframework.beans.factory.UnsatisfiedDependencyException: Error creating bean with name 'dataSourceScriptDatabaseInitializer' defined in class path resource [org/springframework/boot/autoconfigure/sql/init/DataSourceInitializationConfiguration.class]: Unsatisfied dependency expressed through method 'dataSourceScriptDatabaseInitializer' parameter 0; nested exception is org.springframework.beans.factory.BeanCreationException: Error creating bean with name 'dataSource': Invocation of init method failed; nested exception is java.lang.IllegalStateException: Failed to replace DataSource with an embedded database for tests. If you want an embedded database please put a supported one on the classpath or tune the replace attribute of @AutoConfigureTestDatabase.
	at org.springframework.beans.factory.support.ConstructorResolver.createArgumentArray(ConstructorResolver.java:801)
	at org.springframework.beans.factory.support.ConstructorResolver.instantiateUsingFactoryMethod(ConstructorResolver.java:536)
	at org.springframework.beans.factory.support.AbstractAutowireCapableBeanFactory.instantiateUsingFactoryMethod(AbstractAutowireCapableBeanFactory.java:1352)
	at org.springframework.beans.factory.support.AbstractAutowireCapableBeanFactory.createBeanInstance(AbstractAutowireCapableBeanFactory.java:1195)
	at org.springframework.beans.factory.support.AbstractAutowireCapableBeanFactory.doCreateBean(AbstractAutowireCapableBeanFactory.java:582)
	at org.springframework.beans.factory.support.AbstractAutowireCapableBeanFactory.createBean(AbstractAutowireCapableBeanFactory.java:542)
	at org.springframework.beans.factory.support.AbstractBeanFactory.lambda$doGetBean$0(AbstractBeanFactory.java:335)
	at org.springframework.beans.factory.support.DefaultSingletonBeanRegistry.getSingleton(DefaultSingletonBeanRegistry.java:234)
	at org.springframework.beans.factory.support.AbstractBeanFactory.doGetBean(AbstractBeanFactory.java:333)
	at org.springframework.beans.factory.support.AbstractBeanFactory.getBean(AbstractBeanFactory.java:208)
	at org.springframework.beans.factory.support.AbstractBeanFactory.doGetBean(AbstractBeanFactory.java:322)
	at org.springframework.beans.factory.support.AbstractBeanFactory.getBean(AbstractBeanFactory.java:208)
	at org.springframework.context.support.AbstractApplicationContext.getBean(AbstractApplicationContext.java:1168)
	at org.springframework.context.support.AbstractApplicationContext.finishBeanFactoryInitialization(AbstractApplicationContext.java:919)
	at org.springframework.context.support.AbstractApplicationContext.refresh(AbstractApplicationContext.java:591)
	at org.springframework.boot.SpringApplication.refresh(SpringApplication.java:732)
	at org.springframework.boot.SpringApplication.refreshContext(SpringApplication.java:409)
	at org.springframework.boot.SpringApplication.run(SpringApplication.java:308)
	at org.springframework.boot.test.context.SpringBootContextLoader.loadContext(SpringBootContextLoader.java:136)
	at org.springframework.test.context.cache.DefaultCacheAwareContextLoaderDelegate.loadContextInternal(DefaultCacheAwareContextLoaderDelegate.java:141)
	at org.springframework.test.context.cache.DefaultCacheAwareContextLoaderDelegate.loadContext(DefaultCacheAwareContextLoaderDelegate.java:90)
	... 68 common frames omitted
Caused by: org.springframework.beans.factory.BeanCreationException: Error creating bean with name 'dataSource': Invocation of init method failed; nested exception is java.lang.IllegalStateException: Failed to replace DataSource with an embedded database for tests. If you want an embedded database please put a supported one on the classpath or tune the replace attribute of @AutoConfigureTestDatabase.
	at org.springframework.beans.factory.support.AbstractAutowireCapableBeanFactory.initializeBean(AbstractAutowireCapableBeanFactory.java:1804)
	at org.springframework.beans.factory.support.AbstractAutowireCapableBeanFactory.doCreateBean(AbstractAutowireCapableBeanFactory.java:620)
	at org.springframework.beans.factory.support.AbstractAutowireCapableBeanFactory.createBean(AbstractAutowireCapableBeanFactory.java:542)
	at org.springframework.beans.factory.support.AbstractBeanFactory.lambda$doGetBean$0(AbstractBeanFactory.java:335)
	at org.springframework.beans.factory.support.DefaultSingletonBeanRegistry.getSingleton(DefaultSingletonBeanRegistry.java:234)
	at org.springframework.beans.factory.support.AbstractBeanFactory.doGetBean(AbstractBeanFactory.java:333)
	at org.springframework.beans.factory.support.AbstractBeanFactory.getBean(AbstractBeanFactory.java:208)
	at org.springframework.beans.factory.config.DependencyDescriptor.resolveCandidate(DependencyDescriptor.java:276)
	at org.springframework.beans.factory.support.DefaultListableBeanFactory.doResolveDependency(DefaultListableBeanFactory.java:1391)
	at org.springframework.beans.factory.support.DefaultListableBeanFactory.resolveDependency(DefaultListableBeanFactory.java:1311)
	at org.springframework.beans.factory.support.ConstructorResolver.resolveAutowiredArgument(ConstructorResolver.java:911)
	at org.springframework.beans.factory.support.ConstructorResolver.createArgumentArray(ConstructorResolver.java:788)
	... 88 common frames omitted
Caused by: java.lang.IllegalStateException: Failed to replace DataSource with an embedded database for tests. If you want an embedded database please put a supported one on the classpath or tune the replace attribute of @AutoConfigureTestDatabase.
	at org.springframework.util.Assert.state(Assert.java:76)
	at org.springframework.boot.test.autoconfigure.jdbc.TestDatabaseAutoConfiguration$EmbeddedDataSourceFactory.getEmbeddedDatabase(TestDatabaseAutoConfiguration.java:185)
	at org.springframework.boot.test.autoconfigure.jdbc.TestDatabaseAutoConfiguration$EmbeddedDataSourceFactoryBean.afterPropertiesSet(TestDatabaseAutoConfiguration.java:149)
	at org.springframework.beans.factory.support.AbstractAutowireCapableBeanFactory.invokeInitMethods(AbstractAutowireCapableBeanFactory.java:1863)
	at org.springframework.beans.factory.support.AbstractAutowireCapableBeanFactory.initializeBean(AbstractAutowireCapableBeanFactory.java:1800)
	... 99 common frames omitted
2026-05-11 21:42:55 [main] INFO  o.s.t.c.s.AbstractContextLoader:264 - Could not detect default resource locations for test class [com.stock.invest.repository.StockDailyBarRepositoryTest]: no resource found for suffixes {-context.xml, Context.groovy}.
2026-05-11 21:42:55 [main] INFO  o.s.t.c.s.AnnotationConfigContextLoaderUtils:83 - Could not detect default configuration classes for test class [com.stock.invest.repository.StockDailyBarRepositoryTest]: StockDailyBarRepositoryTest does not declare any static, non-private, non-final, nested classes annotated with @Configuration.
2026-05-11 21:42:55 [main] INFO  c.s.i.r.StockDailyBarRepositoryTest:55 - Starting StockDailyBarRepositoryTest using Java 21.0.10 on ASUS-DESKTOP with PID 1337185 (started by allon in /home/allon/application/stock-invest)
2026-05-11 21:42:55 [main] INFO  c.s.i.r.StockDailyBarRepositoryTest:638 - The following 1 profile is active: "test"
2026-05-11 21:42:55 [main] INFO  o.s.d.r.c.RepositoryConfigurationDelegate:132 - Bootstrapping Spring Data JPA repositories in DEFAULT mode.
2026-05-11 21:42:55 [main] INFO  o.s.d.r.c.RepositoryConfigurationDelegate:201 - Finished Spring Data repository scanning in 6 ms. Found 2 JPA repository interfaces.
2026-05-11 21:42:55 [main] WARN  o.s.c.a.AnnotationConfigApplicationContext:599 - Exception encountered during context initialization - cancelling refresh attempt: org.springframework.beans.factory.UnsatisfiedDependencyException: Error creating bean with name 'dataSourceScriptDatabaseInitializer' defined in class path resource [org/springframework/boot/autoconfigure/sql/init/DataSourceInitializationConfiguration.class]: Unsatisfied dependency expressed through method 'dataSourceScriptDatabaseInitializer' parameter 0; nested exception is org.springframework.beans.factory.BeanCreationException: Error creating bean with name 'dataSource': Invocation of init method failed; nested exception is java.lang.IllegalStateException: Failed to replace DataSource with an embedded database for tests. If you want an embedded database please put a supported one on the classpath or tune the replace attribute of @AutoConfigureTestDatabase.
2026-05-11 21:42:55 [main] ERROR o.s.test.context.TestContextManager:252 - Caught exception while allowing TestExecutionListener [org.springframework.boot.test.mock.mockito.MockitoTestExecutionListener@31723307] to prepare test instance [com.stock.invest.repository.StockDailyBarRepositoryTest@22a260ff]
java.lang.IllegalStateException: Failed to load ApplicationContext
	at org.springframework.test.context.cache.DefaultCacheAwareContextLoaderDelegate.loadContext(DefaultCacheAwareContextLoaderDelegate.java:98)
	at org.springframework.test.context.support.DefaultTestContext.getApplicationContext(DefaultTestContext.java:124)
	at org.springframework.boot.test.mock.mockito.MockitoTestExecutionListener.postProcessFields(MockitoTestExecutionListener.java:110)
	at org.springframework.boot.test.mock.mockito.MockitoTestExecutionListener.injectFields(MockitoTestExecutionListener.java:94)
	at org.springframework.boot.test.mock.mockito.MockitoTestExecutionListener.prepareTestInstance(MockitoTestExecutionListener.java:61)
	at org.springframework.test.context.TestContextManager.prepareTestInstance(TestContextManager.java:248)
	at org.springframework.test.context.junit.jupiter.SpringExtension.postProcessTestInstance(SpringExtension.java:138)
	at org.junit.jupiter.engine.descriptor.ClassBasedTestDescriptor.lambda$invokeTestInstancePostProcessors$8(ClassBasedTestDescriptor.java:363)
	at org.junit.jupiter.engine.descriptor.ClassBasedTestDescriptor.executeAndMaskThrowable(ClassBasedTestDescriptor.java:368)
	at org.junit.jupiter.engine.descriptor.ClassBasedTestDescriptor.lambda$invokeTestInstancePostProcessors$9(ClassBasedTestDescriptor.java:363)
	at java.base/java.util.stream.ReferencePipeline$3$1.accept(ReferencePipeline.java:197)
	at java.base/java.util.stream.ReferencePipeline$2$1.accept(ReferencePipeline.java:179)
	at java.base/java.util.ArrayList$ArrayListSpliterator.forEachRemaining(ArrayList.java:1708)
	at java.base/java.util.stream.AbstractPipeline.copyInto(AbstractPipeline.java:509)
	at java.base/java.util.stream.AbstractPipeline.wrapAndCopyInto(AbstractPipeline.java:499)
	at java.base/java.util.stream.StreamSpliterators$WrappingSpliterator.forEachRemaining(StreamSpliterators.java:310)
	at java.base/java.util.stream.Streams$ConcatSpliterator.forEachRemaining(Streams.java:735)
	at java.base/java.util.stream.Streams$ConcatSpliterator.forEachRemaining(Streams.java:734)
	at java.base/java.util.stream.ReferencePipeline$Head.forEach(ReferencePipeline.java:762)
	at org.junit.jupiter.engine.descriptor.ClassBasedTestDescriptor.invokeTestInstancePostProcessors(ClassBasedTestDescriptor.java:362)
	at org.junit.jupiter.engine.descriptor.ClassBasedTestDescriptor.lambda$instantiateAndPostProcessTestInstance$6(ClassBasedTestDescriptor.java:283)
	at org.junit.platform.engine.support.hierarchical.ThrowableCollector.execute(ThrowableCollector.java:73)
	at org.junit.jupiter.engine.descriptor.ClassBasedTestDescriptor.instantiateAndPostProcessTestInstance(ClassBasedTestDescriptor.java:282)
	at org.junit.jupiter.engine.descriptor.ClassBasedTestDescriptor.lambda$testInstancesProvider$4(ClassBasedTestDescriptor.java:272)
	at java.base/java.util.Optional.orElseGet(Optional.java:364)
	at org.junit.jupiter.engine.descriptor.ClassBasedTestDescriptor.lambda$testInstancesProvider$5(ClassBasedTestDescriptor.java:271)
	at org.junit.jupiter.engine.execution.TestInstancesProvider.getTestInstances(TestInstancesProvider.java:31)
	at org.junit.jupiter.engine.descriptor.TestMethodTestDescriptor.lambda$prepare$0(TestMethodTestDescriptor.java:102)
	at org.junit.platform.engine.support.hierarchical.ThrowableCollector.execute(ThrowableCollector.java:73)
	at org.junit.jupiter.engine.descriptor.TestMethodTestDescriptor.prepare(TestMethodTestDescriptor.java:101)
	at org.junit.jupiter.engine.descriptor.TestMethodTestDescriptor.prepare(TestMethodTestDescriptor.java:66)
	at org.junit.platform.engine.support.hierarchical.NodeTestTask.lambda$prepare$2(NodeTestTask.java:123)
	at org.junit.platform.engine.support.hierarchical.ThrowableCollector.execute(ThrowableCollector.java:73)
	at org.junit.platform.engine.support.hierarchical.NodeTestTask.prepare(NodeTestTask.java:123)
	at org.junit.platform.engine.support.hierarchical.NodeTestTask.execute(NodeTestTask.java:90)
	at java.base/java.util.ArrayList.forEach(ArrayList.java:1596)
	at org.junit.platform.engine.support.hierarchical.SameThreadHierarchicalTestExecutorService.invokeAll(SameThreadHierarchicalTestExecutorService.java:41)
	at org.junit.platform.engine.support.hierarchical.NodeTestTask.lambda$executeRecursively$6(NodeTestTask.java:155)
	at org.junit.platform.engine.support.hierarchical.ThrowableCollector.execute(ThrowableCollector.java:73)
	at org.junit.platform.engine.support.hierarchical.NodeTestTask.lambda$executeRecursively$8(NodeTestTask.java:141)
	at org.junit.platform.engine.support.hierarchical.Node.around(Node.java:137)
	at org.junit.platform.engine.support.hierarchical.NodeTestTask.lambda$executeRecursively$9(NodeTestTask.java:139)
	at org.junit.platform.engine.support.hierarchical.ThrowableCollector.execute(ThrowableCollector.java:73)
	at org.junit.platform.engine.support.hierarchical.NodeTestTask.executeRecursively(NodeTestTask.java:138)
	at org.junit.platform.engine.support.hierarchical.NodeTestTask.execute(NodeTestTask.java:95)
	at java.base/java.util.ArrayList.forEach(ArrayList.java:1596)
	at org.junit.platform.engine.support.hierarchical.SameThreadHierarchicalTestExecutorService.invokeAll(SameThreadHierarchicalTestExecutorService.java:41)
	at org.junit.platform.engine.support.hierarchical.NodeTestTask.lambda$executeRecursively$6(NodeTestTask.java:155)
	at org.junit.platform.engine.support.hierarchical.ThrowableCollector.execute(ThrowableCollector.java:73)
	at org.junit.platform.engine.support.hierarchical.NodeTestTask.lambda$executeRecursively$8(NodeTestTask.java:141)
	at org.junit.platform.engine.support.hierarchical.Node.around(Node.java:137)
	at org.junit.platform.engine.support.hierarchical.NodeTestTask.lambda$executeRecursively$9(NodeTestTask.java:139)
	at org.junit.platform.engine.support.hierarchical.ThrowableCollector.execute(ThrowableCollector.java:73)
	at org.junit.platform.engine.support.hierarchical.NodeTestTask.executeRecursively(NodeTestTask.java:138)
	at org.junit.platform.engine.support.hierarchical.NodeTestTask.execute(NodeTestTask.java:95)
	at org.junit.platform.engine.support.hierarchical.SameThreadHierarchicalTestExecutorService.submit(SameThreadHierarchicalTestExecutorService.java:35)
	at org.junit.platform.engine.support.hierarchical.HierarchicalTestExecutor.execute(HierarchicalTestExecutor.java:57)
	at org.junit.platform.engine.support.hierarchical.HierarchicalTestEngine.execute(HierarchicalTestEngine.java:54)
	at org.junit.platform.launcher.core.DefaultLauncher.execute(DefaultLauncher.java:220)
	at org.junit.platform.launcher.core.DefaultLauncher.lambda$execute$6(DefaultLauncher.java:188)
	at org.junit.platform.launcher.core.DefaultLauncher.withInterceptedStreams(DefaultLauncher.java:202)
	at org.junit.platform.launcher.core.DefaultLauncher.execute(DefaultLauncher.java:181)
	at org.junit.platform.launcher.core.DefaultLauncher.execute(DefaultLauncher.java:128)
	at org.apache.maven.surefire.junitplatform.JUnitPlatformProvider.invokeAllTests(JUnitPlatformProvider.java:150)
	at org.apache.maven.surefire.junitplatform.JUnitPlatformProvider.invoke(JUnitPlatformProvider.java:124)
	at org.apache.maven.surefire.booter.ForkedBooter.invokeProviderInSameClassLoader(ForkedBooter.java:384)
	at org.apache.maven.surefire.booter.ForkedBooter.runSuitesInProcess(ForkedBooter.java:345)
	at org.apache.maven.surefire.booter.ForkedBooter.execute(ForkedBooter.java:126)
	at org.apache.maven.surefire.booter.ForkedBooter.main(ForkedBooter.java:418)
Caused by: org.springframework.beans.factory.UnsatisfiedDependencyException: Error creating bean with name 'dataSourceScriptDatabaseInitializer' defined in class path resource [org/springframework/boot/autoconfigure/sql/init/DataSourceInitializationConfiguration.class]: Unsatisfied dependency expressed through method 'dataSourceScriptDatabaseInitializer' parameter 0; nested exception is org.springframework.beans.factory.BeanCreationException: Error creating bean with name 'dataSource': Invocation of init method failed; nested exception is java.lang.IllegalStateException: Failed to replace DataSource with an embedded database for tests. If you want an embedded database please put a supported one on the classpath or tune the replace attribute of @AutoConfigureTestDatabase.
	at org.springframework.beans.factory.support.ConstructorResolver.createArgumentArray(ConstructorResolver.java:801)
	at org.springframework.beans.factory.support.ConstructorResolver.instantiateUsingFactoryMethod(ConstructorResolver.java:536)
	at org.springframework.beans.factory.support.AbstractAutowireCapableBeanFactory.instantiateUsingFactoryMethod(AbstractAutowireCapableBeanFactory.java:1352)
	at org.springframework.beans.factory.support.AbstractAutowireCapableBeanFactory.createBeanInstance(AbstractAutowireCapableBeanFactory.java:1195)
	at org.springframework.beans.factory.support.AbstractAutowireCapableBeanFactory.doCreateBean(AbstractAutowireCapableBeanFactory.java:582)
	at org.springframework.beans.factory.support.AbstractAutowireCapableBeanFactory.createBean(AbstractAutowireCapableBeanFactory.java:542)
	at org.springframework.beans.factory.support.AbstractBeanFactory.lambda$doGetBean$0(AbstractBeanFactory.java:335)
	at org.springframework.beans.factory.support.DefaultSingletonBeanRegistry.getSingleton(DefaultSingletonBeanRegistry.java:234)
	at org.springframework.beans.factory.support.AbstractBeanFactory.doGetBean(AbstractBeanFactory.java:333)
	at org.springframework.beans.factory.support.AbstractBeanFactory.getBean(AbstractBeanFactory.java:208)
	at org.springframework.beans.factory.support.AbstractBeanFactory.doGetBean(AbstractBeanFactory.java:322)
	at org.springframework.beans.factory.support.AbstractBeanFactory.getBean(AbstractBeanFactory.java:208)
	at org.springframework.context.support.AbstractApplicationContext.getBean(AbstractApplicationContext.java:1168)
	at org.springframework.context.support.AbstractApplicationContext.finishBeanFactoryInitialization(AbstractApplicationContext.java:919)
	at org.springframework.context.support.AbstractApplicationContext.refresh(AbstractApplicationContext.java:591)
	at org.springframework.boot.SpringApplication.refresh(SpringApplication.java:732)
	at org.springframework.boot.SpringApplication.refreshContext(SpringApplication.java:409)
	at org.springframework.boot.SpringApplication.run(SpringApplication.java:308)
	at org.springframework.boot.test.context.SpringBootContextLoader.loadContext(SpringBootContextLoader.java:136)
	at org.springframework.test.context.cache.DefaultCacheAwareContextLoaderDelegate.loadContextInternal(DefaultCacheAwareContextLoaderDelegate.java:141)
	at org.springframework.test.context.cache.DefaultCacheAwareContextLoaderDelegate.loadContext(DefaultCacheAwareContextLoaderDelegate.java:90)
	... 68 common frames omitted
Caused by: org.springframework.beans.factory.BeanCreationException: Error creating bean with name 'dataSource': Invocation of init method failed; nested exception is java.lang.IllegalStateException: Failed to replace DataSource with an embedded database for tests. If you want an embedded database please put a supported one on the classpath or tune the replace attribute of @AutoConfigureTestDatabase.
	at org.springframework.beans.factory.support.AbstractAutowireCapableBeanFactory.initializeBean(AbstractAutowireCapableBeanFactory.java:1804)
	at org.springframework.beans.factory.support.AbstractAutowireCapableBeanFactory.doCreateBean(AbstractAutowireCapableBeanFactory.java:620)
	at org.springframework.beans.factory.support.AbstractAutowireCapableBeanFactory.createBean(AbstractAutowireCapableBeanFactory.java:542)
	at org.springframework.beans.factory.support.AbstractBeanFactory.lambda$doGetBean$0(AbstractBeanFactory.java:335)
	at org.springframework.beans.factory.support.DefaultSingletonBeanRegistry.getSingleton(DefaultSingletonBeanRegistry.java:234)
	at org.springframework.beans.factory.support.AbstractBeanFactory.doGetBean(AbstractBeanFactory.java:333)
	at org.springframework.beans.factory.support.AbstractBeanFactory.getBean(AbstractBeanFactory.java:208)
	at org.springframework.beans.factory.config.DependencyDescriptor.resolveCandidate(DependencyDescriptor.java:276)
	at org.springframework.beans.factory.support.DefaultListableBeanFactory.doResolveDependency(DefaultListableBeanFactory.java:1391)
	at org.springframework.beans.factory.support.DefaultListableBeanFactory.resolveDependency(DefaultListableBeanFactory.java:1311)
	at org.springframework.beans.factory.support.ConstructorResolver.resolveAutowiredArgument(ConstructorResolver.java:911)
	at org.springframework.beans.factory.support.ConstructorResolver.createArgumentArray(ConstructorResolver.java:788)
	... 88 common frames omitted
Caused by: java.lang.IllegalStateException: Failed to replace DataSource with an embedded database for tests. If you want an embedded database please put a supported one on the classpath or tune the replace attribute of @AutoConfigureTestDatabase.
	at org.springframework.util.Assert.state(Assert.java:76)
	at org.springframework.boot.test.autoconfigure.jdbc.TestDatabaseAutoConfiguration$EmbeddedDataSourceFactory.getEmbeddedDatabase(TestDatabaseAutoConfiguration.java:185)
	at org.springframework.boot.test.autoconfigure.jdbc.TestDatabaseAutoConfiguration$EmbeddedDataSourceFactoryBean.afterPropertiesSet(TestDatabaseAutoConfiguration.java:149)
	at org.springframework.beans.factory.support.AbstractAutowireCapableBeanFactory.invokeInitMethods(AbstractAutowireCapableBeanFactory.java:1863)
	at org.springframework.beans.factory.support.AbstractAutowireCapableBeanFactory.initializeBean(AbstractAutowireCapableBeanFactory.java:1800)
	... 99 common frames omitted
2026-05-11 21:42:55 [main] INFO  c.s.i.s.i.TwelveDataStockServiceImpl:47 - TwelveDataStockServiceImpl 2026-05-11 21:42:55 : Service initialized
2026-05-11 21:42:55 [main] INFO  c.s.i.s.i.TwelveDataStockServiceImpl:193 - TwelveData 候选筛选完成: candidates=2, target=1
2026-05-11 21:42:56 [main] INFO  c.s.i.s.i.ScanOrchestratorServiceImpl:142 - daily scan done tradeDate=2026-05-11, windowDays=7, candidates=0, processed=0, matched=0
2026-05-11 21:42:56 [main] INFO  c.s.i.s.i.ScanOrchestratorServiceImpl:142 - daily scan done tradeDate=2026-05-11, windowDays=7, candidates=1, processed=0, matched=0
2026-05-11 21:42:56 [main] INFO  c.s.i.s.i.YFinanceStockServiceImpl:52 - YFinanceStockServiceImpl : Service initialized
2026-05-11 21:42:56 [main] INFO  c.s.i.s.i.YFinanceStockServiceImpl:170 - 候选筛选完成: candidates=2, target=1
2026-05-11 21:42:56 [main] INFO  o.s.t.c.s.AbstractContextLoader:264 - Could not detect default resource locations for test class [com.stock.invest.controller.ScreeningQueryControllerTest]: no resource found for suffixes {-context.xml, Context.groovy}.
2026-05-11 21:42:56 [main] INFO  o.s.t.c.s.AnnotationConfigContextLoaderUtils:83 - Could not detect default configuration classes for test class [com.stock.invest.controller.ScreeningQueryControllerTest]: ScreeningQueryControllerTest does not declare any static, non-private, non-final, nested classes annotated with @Configuration.
2026-05-11 21:42:56 [main] INFO  c.s.i.c.ScreeningQueryControllerTest:55 - Starting ScreeningQueryControllerTest using Java 21.0.10 on ASUS-DESKTOP with PID 1337185 (started by allon in /home/allon/application/stock-invest)
2026-05-11 21:42:56 [main] INFO  c.s.i.c.ScreeningQueryControllerTest:632 - No active profile set, falling back to 1 default profile: "twelvedata"
2026-05-11 21:42:56 [main] INFO  c.s.i.controller.StockController:40 - StockController 2026-05-11 21:42:56: Controller initialized
2026-05-11 21:42:56 [main] INFO  o.s.t.w.s.TestDispatcherServlet:525 - Initializing Servlet ''
2026-05-11 21:42:56 [main] INFO  o.s.t.w.s.TestDispatcherServlet:547 - Completed initialization in 1 ms
2026-05-11 21:42:56 [main] INFO  c.s.i.c.ScreeningQueryControllerTest:61 - Started ScreeningQueryControllerTest in 0.585 seconds (JVM running for 2.401)
2026-05-11 21:42:56 [main] INFO  c.s.i.controller.StockController:141 - StockController GOOGL: Query daily K-line data - symbol: 2026-01-01, beginDate: 2026-05-09, endDate: 50, limit: , pageToken: {}
2026-05-11 21:42:56 [main] INFO  c.s.i.controller.StockController:68 - StockController 2026-05-11 21:42:56: Getting daily K-line data for symbol: AAPL
2026-05-11 21:42:56 [main] INFO  c.s.i.c.StockScannerController:91 - StockScannerController US: Custom stock scan, market: TOP_VOLUME, category: 20, limit: null, minPrice: null, maxPrice: {}
2026-05-11 21:42:56 [main] INFO  c.s.i.controller.StockController:97 - StockController 2026-05-11 21:42:56: Getting daily K-line data object for symbol: MSFT
