2026-04-27 16:20:36 [scheduling-1] INFO  c.s.i.s.i.ScanOrchestratorServiceImpl:153 - snapshot-import scan done tradeDate=2026-04-27, candidates=0, processed=0, matched=0
2026-04-27 16:20:36 [scheduling-1] INFO  c.s.i.s.impl.DailyScanScheduler:34 - scheduled scan done: mode=snapshot, batchId=51698ab0-9ddc-44a2-bd9d-693c46916ae5, tradeDate=2026-04-27, matched=0
2026-04-27 21:07:26 [SpringContextShutdownHook] INFO  o.s.s.c.ThreadPoolTaskScheduler:218 - Shutting down ExecutorService 'taskScheduler'
2026-04-27 21:07:26 [SpringContextShutdownHook] INFO  o.s.s.c.ThreadPoolTaskExecutor:218 - Shutting down ExecutorService 'applicationTaskExecutor'
2026-04-27 21:07:26 [SpringContextShutdownHook] INFO  o.s.o.j.LocalContainerEntityManagerFactoryBean:601 - Closing JPA EntityManagerFactory for persistence unit 'default'
2026-04-27 21:07:26 [SpringContextShutdownHook] INFO  com.zaxxer.hikari.HikariDataSource:350 - HikariPool-1 - Shutdown initiated...
2026-04-27 21:07:26 [SpringContextShutdownHook] INFO  com.zaxxer.hikari.HikariDataSource:352 - HikariPool-1 - Shutdown completed.
2026-04-27 21:07:30 [main] INFO  o.s.d.r.c.RepositoryConfigurationDelegate:127 - Bootstrapping Spring Data JPA repositories in DEFAULT mode.
2026-04-27 21:07:30 [main] INFO  o.s.d.r.c.RepositoryConfigurationDelegate:187 - Finished Spring Data repository scanning in 27ms. Found 2 JPA repository interfaces.
2026-04-27 21:07:31 [main] INFO  o.a.coyote.http11.Http11NioProtocol:173 - Initializing ProtocolHandler ["http-nio-8090"]
2026-04-27 21:07:31 [main] INFO  o.a.catalina.core.StandardService:173 - Starting service [Tomcat]
2026-04-27 21:07:31 [main] INFO  o.a.catalina.core.StandardEngine:173 - Starting Servlet engine: [Apache Tomcat/9.0.46]
2026-04-27 21:07:31 [main] INFO  o.a.c.c.C.[Tomcat].[localhost].[/]:173 - Initializing Spring embedded WebApplicationContext
2026-04-27 21:07:31 [main] INFO  o.h.jpa.internal.util.LogHelper:31 - HHH000204: Processing PersistenceUnitInfo [name: default]
2026-04-27 21:07:31 [main] INFO  org.hibernate.Version:44 - HHH000412: Hibernate ORM core version 5.4.32.Final
2026-04-27 21:07:31 [main] INFO  o.h.annotations.common.Version:56 - HCANN000001: Hibernate Commons Annotations {5.1.2.Final}
2026-04-27 21:07:31 [main] INFO  com.zaxxer.hikari.HikariDataSource:110 - HikariPool-1 - Starting...
2026-04-27 21:07:31 [main] INFO  com.zaxxer.hikari.HikariDataSource:123 - HikariPool-1 - Start completed.
2026-04-27 21:07:31 [main] INFO  org.hibernate.dialect.Dialect:175 - HHH000400: Using dialect: org.hibernate.dialect.MySQL8Dialect
2026-04-27 21:07:31 [main] INFO  o.h.e.t.j.p.i.JtaPlatformInitiator:52 - HHH000490: Using JtaPlatform implementation: [org.hibernate.engine.transaction.jta.platform.internal.NoJtaPlatform]
2026-04-27 21:07:31 [main] INFO  o.s.o.j.LocalContainerEntityManagerFactoryBean:419 - Initialized JPA EntityManagerFactory for persistence unit 'default'
2026-04-27 21:07:31 [main] INFO  c.s.i.s.impl.TigerStockServiceImpl:78 - TigerStockServiceImpl 2026-04-27 21:07:31: Service initialized
2026-04-27 21:07:31 [main] INFO  c.s.i.s.i.YFinanceStockServiceImpl:55 - YFinanceStockServiceImpl 2026-04-27 21:07:31: Service initialized
2026-04-27 21:07:31 [main] INFO  c.s.i.s.i.TwelveDataStockServiceImpl:52 - TwelveDataStockServiceImpl 2026-04-27 21:07:31: Service initialized
2026-04-27 21:07:31 [main] DEBUG c.stock.invest.util.PythonInstaller:202 - 设置Python脚本环境
2026-04-27 21:07:31 [main] INFO  c.stock.invest.util.PythonInstaller:235 - Python 诊断: 使用项目 .venv = true (期望 venv 解释器: /home/allon/application/stock-invest/.venv/bin/python)
2026-04-27 21:07:31 [main] INFO  c.stock.invest.util.PythonInstaller:236 - Python 诊断: 实际解析到的解释器 = /home/allon/application/stock-invest/.venv/bin/python
2026-04-27 21:07:31 [main] INFO  c.stock.invest.util.PythonInstaller:237 - Python 版本信息:
executable=/home/allon/application/stock-invest/.venv/bin/python
Python 3.12.13
sys.executable=/home/allon/application/stock-invest/.venv/bin/python
sys.version=3.12.13 (main, Apr 14 2026, 14:29:00) [Clang 22.1.3 ]
2026-04-27 21:07:31 [main] DEBUG c.stock.invest.util.PythonInstaller:70 - 生成Python测试脚本
2026-04-27 21:07:31 [main] DEBUG c.stock.invest.util.PythonInstaller:122 - 测试脚本已生成: src/main/resources/python/test_script.py
2026-04-27 21:07:31 [main] DEBUG c.stock.invest.util.PythonInstaller:132 - 生成股票信息脚本
2026-04-27 21:07:31 [main] DEBUG c.stock.invest.util.PythonInstaller:192 - 股票信息脚本已生成: src/main/resources/python/stock_info_twelvedata.py
2026-04-27 21:07:31 [main] INFO  c.stock.invest.util.PythonInstaller:219 - Python脚本环境设置成功
2026-04-27 21:07:31 [main] INFO  c.s.i.s.i.TwelveDataStockServiceImpl:62 - Python脚本环境初始化成功
2026-04-27 21:07:31 [main] DEBUG c.stock.invest.util.PythonInstaller:70 - 生成Python测试脚本
2026-04-27 21:07:31 [main] DEBUG c.stock.invest.util.PythonInstaller:122 - 测试脚本已生成: src/main/resources/python/test_script.py
2026-04-27 21:07:31 [main] INFO  c.s.invest.util.PythonScriptExecutor:106 - 使用项目虚拟环境 Python: /home/allon/application/stock-invest/.venv/bin/python
2026-04-27 21:07:31 [main] INFO  c.s.i.s.i.TwelveDataStockServiceImpl:67 - Python测试脚本执行成功: [{"symbol": "AAPL", "name": "Apple Inc.", "price": 150.25, "volume": 1000000, "change": 2.5, "changePercent": 1.67, "timestamp": "2026-04-27T21:07:31.971501"}]

2026-04-27 21:07:32 [main] INFO  c.s.i.controller.StockController:29 - StockController 2026-04-27 21:07:32: Controller initialized
2026-04-27 21:07:32 [main] INFO  o.s.s.c.ThreadPoolTaskExecutor:181 - Initializing ExecutorService 'applicationTaskExecutor'
2026-04-27 21:07:32 [main] INFO  o.s.s.c.ThreadPoolTaskScheduler:181 - Initializing ExecutorService 'taskScheduler'
2026-04-27 21:07:32 [main] INFO  o.a.coyote.http11.Http11NioProtocol:173 - Starting ProtocolHandler ["http-nio-8090"]
2026-04-27 23:05:28 [SpringContextShutdownHook] INFO  o.s.s.c.ThreadPoolTaskScheduler:218 - Shutting down ExecutorService 'taskScheduler'
2026-04-27 23:05:28 [SpringContextShutdownHook] INFO  o.s.s.c.ThreadPoolTaskExecutor:218 - Shutting down ExecutorService 'applicationTaskExecutor'
2026-04-27 23:05:28 [SpringContextShutdownHook] INFO  o.s.o.j.LocalContainerEntityManagerFactoryBean:601 - Closing JPA EntityManagerFactory for persistence unit 'default'
2026-04-27 23:05:28 [SpringContextShutdownHook] INFO  com.zaxxer.hikari.HikariDataSource:350 - HikariPool-1 - Shutdown initiated...
2026-04-27 23:05:28 [SpringContextShutdownHook] INFO  com.zaxxer.hikari.HikariDataSource:352 - HikariPool-1 - Shutdown completed.
2026-04-27 23:05:32 [main] INFO  o.s.d.r.c.RepositoryConfigurationDelegate:127 - Bootstrapping Spring Data JPA repositories in DEFAULT mode.
2026-04-27 23:05:32 [main] INFO  o.s.d.r.c.RepositoryConfigurationDelegate:187 - Finished Spring Data repository scanning in 29ms. Found 2 JPA repository interfaces.
2026-04-27 23:05:32 [main] INFO  o.a.coyote.http11.Http11NioProtocol:173 - Initializing ProtocolHandler ["http-nio-8090"]
2026-04-27 23:05:32 [main] INFO  o.a.catalina.core.StandardService:173 - Starting service [Tomcat]
2026-04-27 23:05:32 [main] INFO  o.a.catalina.core.StandardEngine:173 - Starting Servlet engine: [Apache Tomcat/9.0.46]
2026-04-27 23:05:32 [main] INFO  o.a.c.c.C.[Tomcat].[localhost].[/]:173 - Initializing Spring embedded WebApplicationContext
2026-04-27 23:05:32 [main] INFO  o.h.jpa.internal.util.LogHelper:31 - HHH000204: Processing PersistenceUnitInfo [name: default]
2026-04-27 23:05:32 [main] INFO  org.hibernate.Version:44 - HHH000412: Hibernate ORM core version 5.4.32.Final
2026-04-27 23:05:32 [main] INFO  o.h.annotations.common.Version:56 - HCANN000001: Hibernate Commons Annotations {5.1.2.Final}
2026-04-27 23:05:33 [main] INFO  com.zaxxer.hikari.HikariDataSource:110 - HikariPool-1 - Starting...
2026-04-27 23:05:33 [main] INFO  com.zaxxer.hikari.HikariDataSource:123 - HikariPool-1 - Start completed.
2026-04-27 23:05:33 [main] INFO  org.hibernate.dialect.Dialect:175 - HHH000400: Using dialect: org.hibernate.dialect.MySQL8Dialect
2026-04-27 23:05:33 [main] INFO  o.h.e.t.j.p.i.JtaPlatformInitiator:52 - HHH000490: Using JtaPlatform implementation: [org.hibernate.engine.transaction.jta.platform.internal.NoJtaPlatform]
2026-04-27 23:05:33 [main] INFO  o.s.o.j.LocalContainerEntityManagerFactoryBean:419 - Initialized JPA EntityManagerFactory for persistence unit 'default'
2026-04-27 23:05:33 [main] INFO  c.s.i.s.impl.TigerStockServiceImpl:78 - TigerStockServiceImpl 2026-04-27 23:05:33: Service initialized
2026-04-27 23:05:33 [main] INFO  c.s.i.s.i.YFinanceStockServiceImpl:55 - YFinanceStockServiceImpl 2026-04-27 23:05:33: Service initialized
2026-04-27 23:05:33 [main] INFO  c.s.i.s.i.TwelveDataStockServiceImpl:47 - TwelveDataStockServiceImpl 2026-04-27 23:05:33: Service initialized
2026-04-27 23:05:33 [main] INFO  c.s.i.controller.StockController:29 - StockController 2026-04-27 23:05:33: Controller initialized
2026-04-27 23:05:33 [main] INFO  o.s.s.c.ThreadPoolTaskExecutor:181 - Initializing ExecutorService 'applicationTaskExecutor'
2026-04-27 23:05:33 [main] INFO  o.s.s.c.ThreadPoolTaskScheduler:181 - Initializing ExecutorService 'taskScheduler'
2026-04-27 23:05:33 [main] INFO  o.a.coyote.http11.Http11NioProtocol:173 - Starting ProtocolHandler ["http-nio-8090"]
