2026-05-20 00:09:17 [main] INFO  o.s.d.r.c.RepositoryConfigurationDelegate:147 - Bootstrapping Spring Data JPA repositories in DEFAULT mode.
2026-05-20 00:09:17 [main] INFO  o.s.d.r.c.RepositoryConfigurationDelegate:215 - Finished Spring Data repository scanning in 35 ms. Found 3 JPA repository interfaces.
2026-05-20 00:09:17 [main] INFO  o.a.coyote.http11.Http11NioProtocol:168 - Initializing ProtocolHandler ["http-nio-8091"]
2026-05-20 00:09:17 [main] INFO  o.a.catalina.core.StandardService:168 - Starting service [Tomcat]
2026-05-20 00:09:17 [main] INFO  o.a.catalina.core.StandardEngine:168 - Starting Servlet engine: [Apache Tomcat/10.1.42]
2026-05-20 00:09:17 [main] INFO  o.a.c.c.C.[Tomcat].[localhost].[/]:168 - Initializing Spring embedded WebApplicationContext
2026-05-20 00:09:18 [main] INFO  com.zaxxer.hikari.HikariDataSource:109 - HikariPool-1 - Starting...
2026-05-20 00:09:18 [main] INFO  com.zaxxer.hikari.pool.HikariPool:554 - HikariPool-1 - Added connection com.mysql.cj.jdbc.ConnectionImpl@5d800a56
2026-05-20 00:09:18 [main] INFO  com.zaxxer.hikari.HikariDataSource:122 - HikariPool-1 - Start completed.
2026-05-20 00:09:18 [main] INFO  o.h.jpa.internal.util.LogHelper:31 - HHH000204: Processing PersistenceUnitInfo [name: default]
2026-05-20 00:09:18 [main] INFO  org.hibernate.Version:44 - HHH000412: Hibernate ORM core version 6.5.3.Final
2026-05-20 00:09:18 [main] INFO  o.h.c.i.RegionFactoryInitiator:50 - HHH000026: Second-level cache disabled
2026-05-20 00:09:18 [main] INFO  o.s.o.j.p.SpringPersistenceUnitInfo:87 - No LoadTimeWeaver setup: ignoring JPA class transformer
2026-05-20 00:09:18 [main] INFO  o.h.e.t.j.p.i.JtaPlatformInitiator:59 - HHH000489: No JTA platform available (set 'hibernate.transaction.jta.platform' to enable JTA platform integration)
2026-05-20 00:09:18 [main] INFO  o.s.o.j.LocalContainerEntityManagerFactoryBean:437 - Initialized JPA EntityManagerFactory for persistence unit 'default'
2026-05-20 00:09:18 [main] INFO  c.s.i.d.DataSourceAvailabilityChecker:39 - [DataSourceAvailabilityChecker] Starting availability check for 5 data sources
2026-05-20 00:09:18 [main] INFO  c.s.i.d.DataSourceAvailabilityChecker:53 - [DataSourceAvailabilityChecker] tiger: available=true (req=REQUIRED, detail=已配置 tiger_openapi_config.properties)
2026-05-20 00:09:18 [main] INFO  c.s.i.d.DataSourceAvailabilityChecker:53 - [DataSourceAvailabilityChecker] yfinance: available=true (req=OPTIONAL, detail=无需 API Key，始终可用)
2026-05-20 00:09:18 [main] INFO  c.s.i.d.DataSourceAvailabilityChecker:53 - [DataSourceAvailabilityChecker] tiingo: available=false (req=REQUIRED, detail=缺失 Tiingo API Token)
2026-05-20 00:09:18 [main] INFO  c.s.i.d.DataSourceAvailabilityChecker:53 - [DataSourceAvailabilityChecker] tigeropen: available=true (req=REQUIRED, detail=已配置 tiger_openapi_config.properties（tiger_id + private_key + account）)
2026-05-20 00:09:18 [main] INFO  c.s.i.d.DataSourceAvailabilityChecker:53 - [DataSourceAvailabilityChecker] twelvedata: available=true (req=OPTIONAL, detail=未配置 API Key，降级使用（速率受限）)
2026-05-20 00:09:18 [main] INFO  c.s.i.d.DataSourceAvailabilityChecker:56 - [DataSourceAvailabilityChecker] Available sources: [yfinance, tigeropen, twelvedata, tiger]
2026-05-20 00:09:19 [main] INFO  o.s.d.j.r.query.QueryEnhancerFactory:49 - Hibernate is in classpath; If applicable, HQL parser will be used.
2026-05-20 00:09:19 [main] INFO  c.s.i.s.impl.TigerStockServiceImpl:52 - TigerStockServiceImpl: Service initialized
2026-05-20 00:09:19 [main] INFO  c.s.i.s.i.YFinanceStockServiceImpl:43 - YFinanceStockServiceImpl : Service initialized
2026-05-20 00:09:19 [main] INFO  c.s.i.s.i.TwelveDataStockServiceImpl:41 - TwelveDataStockServiceImpl 2026-05-20 00:09:19 : Service initialized
2026-05-20 00:09:20 [main] INFO  o.a.coyote.http11.Http11NioProtocol:168 - Starting ProtocolHandler ["http-nio-8091"]
2026-05-20 00:09:38 [http-nio-8091-exec-1] INFO  o.a.c.c.C.[Tomcat].[localhost].[/]:168 - Initializing Spring DispatcherServlet 'dispatcherServlet'
2026-05-20 00:09:38 [http-nio-8091-exec-1] INFO  o.s.web.servlet.DispatcherServlet:532 - Initializing Servlet 'dispatcherServlet'
2026-05-20 00:09:38 [http-nio-8091-exec-1] INFO  o.s.web.servlet.DispatcherServlet:554 - Completed initialization in 0 ms
