2026-04-25 22:25:31 [main] INFO  c.s.invest.StockInvestApplication:55 - Starting StockInvestApplication on ASUS-DESKTOP with PID 312945 (/home/allon/application/stock-invest/target/classes started by allon in /home/allon/application/stock-invest)
2026-04-25 22:25:31 [main] INFO  c.s.invest.StockInvestApplication:652 - The following profiles are active: twelvedata
2026-04-25 22:25:32 [main] INFO  o.s.b.w.e.tomcat.TomcatWebServer:108 - Tomcat initialized with port(s): 8080 (http)
2026-04-25 22:25:32 [main] INFO  o.s.b.w.s.c.ServletWebServerApplicationContext:285 - Root WebApplicationContext: initialization completed in 650 ms
2026-04-25 22:25:32 [main] WARN  o.s.b.w.s.c.AnnotationConfigServletWebServerApplicationContext:559 - Exception encountered during context initialization - cancelling refresh attempt: org.springframework.beans.factory.BeanCreationException: Error creating bean with name 'entityManagerFactory' defined in class path resource [org/springframework/boot/autoconfigure/orm/jpa/HibernateJpaConfiguration.class]: Invocation of init method failed; nested exception is java.lang.NoClassDefFoundError: javax/xml/bind/JAXBException
2026-04-25 22:25:32 [main] INFO  o.s.b.a.l.ConditionEvaluationReportLoggingListener:136 - 

Error starting ApplicationContext. To display the conditions report re-run your application with 'debug' enabled.
2026-04-25 22:25:32 [main] ERROR o.s.boot.SpringApplication:834 - Application run failed
org.springframework.beans.factory.BeanCreationException: Error creating bean with name 'entityManagerFactory' defined in class path resource [org/springframework/boot/autoconfigure/orm/jpa/HibernateJpaConfiguration.class]: Invocation of init method failed; nested exception is java.lang.NoClassDefFoundError: javax/xml/bind/JAXBException
	at org.springframework.beans.factory.support.AbstractAutowireCapableBeanFactory.initializeBean(AbstractAutowireCapableBeanFactory.java:1799)
	at org.springframework.beans.factory.support.AbstractAutowireCapableBeanFactory.doCreateBean(AbstractAutowireCapableBeanFactory.java:594)
	at org.springframework.beans.factory.support.AbstractAutowireCapableBeanFactory.createBean(AbstractAutowireCapableBeanFactory.java:516)
	at org.springframework.beans.factory.support.AbstractBeanFactory.lambda$doGetBean$0(AbstractBeanFactory.java:324)
	at org.springframework.beans.factory.support.DefaultSingletonBeanRegistry.getSingleton(DefaultSingletonBeanRegistry.java:234)
	at org.springframework.beans.factory.support.AbstractBeanFactory.doGetBean(AbstractBeanFactory.java:322)
	at org.springframework.beans.factory.support.AbstractBeanFactory.getBean(AbstractBeanFactory.java:202)
	at org.springframework.context.support.AbstractApplicationContext.getBean(AbstractApplicationContext.java:1109)
	at org.springframework.context.support.AbstractApplicationContext.finishBeanFactoryInitialization(AbstractApplicationContext.java:869)
	at org.springframework.context.support.AbstractApplicationContext.refresh(AbstractApplicationContext.java:551)
	at org.springframework.boot.web.servlet.context.ServletWebServerApplicationContext.refresh(ServletWebServerApplicationContext.java:143)
	at org.springframework.boot.SpringApplication.refresh(SpringApplication.java:755)
	at org.springframework.boot.SpringApplication.refresh(SpringApplication.java:747)
	at org.springframework.boot.SpringApplication.refreshContext(SpringApplication.java:402)
	at org.springframework.boot.SpringApplication.run(SpringApplication.java:312)
	at org.springframework.boot.SpringApplication.run(SpringApplication.java:1247)
	at org.springframework.boot.SpringApplication.run(SpringApplication.java:1236)
	at com.stock.invest.StockInvestApplication.main(StockInvestApplication.java:29)
Caused by: java.lang.NoClassDefFoundError: javax/xml/bind/JAXBException
	at org.hibernate.boot.spi.XmlMappingBinderAccess.<init>(XmlMappingBinderAccess.java:43)
	at org.hibernate.boot.MetadataSources.getXmlMappingBinderAccess(MetadataSources.java:115)
	at org.hibernate.boot.model.process.spi.MetadataBuildingProcess.prepare(MetadataBuildingProcess.java:110)
	at org.hibernate.jpa.boot.internal.EntityManagerFactoryBuilderImpl.<init>(EntityManagerFactoryBuilderImpl.java:254)
	at org.hibernate.jpa.boot.internal.EntityManagerFactoryBuilderImpl.<init>(EntityManagerFactoryBuilderImpl.java:168)
	at org.springframework.orm.jpa.vendor.SpringHibernateJpaPersistenceProvider.createContainerEntityManagerFactory(SpringHibernateJpaPersistenceProvider.java:52)
	at org.springframework.orm.jpa.LocalContainerEntityManagerFactoryBean.createNativeEntityManagerFactory(LocalContainerEntityManagerFactoryBean.java:365)
	at org.springframework.orm.jpa.AbstractEntityManagerFactoryBean.buildNativeEntityManagerFactory(AbstractEntityManagerFactoryBean.java:391)
	at org.springframework.orm.jpa.AbstractEntityManagerFactoryBean.afterPropertiesSet(AbstractEntityManagerFactoryBean.java:378)
	at org.springframework.orm.jpa.LocalContainerEntityManagerFactoryBean.afterPropertiesSet(LocalContainerEntityManagerFactoryBean.java:341)
	at org.springframework.beans.factory.support.AbstractAutowireCapableBeanFactory.invokeInitMethods(AbstractAutowireCapableBeanFactory.java:1858)
	at org.springframework.beans.factory.support.AbstractAutowireCapableBeanFactory.initializeBean(AbstractAutowireCapableBeanFactory.java:1795)
	... 17 common frames omitted
Caused by: java.lang.ClassNotFoundException: javax.xml.bind.JAXBException
	at java.base/jdk.internal.loader.BuiltinClassLoader.loadClass(BuiltinClassLoader.java:641)
	at java.base/jdk.internal.loader.ClassLoaders$AppClassLoader.loadClass(ClassLoaders.java:188)
	at java.base/java.lang.ClassLoader.loadClass(ClassLoader.java:526)
	... 29 common frames omitted
2026-04-25 22:26:36 [main] INFO  o.s.b.t.a.j.TestDatabaseAutoConfiguration$EmbeddedDataSourceBeanFactoryPostProcessor:99 - Replacing 'dataSource' DataSource bean with embedded version
2026-04-25 22:26:37 [main] INFO  c.s.i.StockInvestApplication$StockServiceStartupLogger:68 - ==== 当前使用的StockService实现是: com.stock.invest.service.StockService$MockitoMock$1490174812 ====
2026-04-25 22:26:37 [main] INFO  o.s.b.t.a.o.j.DataJpaTestContextBootstrapper:308 - Neither @ContextConfiguration nor @ContextHierarchy found for test class [com.stock.invest.repository.StockDailyBarRepositoryTest], using SpringBootContextLoader
2026-04-25 22:26:37 [main] INFO  o.s.b.t.c.SpringBootTestContextBootstrapper:237 - Found @SpringBootConfiguration com.stock.invest.StockInvestApplication for test class com.stock.invest.repository.StockDailyBarRepositoryTest
2026-04-25 22:26:37 [main] INFO  o.s.b.t.a.o.j.DataJpaTestContextBootstrapper:248 - Loaded default TestExecutionListener class names from location [META-INF/spring.factories]: [org.springframework.boot.test.mock.mockito.MockitoTestExecutionListener, org.springframework.boot.test.mock.mockito.ResetMocksTestExecutionListener, org.springframework.boot.test.autoconfigure.restdocs.RestDocsTestExecutionListener, org.springframework.boot.test.autoconfigure.web.client.MockRestServiceServerResetTestExecutionListener, org.springframework.boot.test.autoconfigure.web.servlet.MockMvcPrintOnlyOnFailureTestExecutionListener, org.springframework.boot.test.autoconfigure.web.servlet.WebDriverTestExecutionListener, org.springframework.boot.test.autoconfigure.webservices.client.MockWebServiceServerTestExecutionListener, org.springframework.test.context.web.ServletTestExecutionListener, org.springframework.test.context.support.DirtiesContextBeforeModesTestExecutionListener, org.springframework.test.context.support.DependencyInjectionTestExecutionListener, org.springframework.test.context.support.DirtiesContextTestExecutionListener, org.springframework.test.context.transaction.TransactionalTestExecutionListener, org.springframework.test.context.jdbc.SqlScriptsTestExecutionListener, org.springframework.test.context.event.EventPublishingTestExecutionListener]
2026-04-25 22:26:37 [main] INFO  o.s.b.t.a.o.j.DataJpaTestContextBootstrapper:177 - Using TestExecutionListeners: [org.springframework.test.context.web.ServletTestExecutionListener@7341baa3, org.springframework.test.context.support.DirtiesContextBeforeModesTestExecutionListener@1ca0aa40, org.springframework.boot.test.mock.mockito.MockitoTestExecutionListener@626766fd, org.springframework.boot.test.autoconfigure.SpringBootDependencyInjectionTestExecutionListener@e1fd2bf, org.springframework.test.context.support.DirtiesContextTestExecutionListener@70f5f57d, org.springframework.test.context.transaction.TransactionalTestExecutionListener@691eb389, org.springframework.test.context.jdbc.SqlScriptsTestExecutionListener@301770d9, org.springframework.test.context.event.EventPublishingTestExecutionListener@40edc64e, org.springframework.boot.test.mock.mockito.ResetMocksTestExecutionListener@1fec9d33, org.springframework.boot.test.autoconfigure.restdocs.RestDocsTestExecutionListener@372f7bc, org.springframework.boot.test.autoconfigure.web.client.MockRestServiceServerResetTestExecutionListener@8e8ceb3, org.springframework.boot.test.autoconfigure.web.servlet.MockMvcPrintOnlyOnFailureTestExecutionListener@2699b656, org.springframework.boot.test.autoconfigure.web.servlet.WebDriverTestExecutionListener@5d67b2b3, org.springframework.boot.test.autoconfigure.webservices.client.MockWebServiceServerTestExecutionListener@49bc71b4]
2026-04-25 22:27:07 [main] INFO  c.s.invest.StockInvestApplication:55 - Starting StockInvestApplication on ASUS-DESKTOP with PID 313390 (/home/allon/application/stock-invest/target/classes started by allon in /home/allon/application/stock-invest)
2026-04-25 22:27:07 [main] INFO  c.s.invest.StockInvestApplication:652 - The following profiles are active: twelvedata
2026-04-25 22:27:07 [main] INFO  o.s.b.w.e.tomcat.TomcatWebServer:108 - Tomcat initialized with port(s): 8080 (http)
2026-04-25 22:27:07 [main] INFO  o.s.b.w.s.c.ServletWebServerApplicationContext:285 - Root WebApplicationContext: initialization completed in 480 ms
2026-04-25 22:27:08 [main] WARN  o.s.b.w.s.c.AnnotationConfigServletWebServerApplicationContext:559 - Exception encountered during context initialization - cancelling refresh attempt: org.springframework.beans.factory.BeanCreationException: Error creating bean with name 'entityManagerFactory' defined in class path resource [org/springframework/boot/autoconfigure/orm/jpa/HibernateJpaConfiguration.class]: Invocation of init method failed; nested exception is org.hibernate.service.spi.ServiceException: Unable to create requested service [org.hibernate.engine.jdbc.env.spi.JdbcEnvironment]
2026-04-25 22:27:08 [main] INFO  o.s.b.a.l.ConditionEvaluationReportLoggingListener:136 - 

Error starting ApplicationContext. To display the conditions report re-run your application with 'debug' enabled.
2026-04-25 22:27:08 [main] ERROR o.s.boot.SpringApplication:834 - Application run failed
org.springframework.beans.factory.BeanCreationException: Error creating bean with name 'entityManagerFactory' defined in class path resource [org/springframework/boot/autoconfigure/orm/jpa/HibernateJpaConfiguration.class]: Invocation of init method failed; nested exception is org.hibernate.service.spi.ServiceException: Unable to create requested service [org.hibernate.engine.jdbc.env.spi.JdbcEnvironment]
	at org.springframework.beans.factory.support.AbstractAutowireCapableBeanFactory.initializeBean(AbstractAutowireCapableBeanFactory.java:1799)
	at org.springframework.beans.factory.support.AbstractAutowireCapableBeanFactory.doCreateBean(AbstractAutowireCapableBeanFactory.java:594)
	at org.springframework.beans.factory.support.AbstractAutowireCapableBeanFactory.createBean(AbstractAutowireCapableBeanFactory.java:516)
	at org.springframework.beans.factory.support.AbstractBeanFactory.lambda$doGetBean$0(AbstractBeanFactory.java:324)
	at org.springframework.beans.factory.support.DefaultSingletonBeanRegistry.getSingleton(DefaultSingletonBeanRegistry.java:234)
	at org.springframework.beans.factory.support.AbstractBeanFactory.doGetBean(AbstractBeanFactory.java:322)
	at org.springframework.beans.factory.support.AbstractBeanFactory.getBean(AbstractBeanFactory.java:202)
	at org.springframework.context.support.AbstractApplicationContext.getBean(AbstractApplicationContext.java:1109)
	at org.springframework.context.support.AbstractApplicationContext.finishBeanFactoryInitialization(AbstractApplicationContext.java:869)
	at org.springframework.context.support.AbstractApplicationContext.refresh(AbstractApplicationContext.java:551)
	at org.springframework.boot.web.servlet.context.ServletWebServerApplicationContext.refresh(ServletWebServerApplicationContext.java:143)
	at org.springframework.boot.SpringApplication.refresh(SpringApplication.java:755)
	at org.springframework.boot.SpringApplication.refresh(SpringApplication.java:747)
	at org.springframework.boot.SpringApplication.refreshContext(SpringApplication.java:402)
	at org.springframework.boot.SpringApplication.run(SpringApplication.java:312)
	at org.springframework.boot.SpringApplication.run(SpringApplication.java:1247)
	at org.springframework.boot.SpringApplication.run(SpringApplication.java:1236)
	at com.stock.invest.StockInvestApplication.main(StockInvestApplication.java:29)
Caused by: org.hibernate.service.spi.ServiceException: Unable to create requested service [org.hibernate.engine.jdbc.env.spi.JdbcEnvironment]
	at org.hibernate.service.internal.AbstractServiceRegistryImpl.createService(AbstractServiceRegistryImpl.java:275)
	at org.hibernate.service.internal.AbstractServiceRegistryImpl.initializeService(AbstractServiceRegistryImpl.java:237)
	at org.hibernate.service.internal.AbstractServiceRegistryImpl.getService(AbstractServiceRegistryImpl.java:214)
	at org.hibernate.id.factory.internal.DefaultIdentifierGeneratorFactory.injectServices(DefaultIdentifierGeneratorFactory.java:152)
	at org.hibernate.service.internal.AbstractServiceRegistryImpl.injectDependencies(AbstractServiceRegistryImpl.java:286)
	at org.hibernate.service.internal.AbstractServiceRegistryImpl.initializeService(AbstractServiceRegistryImpl.java:243)
	at org.hibernate.service.internal.AbstractServiceRegistryImpl.getService(AbstractServiceRegistryImpl.java:214)
	at org.hibernate.boot.internal.InFlightMetadataCollectorImpl.<init>(InFlightMetadataCollectorImpl.java:176)
	at org.hibernate.boot.model.process.spi.MetadataBuildingProcess.complete(MetadataBuildingProcess.java:127)
	at org.hibernate.jpa.boot.internal.EntityManagerFactoryBuilderImpl.metadata(EntityManagerFactoryBuilderImpl.java:1224)
	at org.hibernate.jpa.boot.internal.EntityManagerFactoryBuilderImpl.build(EntityManagerFactoryBuilderImpl.java:1255)
	at org.springframework.orm.jpa.vendor.SpringHibernateJpaPersistenceProvider.createContainerEntityManagerFactory(SpringHibernateJpaPersistenceProvider.java:58)
	at org.springframework.orm.jpa.LocalContainerEntityManagerFactoryBean.createNativeEntityManagerFactory(LocalContainerEntityManagerFactoryBean.java:365)
	at org.springframework.orm.jpa.AbstractEntityManagerFactoryBean.buildNativeEntityManagerFactory(AbstractEntityManagerFactoryBean.java:391)
	at org.springframework.orm.jpa.AbstractEntityManagerFactoryBean.afterPropertiesSet(AbstractEntityManagerFactoryBean.java:378)
	at org.springframework.orm.jpa.LocalContainerEntityManagerFactoryBean.afterPropertiesSet(LocalContainerEntityManagerFactoryBean.java:341)
	at org.springframework.beans.factory.support.AbstractAutowireCapableBeanFactory.invokeInitMethods(AbstractAutowireCapableBeanFactory.java:1858)
	at org.springframework.beans.factory.support.AbstractAutowireCapableBeanFactory.initializeBean(AbstractAutowireCapableBeanFactory.java:1795)
	... 17 common frames omitted
Caused by: org.hibernate.HibernateException: Access to DialectResolutionInfo cannot be null when 'hibernate.dialect' not set
	at org.hibernate.engine.jdbc.dialect.internal.DialectFactoryImpl.determineDialect(DialectFactoryImpl.java:100)
	at org.hibernate.engine.jdbc.dialect.internal.DialectFactoryImpl.buildDialect(DialectFactoryImpl.java:54)
	at org.hibernate.engine.jdbc.env.internal.JdbcEnvironmentInitiator.initiateService(JdbcEnvironmentInitiator.java:137)
	at org.hibernate.engine.jdbc.env.internal.JdbcEnvironmentInitiator.initiateService(JdbcEnvironmentInitiator.java:35)
	at org.hibernate.boot.registry.internal.StandardServiceRegistryImpl.initiateService(StandardServiceRegistryImpl.java:101)
	at org.hibernate.service.internal.AbstractServiceRegistryImpl.createService(AbstractServiceRegistryImpl.java:263)
	... 34 common frames omitted
2026-04-25 22:28:06 [main] INFO  c.s.invest.StockInvestApplication:55 - Starting StockInvestApplication on ASUS-DESKTOP with PID 313604 (/home/allon/application/stock-invest/target/classes started by allon in /home/allon/application/stock-invest)
2026-04-25 22:28:06 [main] INFO  c.s.invest.StockInvestApplication:652 - The following profiles are active: twelvedata
2026-04-25 22:28:06 [main] INFO  o.s.b.w.e.tomcat.TomcatWebServer:108 - Tomcat initialized with port(s): 8080 (http)
2026-04-25 22:28:06 [main] INFO  o.s.b.w.s.c.ServletWebServerApplicationContext:285 - Root WebApplicationContext: initialization completed in 592 ms
2026-04-25 22:28:07 [main] WARN  o.s.b.w.s.c.AnnotationConfigServletWebServerApplicationContext:559 - Exception encountered during context initialization - cancelling refresh attempt: org.springframework.beans.factory.BeanCreationException: Error creating bean with name 'tigerHttpClient' defined in class path resource [com/stock/invest/config/TigerApiConfig.class]: Bean instantiation via factory method failed; nested exception is org.springframework.beans.BeanInstantiationException: Failed to instantiate [com.tigerbrokers.stock.openapi.client.https.client.TigerHttpClient]: Factory method 'tigerHttpClient' threw exception; nested exception is java.lang.RuntimeException: Failed to initialize TigerHttpClient: tigerId is required but not configured
2026-04-25 22:28:07 [main] INFO  o.s.b.a.l.ConditionEvaluationReportLoggingListener:136 - 

Error starting ApplicationContext. To display the conditions report re-run your application with 'debug' enabled.
2026-04-25 22:28:07 [main] ERROR o.s.boot.SpringApplication:834 - Application run failed
org.springframework.beans.factory.BeanCreationException: Error creating bean with name 'tigerHttpClient' defined in class path resource [com/stock/invest/config/TigerApiConfig.class]: Bean instantiation via factory method failed; nested exception is org.springframework.beans.BeanInstantiationException: Failed to instantiate [com.tigerbrokers.stock.openapi.client.https.client.TigerHttpClient]: Factory method 'tigerHttpClient' threw exception; nested exception is java.lang.RuntimeException: Failed to initialize TigerHttpClient: tigerId is required but not configured
	at org.springframework.beans.factory.support.ConstructorResolver.instantiate(ConstructorResolver.java:657)
	at org.springframework.beans.factory.support.ConstructorResolver.instantiateUsingFactoryMethod(ConstructorResolver.java:485)
	at org.springframework.beans.factory.support.AbstractAutowireCapableBeanFactory.instantiateUsingFactoryMethod(AbstractAutowireCapableBeanFactory.java:1341)
	at org.springframework.beans.factory.support.AbstractAutowireCapableBeanFactory.createBeanInstance(AbstractAutowireCapableBeanFactory.java:1181)
	at org.springframework.beans.factory.support.AbstractAutowireCapableBeanFactory.doCreateBean(AbstractAutowireCapableBeanFactory.java:556)
	at org.springframework.beans.factory.support.AbstractAutowireCapableBeanFactory.createBean(AbstractAutowireCapableBeanFactory.java:516)
	at org.springframework.beans.factory.support.AbstractBeanFactory.lambda$doGetBean$0(AbstractBeanFactory.java:324)
	at org.springframework.beans.factory.support.DefaultSingletonBeanRegistry.getSingleton(DefaultSingletonBeanRegistry.java:234)
	at org.springframework.beans.factory.support.AbstractBeanFactory.doGetBean(AbstractBeanFactory.java:322)
	at org.springframework.beans.factory.support.AbstractBeanFactory.getBean(AbstractBeanFactory.java:202)
	at org.springframework.beans.factory.support.DefaultListableBeanFactory.preInstantiateSingletons(DefaultListableBeanFactory.java:897)
	at org.springframework.context.support.AbstractApplicationContext.finishBeanFactoryInitialization(AbstractApplicationContext.java:879)
	at org.springframework.context.support.AbstractApplicationContext.refresh(AbstractApplicationContext.java:551)
	at org.springframework.boot.web.servlet.context.ServletWebServerApplicationContext.refresh(ServletWebServerApplicationContext.java:143)
	at org.springframework.boot.SpringApplication.refresh(SpringApplication.java:755)
	at org.springframework.boot.SpringApplication.refresh(SpringApplication.java:747)
	at org.springframework.boot.SpringApplication.refreshContext(SpringApplication.java:402)
	at org.springframework.boot.SpringApplication.run(SpringApplication.java:312)
	at org.springframework.boot.SpringApplication.run(SpringApplication.java:1247)
	at org.springframework.boot.SpringApplication.run(SpringApplication.java:1236)
	at com.stock.invest.StockInvestApplication.main(StockInvestApplication.java:29)
Caused by: org.springframework.beans.BeanInstantiationException: Failed to instantiate [com.tigerbrokers.stock.openapi.client.https.client.TigerHttpClient]: Factory method 'tigerHttpClient' threw exception; nested exception is java.lang.RuntimeException: Failed to initialize TigerHttpClient: tigerId is required but not configured
	at org.springframework.beans.factory.support.SimpleInstantiationStrategy.instantiate(SimpleInstantiationStrategy.java:185)
	at org.springframework.beans.factory.support.ConstructorResolver.instantiate(ConstructorResolver.java:652)
	... 20 common frames omitted
Caused by: java.lang.RuntimeException: Failed to initialize TigerHttpClient: tigerId is required but not configured
	at com.stock.invest.config.TigerApiConfig.tigerHttpClient(TigerApiConfig.java:140)
	at com.stock.invest.config.TigerApiConfig$$EnhancerBySpringCGLIB$$a53ab31c.CGLIB$tigerHttpClient$0(<generated>)
	at com.stock.invest.config.TigerApiConfig$$EnhancerBySpringCGLIB$$a53ab31c$$FastClassBySpringCGLIB$$b7aa5b09.invoke(<generated>)
	at org.springframework.cglib.proxy.MethodProxy.invokeSuper(MethodProxy.java:244)
	at org.springframework.context.annotation.ConfigurationClassEnhancer$BeanMethodInterceptor.intercept(ConfigurationClassEnhancer.java:331)
	at com.stock.invest.config.TigerApiConfig$$EnhancerBySpringCGLIB$$a53ab31c.tigerHttpClient(<generated>)
	at java.base/jdk.internal.reflect.DirectMethodHandleAccessor.invoke(DirectMethodHandleAccessor.java:103)
	at java.base/java.lang.reflect.Method.invoke(Method.java:580)
	at org.springframework.beans.factory.support.SimpleInstantiationStrategy.instantiate(SimpleInstantiationStrategy.java:154)
	... 21 common frames omitted
Caused by: java.lang.IllegalArgumentException: tigerId is required but not configured
	at com.stock.invest.config.TigerApiConfig.tigerHttpClient(TigerApiConfig.java:102)
	... 29 common frames omitted
2026-04-25 22:28:27 [main] INFO  o.s.b.t.a.j.TestDatabaseAutoConfiguration$EmbeddedDataSourceBeanFactoryPostProcessor:99 - Replacing 'dataSource' DataSource bean with embedded version
2026-04-25 22:28:28 [main] INFO  c.s.i.StockInvestApplication$StockServiceStartupLogger:68 - ==== 当前使用的StockService实现是: com.stock.invest.service.StockService$MockitoMock$355808199 ====
2026-04-25 22:28:28 [main] INFO  o.s.b.t.a.o.j.DataJpaTestContextBootstrapper:308 - Neither @ContextConfiguration nor @ContextHierarchy found for test class [com.stock.invest.repository.StockDailyBarRepositoryTest], using SpringBootContextLoader
2026-04-25 22:28:28 [main] INFO  o.s.b.t.c.SpringBootTestContextBootstrapper:237 - Found @SpringBootConfiguration com.stock.invest.StockInvestApplication for test class com.stock.invest.repository.StockDailyBarRepositoryTest
2026-04-25 22:28:28 [main] INFO  o.s.b.t.a.o.j.DataJpaTestContextBootstrapper:248 - Loaded default TestExecutionListener class names from location [META-INF/spring.factories]: [org.springframework.boot.test.mock.mockito.MockitoTestExecutionListener, org.springframework.boot.test.mock.mockito.ResetMocksTestExecutionListener, org.springframework.boot.test.autoconfigure.restdocs.RestDocsTestExecutionListener, org.springframework.boot.test.autoconfigure.web.client.MockRestServiceServerResetTestExecutionListener, org.springframework.boot.test.autoconfigure.web.servlet.MockMvcPrintOnlyOnFailureTestExecutionListener, org.springframework.boot.test.autoconfigure.web.servlet.WebDriverTestExecutionListener, org.springframework.boot.test.autoconfigure.webservices.client.MockWebServiceServerTestExecutionListener, org.springframework.test.context.web.ServletTestExecutionListener, org.springframework.test.context.support.DirtiesContextBeforeModesTestExecutionListener, org.springframework.test.context.support.DependencyInjectionTestExecutionListener, org.springframework.test.context.support.DirtiesContextTestExecutionListener, org.springframework.test.context.transaction.TransactionalTestExecutionListener, org.springframework.test.context.jdbc.SqlScriptsTestExecutionListener, org.springframework.test.context.event.EventPublishingTestExecutionListener]
2026-04-25 22:28:28 [main] INFO  o.s.b.t.a.o.j.DataJpaTestContextBootstrapper:177 - Using TestExecutionListeners: [org.springframework.test.context.web.ServletTestExecutionListener@626766fd, org.springframework.test.context.support.DirtiesContextBeforeModesTestExecutionListener@e1fd2bf, org.springframework.boot.test.mock.mockito.MockitoTestExecutionListener@70f5f57d, org.springframework.boot.test.autoconfigure.SpringBootDependencyInjectionTestExecutionListener@691eb389, org.springframework.test.context.support.DirtiesContextTestExecutionListener@301770d9, org.springframework.test.context.transaction.TransactionalTestExecutionListener@40edc64e, org.springframework.test.context.jdbc.SqlScriptsTestExecutionListener@1fec9d33, org.springframework.test.context.event.EventPublishingTestExecutionListener@372f7bc, org.springframework.boot.test.mock.mockito.ResetMocksTestExecutionListener@8e8ceb3, org.springframework.boot.test.autoconfigure.restdocs.RestDocsTestExecutionListener@2699b656, org.springframework.boot.test.autoconfigure.web.client.MockRestServiceServerResetTestExecutionListener@5d67b2b3, org.springframework.boot.test.autoconfigure.web.servlet.MockMvcPrintOnlyOnFailureTestExecutionListener@49bc71b4, org.springframework.boot.test.autoconfigure.web.servlet.WebDriverTestExecutionListener@7efa366, org.springframework.boot.test.autoconfigure.webservices.client.MockWebServiceServerTestExecutionListener@6c2f8ecb]
2026-04-25 22:35:18 [main] INFO  c.s.invest.StockInvestApplication:55 - Starting StockInvestApplication on ASUS-DESKTOP with PID 314191 (/home/allon/application/stock-invest/target/classes started by allon in /home/allon/application/stock-invest)
2026-04-25 22:35:18 [main] INFO  c.s.invest.StockInvestApplication:652 - The following profiles are active: twelvedata
2026-04-25 22:35:19 [main] INFO  o.s.b.w.e.tomcat.TomcatWebServer:108 - Tomcat initialized with port(s): 8080 (http)
2026-04-25 22:35:19 [main] INFO  o.s.b.w.s.c.ServletWebServerApplicationContext:285 - Root WebApplicationContext: initialization completed in 540 ms
2026-04-25 22:35:20 [main] WARN  o.s.b.a.o.j.JpaBaseConfiguration$JpaWebConfiguration:220 - spring.jpa.open-in-view is enabled by default. Therefore, database queries may be performed during view rendering. Explicitly configure spring.jpa.open-in-view to disable this warning
2026-04-25 22:35:20 [main] WARN  o.s.b.w.s.c.AnnotationConfigServletWebServerApplicationContext:559 - Exception encountered during context initialization - cancelling refresh attempt: org.springframework.context.ApplicationContextException: Failed to start bean 'webServerStartStop'; nested exception is org.springframework.boot.web.server.PortInUseException: Port 8080 is already in use
2026-04-25 22:35:20 [main] INFO  o.s.b.a.l.ConditionEvaluationReportLoggingListener:136 - 

Error starting ApplicationContext. To display the conditions report re-run your application with 'debug' enabled.
2026-04-25 22:35:20 [main] ERROR o.s.b.d.LoggingFailureAnalysisReporter:40 - 

***************************
APPLICATION FAILED TO START
***************************

Description:

Web server failed to start. Port 8080 was already in use.

Action:

Identify and stop the process that's listening on port 8080 or configure this application to listen on another port.

2026-04-25 22:36:18 [main] INFO  o.s.b.t.a.j.TestDatabaseAutoConfiguration$EmbeddedDataSourceBeanFactoryPostProcessor:99 - Replacing 'dataSource' DataSource bean with embedded version
2026-04-25 22:36:20 [main] INFO  c.s.i.StockInvestApplication$StockServiceStartupLogger:68 - ==== 当前使用的StockService实现是: com.stock.invest.service.StockService$MockitoMock$1645164249 ====
2026-04-25 22:36:20 [main] INFO  o.s.b.t.a.o.j.DataJpaTestContextBootstrapper:308 - Neither @ContextConfiguration nor @ContextHierarchy found for test class [com.stock.invest.repository.StockDailyBarRepositoryTest], using SpringBootContextLoader
2026-04-25 22:36:20 [main] INFO  o.s.b.t.c.SpringBootTestContextBootstrapper:237 - Found @SpringBootConfiguration com.stock.invest.StockInvestApplication for test class com.stock.invest.repository.StockDailyBarRepositoryTest
2026-04-25 22:36:20 [main] INFO  o.s.b.t.a.o.j.DataJpaTestContextBootstrapper:248 - Loaded default TestExecutionListener class names from location [META-INF/spring.factories]: [org.springframework.boot.test.mock.mockito.MockitoTestExecutionListener, org.springframework.boot.test.mock.mockito.ResetMocksTestExecutionListener, org.springframework.boot.test.autoconfigure.restdocs.RestDocsTestExecutionListener, org.springframework.boot.test.autoconfigure.web.client.MockRestServiceServerResetTestExecutionListener, org.springframework.boot.test.autoconfigure.web.servlet.MockMvcPrintOnlyOnFailureTestExecutionListener, org.springframework.boot.test.autoconfigure.web.servlet.WebDriverTestExecutionListener, org.springframework.boot.test.autoconfigure.webservices.client.MockWebServiceServerTestExecutionListener, org.springframework.test.context.web.ServletTestExecutionListener, org.springframework.test.context.support.DirtiesContextBeforeModesTestExecutionListener, org.springframework.test.context.support.DependencyInjectionTestExecutionListener, org.springframework.test.context.support.DirtiesContextTestExecutionListener, org.springframework.test.context.transaction.TransactionalTestExecutionListener, org.springframework.test.context.jdbc.SqlScriptsTestExecutionListener, org.springframework.test.context.event.EventPublishingTestExecutionListener]
2026-04-25 22:36:20 [main] INFO  o.s.b.t.a.o.j.DataJpaTestContextBootstrapper:177 - Using TestExecutionListeners: [org.springframework.test.context.web.ServletTestExecutionListener@1ca0aa40, org.springframework.test.context.support.DirtiesContextBeforeModesTestExecutionListener@626766fd, org.springframework.boot.test.mock.mockito.MockitoTestExecutionListener@e1fd2bf, org.springframework.boot.test.autoconfigure.SpringBootDependencyInjectionTestExecutionListener@70f5f57d, org.springframework.test.context.support.DirtiesContextTestExecutionListener@691eb389, org.springframework.test.context.transaction.TransactionalTestExecutionListener@301770d9, org.springframework.test.context.jdbc.SqlScriptsTestExecutionListener@40edc64e, org.springframework.test.context.event.EventPublishingTestExecutionListener@1fec9d33, org.springframework.boot.test.mock.mockito.ResetMocksTestExecutionListener@372f7bc, org.springframework.boot.test.autoconfigure.restdocs.RestDocsTestExecutionListener@8e8ceb3, org.springframework.boot.test.autoconfigure.web.client.MockRestServiceServerResetTestExecutionListener@2699b656, org.springframework.boot.test.autoconfigure.web.servlet.MockMvcPrintOnlyOnFailureTestExecutionListener@5d67b2b3, org.springframework.boot.test.autoconfigure.web.servlet.WebDriverTestExecutionListener@49bc71b4, org.springframework.boot.test.autoconfigure.webservices.client.MockWebServiceServerTestExecutionListener@7efa366]
2026-04-25 22:36:38 [main] INFO  c.s.invest.StockInvestApplication:55 - Starting StockInvestApplication on ASUS-DESKTOP with PID 314573 (/home/allon/application/stock-invest/target/classes started by allon in /home/allon/application/stock-invest)
2026-04-25 22:36:38 [main] INFO  c.s.invest.StockInvestApplication:652 - The following profiles are active: twelvedata
2026-04-25 22:36:38 [main] INFO  o.s.b.w.e.tomcat.TomcatWebServer:108 - Tomcat initialized with port(s): 8090 (http)
2026-04-25 22:36:38 [main] INFO  o.s.b.w.s.c.ServletWebServerApplicationContext:285 - Root WebApplicationContext: initialization completed in 565 ms
2026-04-25 22:36:39 [main] WARN  o.s.b.a.o.j.JpaBaseConfiguration$JpaWebConfiguration:220 - spring.jpa.open-in-view is enabled by default. Therefore, database queries may be performed during view rendering. Explicitly configure spring.jpa.open-in-view to disable this warning
2026-04-25 22:36:39 [main] INFO  o.s.b.w.e.tomcat.TomcatWebServer:220 - Tomcat started on port(s): 8090 (http) with context path ''
2026-04-25 22:36:39 [main] INFO  c.s.invest.StockInvestApplication:61 - Started StockInvestApplication in 1.693 seconds (JVM running for 1.843)
2026-04-25 22:36:39 [main] INFO  c.s.i.StockInvestApplication$StockServiceStartupLogger:68 - ==== 当前使用的StockService实现是: com.stock.invest.service.impl.TwelveDataStockServiceImpl ====
2026-04-25 22:36:39 [main] INFO  c.s.invest.StockInvestApplication:33 - 当前激活的profiles: twelvedata
2026-04-25 22:42:44 [main] INFO  o.s.b.t.a.j.TestDatabaseAutoConfiguration$EmbeddedDataSourceBeanFactoryPostProcessor:99 - Replacing 'dataSource' DataSource bean with embedded version
2026-04-25 22:42:46 [main] INFO  c.s.i.StockInvestApplication$StockServiceStartupLogger:68 - ==== 当前使用的StockService实现是: com.stock.invest.service.StockService$MockitoMock$1572100899 ====
2026-04-25 22:42:46 [main] INFO  o.s.b.t.a.o.j.DataJpaTestContextBootstrapper:308 - Neither @ContextConfiguration nor @ContextHierarchy found for test class [com.stock.invest.repository.StockDailyBarRepositoryTest], using SpringBootContextLoader
2026-04-25 22:42:46 [main] INFO  o.s.b.t.c.SpringBootTestContextBootstrapper:237 - Found @SpringBootConfiguration com.stock.invest.StockInvestApplication for test class com.stock.invest.repository.StockDailyBarRepositoryTest
2026-04-25 22:42:46 [main] INFO  o.s.b.t.a.o.j.DataJpaTestContextBootstrapper:248 - Loaded default TestExecutionListener class names from location [META-INF/spring.factories]: [org.springframework.boot.test.mock.mockito.MockitoTestExecutionListener, org.springframework.boot.test.mock.mockito.ResetMocksTestExecutionListener, org.springframework.boot.test.autoconfigure.restdocs.RestDocsTestExecutionListener, org.springframework.boot.test.autoconfigure.web.client.MockRestServiceServerResetTestExecutionListener, org.springframework.boot.test.autoconfigure.web.servlet.MockMvcPrintOnlyOnFailureTestExecutionListener, org.springframework.boot.test.autoconfigure.web.servlet.WebDriverTestExecutionListener, org.springframework.boot.test.autoconfigure.webservices.client.MockWebServiceServerTestExecutionListener, org.springframework.test.context.web.ServletTestExecutionListener, org.springframework.test.context.support.DirtiesContextBeforeModesTestExecutionListener, org.springframework.test.context.support.DependencyInjectionTestExecutionListener, org.springframework.test.context.support.DirtiesContextTestExecutionListener, org.springframework.test.context.transaction.TransactionalTestExecutionListener, org.springframework.test.context.jdbc.SqlScriptsTestExecutionListener, org.springframework.test.context.event.EventPublishingTestExecutionListener]
2026-04-25 22:42:46 [main] INFO  o.s.b.t.a.o.j.DataJpaTestContextBootstrapper:177 - Using TestExecutionListeners: [org.springframework.test.context.web.ServletTestExecutionListener@25c548d1, org.springframework.test.context.support.DirtiesContextBeforeModesTestExecutionListener@476a2819, org.springframework.boot.test.mock.mockito.MockitoTestExecutionListener@279ab15e, org.springframework.boot.test.autoconfigure.SpringBootDependencyInjectionTestExecutionListener@571c2ed8, org.springframework.test.context.support.DirtiesContextTestExecutionListener@5810772a, org.springframework.test.context.transaction.TransactionalTestExecutionListener@4eacb6d1, org.springframework.test.context.jdbc.SqlScriptsTestExecutionListener@3ccefe1b, org.springframework.test.context.event.EventPublishingTestExecutionListener@a926db4, org.springframework.boot.test.mock.mockito.ResetMocksTestExecutionListener@51e0f2eb, org.springframework.boot.test.autoconfigure.restdocs.RestDocsTestExecutionListener@7a51dc38, org.springframework.boot.test.autoconfigure.web.client.MockRestServiceServerResetTestExecutionListener@31a4db4f, org.springframework.boot.test.autoconfigure.web.servlet.MockMvcPrintOnlyOnFailureTestExecutionListener@2842ef02, org.springframework.boot.test.autoconfigure.web.servlet.WebDriverTestExecutionListener@7e63374b, org.springframework.boot.test.autoconfigure.webservices.client.MockWebServiceServerTestExecutionListener@aa794a3]
2026-04-25 22:43:04 [main] INFO  c.s.invest.StockInvestApplication:55 - Starting StockInvestApplication on ASUS-DESKTOP with PID 315135 (/home/allon/application/stock-invest/target/classes started by allon in /home/allon/application/stock-invest)
2026-04-25 22:43:04 [main] INFO  c.s.invest.StockInvestApplication:652 - The following profiles are active: twelvedata
2026-04-25 22:43:05 [main] INFO  o.s.b.w.e.tomcat.TomcatWebServer:108 - Tomcat initialized with port(s): 8090 (http)
2026-04-25 22:43:05 [main] INFO  o.s.b.w.s.c.ServletWebServerApplicationContext:285 - Root WebApplicationContext: initialization completed in 588 ms
2026-04-25 22:43:06 [main] WARN  o.s.b.a.o.j.JpaBaseConfiguration$JpaWebConfiguration:220 - spring.jpa.open-in-view is enabled by default. Therefore, database queries may be performed during view rendering. Explicitly configure spring.jpa.open-in-view to disable this warning
2026-04-25 22:43:06 [main] INFO  o.s.b.w.e.tomcat.TomcatWebServer:220 - Tomcat started on port(s): 8090 (http) with context path ''
2026-04-25 22:43:06 [main] INFO  c.s.invest.StockInvestApplication:61 - Started StockInvestApplication in 1.779 seconds (JVM running for 1.935)
2026-04-25 22:43:06 [main] INFO  c.s.i.StockInvestApplication$StockServiceStartupLogger:68 - ==== 当前使用的StockService实现是: com.stock.invest.service.impl.PriorityStockServiceImpl ====
2026-04-25 22:43:06 [main] INFO  c.s.invest.StockInvestApplication:33 - 当前激活的profiles: twelvedata
2026-04-25 22:46:07 [main] INFO  o.s.b.t.a.j.TestDatabaseAutoConfiguration$EmbeddedDataSourceBeanFactoryPostProcessor:99 - Replacing 'dataSource' DataSource bean with embedded version
2026-04-25 22:46:08 [main] INFO  c.s.i.StockInvestApplication$StockServiceStartupLogger:68 - ==== 当前使用的StockService实现是: com.stock.invest.service.StockService$MockitoMock$1641075154 ====
2026-04-25 22:46:08 [main] INFO  o.s.b.t.a.o.j.DataJpaTestContextBootstrapper:308 - Neither @ContextConfiguration nor @ContextHierarchy found for test class [com.stock.invest.repository.StockDailyBarRepositoryTest], using SpringBootContextLoader
2026-04-25 22:46:08 [main] INFO  o.s.b.t.c.SpringBootTestContextBootstrapper:237 - Found @SpringBootConfiguration com.stock.invest.StockInvestApplication for test class com.stock.invest.repository.StockDailyBarRepositoryTest
2026-04-25 22:46:08 [main] INFO  o.s.b.t.a.o.j.DataJpaTestContextBootstrapper:248 - Loaded default TestExecutionListener class names from location [META-INF/spring.factories]: [org.springframework.boot.test.mock.mockito.MockitoTestExecutionListener, org.springframework.boot.test.mock.mockito.ResetMocksTestExecutionListener, org.springframework.boot.test.autoconfigure.restdocs.RestDocsTestExecutionListener, org.springframework.boot.test.autoconfigure.web.client.MockRestServiceServerResetTestExecutionListener, org.springframework.boot.test.autoconfigure.web.servlet.MockMvcPrintOnlyOnFailureTestExecutionListener, org.springframework.boot.test.autoconfigure.web.servlet.WebDriverTestExecutionListener, org.springframework.boot.test.autoconfigure.webservices.client.MockWebServiceServerTestExecutionListener, org.springframework.test.context.web.ServletTestExecutionListener, org.springframework.test.context.support.DirtiesContextBeforeModesTestExecutionListener, org.springframework.test.context.support.DependencyInjectionTestExecutionListener, org.springframework.test.context.support.DirtiesContextTestExecutionListener, org.springframework.test.context.transaction.TransactionalTestExecutionListener, org.springframework.test.context.jdbc.SqlScriptsTestExecutionListener, org.springframework.test.context.event.EventPublishingTestExecutionListener]
2026-04-25 22:46:08 [main] INFO  o.s.b.t.a.o.j.DataJpaTestContextBootstrapper:177 - Using TestExecutionListeners: [org.springframework.test.context.web.ServletTestExecutionListener@25c548d1, org.springframework.test.context.support.DirtiesContextBeforeModesTestExecutionListener@476a2819, org.springframework.boot.test.mock.mockito.MockitoTestExecutionListener@279ab15e, org.springframework.boot.test.autoconfigure.SpringBootDependencyInjectionTestExecutionListener@571c2ed8, org.springframework.test.context.support.DirtiesContextTestExecutionListener@5810772a, org.springframework.test.context.transaction.TransactionalTestExecutionListener@4eacb6d1, org.springframework.test.context.jdbc.SqlScriptsTestExecutionListener@3ccefe1b, org.springframework.test.context.event.EventPublishingTestExecutionListener@a926db4, org.springframework.boot.test.mock.mockito.ResetMocksTestExecutionListener@51e0f2eb, org.springframework.boot.test.autoconfigure.restdocs.RestDocsTestExecutionListener@7a51dc38, org.springframework.boot.test.autoconfigure.web.client.MockRestServiceServerResetTestExecutionListener@31a4db4f, org.springframework.boot.test.autoconfigure.web.servlet.MockMvcPrintOnlyOnFailureTestExecutionListener@2842ef02, org.springframework.boot.test.autoconfigure.web.servlet.WebDriverTestExecutionListener@7e63374b, org.springframework.boot.test.autoconfigure.webservices.client.MockWebServiceServerTestExecutionListener@aa794a3]
2026-04-25 22:48:50 [main] INFO  o.s.b.t.a.j.TestDatabaseAutoConfiguration$EmbeddedDataSourceBeanFactoryPostProcessor:99 - Replacing 'dataSource' DataSource bean with embedded version
2026-04-25 22:48:51 [main] INFO  c.s.i.StockInvestApplication$StockServiceStartupLogger:68 - ==== 当前使用的StockService实现是: com.stock.invest.service.StockService$MockitoMock$1755823841 ====
2026-04-25 22:48:51 [main] INFO  o.s.b.t.a.o.j.DataJpaTestContextBootstrapper:308 - Neither @ContextConfiguration nor @ContextHierarchy found for test class [com.stock.invest.repository.StockDailyBarRepositoryTest], using SpringBootContextLoader
2026-04-25 22:48:51 [main] INFO  o.s.b.t.c.SpringBootTestContextBootstrapper:237 - Found @SpringBootConfiguration com.stock.invest.StockInvestApplication for test class com.stock.invest.repository.StockDailyBarRepositoryTest
2026-04-25 22:48:51 [main] INFO  o.s.b.t.a.o.j.DataJpaTestContextBootstrapper:248 - Loaded default TestExecutionListener class names from location [META-INF/spring.factories]: [org.springframework.boot.test.mock.mockito.MockitoTestExecutionListener, org.springframework.boot.test.mock.mockito.ResetMocksTestExecutionListener, org.springframework.boot.test.autoconfigure.restdocs.RestDocsTestExecutionListener, org.springframework.boot.test.autoconfigure.web.client.MockRestServiceServerResetTestExecutionListener, org.springframework.boot.test.autoconfigure.web.servlet.MockMvcPrintOnlyOnFailureTestExecutionListener, org.springframework.boot.test.autoconfigure.web.servlet.WebDriverTestExecutionListener, org.springframework.boot.test.autoconfigure.webservices.client.MockWebServiceServerTestExecutionListener, org.springframework.test.context.web.ServletTestExecutionListener, org.springframework.test.context.support.DirtiesContextBeforeModesTestExecutionListener, org.springframework.test.context.support.DependencyInjectionTestExecutionListener, org.springframework.test.context.support.DirtiesContextTestExecutionListener, org.springframework.test.context.transaction.TransactionalTestExecutionListener, org.springframework.test.context.jdbc.SqlScriptsTestExecutionListener, org.springframework.test.context.event.EventPublishingTestExecutionListener]
2026-04-25 22:48:51 [main] INFO  o.s.b.t.a.o.j.DataJpaTestContextBootstrapper:177 - Using TestExecutionListeners: [org.springframework.test.context.web.ServletTestExecutionListener@25c548d1, org.springframework.test.context.support.DirtiesContextBeforeModesTestExecutionListener@476a2819, org.springframework.boot.test.mock.mockito.MockitoTestExecutionListener@279ab15e, org.springframework.boot.test.autoconfigure.SpringBootDependencyInjectionTestExecutionListener@571c2ed8, org.springframework.test.context.support.DirtiesContextTestExecutionListener@5810772a, org.springframework.test.context.transaction.TransactionalTestExecutionListener@4eacb6d1, org.springframework.test.context.jdbc.SqlScriptsTestExecutionListener@3ccefe1b, org.springframework.test.context.event.EventPublishingTestExecutionListener@a926db4, org.springframework.boot.test.mock.mockito.ResetMocksTestExecutionListener@51e0f2eb, org.springframework.boot.test.autoconfigure.restdocs.RestDocsTestExecutionListener@7a51dc38, org.springframework.boot.test.autoconfigure.web.client.MockRestServiceServerResetTestExecutionListener@31a4db4f, org.springframework.boot.test.autoconfigure.web.servlet.MockMvcPrintOnlyOnFailureTestExecutionListener@2842ef02, org.springframework.boot.test.autoconfigure.web.servlet.WebDriverTestExecutionListener@7e63374b, org.springframework.boot.test.autoconfigure.webservices.client.MockWebServiceServerTestExecutionListener@aa794a3]
2026-04-25 22:49:14 [main] INFO  c.s.invest.StockInvestApplication:55 - Starting StockInvestApplication on ASUS-DESKTOP with PID 315974 (/home/allon/application/stock-invest/target/classes started by allon in /home/allon/application/stock-invest)
2026-04-25 22:49:14 [main] INFO  c.s.invest.StockInvestApplication:652 - The following profiles are active: twelvedata
2026-04-25 22:49:15 [main] INFO  o.s.b.w.e.tomcat.TomcatWebServer:108 - Tomcat initialized with port(s): 8090 (http)
2026-04-25 22:49:15 [main] INFO  o.s.b.w.s.c.ServletWebServerApplicationContext:285 - Root WebApplicationContext: initialization completed in 510 ms
2026-04-25 22:49:15 [main] WARN  o.s.b.a.o.j.JpaBaseConfiguration$JpaWebConfiguration:220 - spring.jpa.open-in-view is enabled by default. Therefore, database queries may be performed during view rendering. Explicitly configure spring.jpa.open-in-view to disable this warning
2026-04-25 22:49:15 [main] INFO  o.s.b.w.e.tomcat.TomcatWebServer:220 - Tomcat started on port(s): 8090 (http) with context path ''
2026-04-25 22:49:15 [main] INFO  c.s.invest.StockInvestApplication:61 - Started StockInvestApplication in 1.612 seconds (JVM running for 1.759)
2026-04-25 22:49:15 [main] INFO  c.s.i.StockInvestApplication$StockServiceStartupLogger:68 - ==== 当前使用的StockService实现是: com.stock.invest.service.impl.PriorityStockServiceImpl ====
2026-04-25 22:49:15 [main] INFO  c.s.invest.StockInvestApplication:33 - 当前激活的profiles: twelvedata
2026-04-25 22:52:50 [main] INFO  o.s.b.t.a.j.TestDatabaseAutoConfiguration$EmbeddedDataSourceBeanFactoryPostProcessor:99 - Replacing 'dataSource' DataSource bean with embedded version
2026-04-25 22:52:51 [main] INFO  c.s.i.StockInvestApplication$StockServiceStartupLogger:68 - ==== 当前使用的StockService实现是: com.stock.invest.service.StockService$MockitoMock$1434452524 ====
2026-04-25 22:52:51 [main] INFO  o.s.b.t.a.o.j.DataJpaTestContextBootstrapper:308 - Neither @ContextConfiguration nor @ContextHierarchy found for test class [com.stock.invest.repository.StockDailyBarRepositoryTest], using SpringBootContextLoader
2026-04-25 22:52:51 [main] INFO  o.s.b.t.c.SpringBootTestContextBootstrapper:237 - Found @SpringBootConfiguration com.stock.invest.StockInvestApplication for test class com.stock.invest.repository.StockDailyBarRepositoryTest
2026-04-25 22:52:51 [main] INFO  o.s.b.t.a.o.j.DataJpaTestContextBootstrapper:248 - Loaded default TestExecutionListener class names from location [META-INF/spring.factories]: [org.springframework.boot.test.mock.mockito.MockitoTestExecutionListener, org.springframework.boot.test.mock.mockito.ResetMocksTestExecutionListener, org.springframework.boot.test.autoconfigure.restdocs.RestDocsTestExecutionListener, org.springframework.boot.test.autoconfigure.web.client.MockRestServiceServerResetTestExecutionListener, org.springframework.boot.test.autoconfigure.web.servlet.MockMvcPrintOnlyOnFailureTestExecutionListener, org.springframework.boot.test.autoconfigure.web.servlet.WebDriverTestExecutionListener, org.springframework.boot.test.autoconfigure.webservices.client.MockWebServiceServerTestExecutionListener, org.springframework.test.context.web.ServletTestExecutionListener, org.springframework.test.context.support.DirtiesContextBeforeModesTestExecutionListener, org.springframework.test.context.support.DependencyInjectionTestExecutionListener, org.springframework.test.context.support.DirtiesContextTestExecutionListener, org.springframework.test.context.transaction.TransactionalTestExecutionListener, org.springframework.test.context.jdbc.SqlScriptsTestExecutionListener, org.springframework.test.context.event.EventPublishingTestExecutionListener]
2026-04-25 22:52:51 [main] INFO  o.s.b.t.a.o.j.DataJpaTestContextBootstrapper:177 - Using TestExecutionListeners: [org.springframework.test.context.web.ServletTestExecutionListener@11e3d08, org.springframework.test.context.support.DirtiesContextBeforeModesTestExecutionListener@25c548d1, org.springframework.boot.test.mock.mockito.MockitoTestExecutionListener@476a2819, org.springframework.boot.test.autoconfigure.SpringBootDependencyInjectionTestExecutionListener@279ab15e, org.springframework.test.context.support.DirtiesContextTestExecutionListener@571c2ed8, org.springframework.test.context.transaction.TransactionalTestExecutionListener@5810772a, org.springframework.test.context.jdbc.SqlScriptsTestExecutionListener@4eacb6d1, org.springframework.test.context.event.EventPublishingTestExecutionListener@3ccefe1b, org.springframework.boot.test.mock.mockito.ResetMocksTestExecutionListener@a926db4, org.springframework.boot.test.autoconfigure.restdocs.RestDocsTestExecutionListener@51e0f2eb, org.springframework.boot.test.autoconfigure.web.client.MockRestServiceServerResetTestExecutionListener@7a51dc38, org.springframework.boot.test.autoconfigure.web.servlet.MockMvcPrintOnlyOnFailureTestExecutionListener@31a4db4f, org.springframework.boot.test.autoconfigure.web.servlet.WebDriverTestExecutionListener@2842ef02, org.springframework.boot.test.autoconfigure.webservices.client.MockWebServiceServerTestExecutionListener@7e63374b]
2026-04-25 22:53:03 [main] INFO  c.s.invest.StockInvestApplication:55 - Starting StockInvestApplication on ASUS-DESKTOP with PID 316416 (/home/allon/application/stock-invest/target/classes started by allon in /home/allon/application/stock-invest)
2026-04-25 22:53:03 [main] INFO  c.s.invest.StockInvestApplication:652 - The following profiles are active: twelvedata
2026-04-25 22:53:03 [main] INFO  o.s.b.w.e.tomcat.TomcatWebServer:108 - Tomcat initialized with port(s): 8090 (http)
2026-04-25 22:53:03 [main] INFO  o.s.b.w.s.c.ServletWebServerApplicationContext:285 - Root WebApplicationContext: initialization completed in 521 ms
2026-04-25 22:53:04 [main] WARN  o.s.b.a.o.j.JpaBaseConfiguration$JpaWebConfiguration:220 - spring.jpa.open-in-view is enabled by default. Therefore, database queries may be performed during view rendering. Explicitly configure spring.jpa.open-in-view to disable this warning
2026-04-25 22:53:04 [main] INFO  o.s.b.w.e.tomcat.TomcatWebServer:220 - Tomcat started on port(s): 8090 (http) with context path ''
2026-04-25 22:53:04 [main] INFO  c.s.invest.StockInvestApplication:61 - Started StockInvestApplication in 1.633 seconds (JVM running for 1.78)
2026-04-25 22:53:04 [main] INFO  c.s.i.StockInvestApplication$StockServiceStartupLogger:68 - ==== 当前使用的StockService实现是: com.stock.invest.service.impl.PriorityStockServiceImpl ====
2026-04-25 22:53:04 [main] INFO  c.s.invest.StockInvestApplication:33 - 当前激活的profiles: twelvedata
2026-04-25 22:55:54 [main] INFO  o.s.b.t.a.j.TestDatabaseAutoConfiguration$EmbeddedDataSourceBeanFactoryPostProcessor:99 - Replacing 'dataSource' DataSource bean with embedded version
2026-04-25 22:55:55 [main] INFO  c.s.i.StockInvestApplication$StockServiceStartupLogger:68 - ==== 当前使用的StockService实现是: com.stock.invest.service.StockService$MockitoMock$1101210741 ====
2026-04-25 22:55:55 [main] INFO  o.s.b.t.a.o.j.DataJpaTestContextBootstrapper:308 - Neither @ContextConfiguration nor @ContextHierarchy found for test class [com.stock.invest.repository.StockDailyBarRepositoryTest], using SpringBootContextLoader
2026-04-25 22:55:55 [main] INFO  o.s.b.t.c.SpringBootTestContextBootstrapper:237 - Found @SpringBootConfiguration com.stock.invest.StockInvestApplication for test class com.stock.invest.repository.StockDailyBarRepositoryTest
2026-04-25 22:55:55 [main] INFO  o.s.b.t.a.o.j.DataJpaTestContextBootstrapper:248 - Loaded default TestExecutionListener class names from location [META-INF/spring.factories]: [org.springframework.boot.test.mock.mockito.MockitoTestExecutionListener, org.springframework.boot.test.mock.mockito.ResetMocksTestExecutionListener, org.springframework.boot.test.autoconfigure.restdocs.RestDocsTestExecutionListener, org.springframework.boot.test.autoconfigure.web.client.MockRestServiceServerResetTestExecutionListener, org.springframework.boot.test.autoconfigure.web.servlet.MockMvcPrintOnlyOnFailureTestExecutionListener, org.springframework.boot.test.autoconfigure.web.servlet.WebDriverTestExecutionListener, org.springframework.boot.test.autoconfigure.webservices.client.MockWebServiceServerTestExecutionListener, org.springframework.test.context.web.ServletTestExecutionListener, org.springframework.test.context.support.DirtiesContextBeforeModesTestExecutionListener, org.springframework.test.context.support.DependencyInjectionTestExecutionListener, org.springframework.test.context.support.DirtiesContextTestExecutionListener, org.springframework.test.context.transaction.TransactionalTestExecutionListener, org.springframework.test.context.jdbc.SqlScriptsTestExecutionListener, org.springframework.test.context.event.EventPublishingTestExecutionListener]
2026-04-25 22:55:55 [main] INFO  o.s.b.t.a.o.j.DataJpaTestContextBootstrapper:177 - Using TestExecutionListeners: [org.springframework.test.context.web.ServletTestExecutionListener@7341baa3, org.springframework.test.context.support.DirtiesContextBeforeModesTestExecutionListener@1ca0aa40, org.springframework.boot.test.mock.mockito.MockitoTestExecutionListener@626766fd, org.springframework.boot.test.autoconfigure.SpringBootDependencyInjectionTestExecutionListener@e1fd2bf, org.springframework.test.context.support.DirtiesContextTestExecutionListener@70f5f57d, org.springframework.test.context.transaction.TransactionalTestExecutionListener@691eb389, org.springframework.test.context.jdbc.SqlScriptsTestExecutionListener@301770d9, org.springframework.test.context.event.EventPublishingTestExecutionListener@40edc64e, org.springframework.boot.test.mock.mockito.ResetMocksTestExecutionListener@1fec9d33, org.springframework.boot.test.autoconfigure.restdocs.RestDocsTestExecutionListener@372f7bc, org.springframework.boot.test.autoconfigure.web.client.MockRestServiceServerResetTestExecutionListener@8e8ceb3, org.springframework.boot.test.autoconfigure.web.servlet.MockMvcPrintOnlyOnFailureTestExecutionListener@2699b656, org.springframework.boot.test.autoconfigure.web.servlet.WebDriverTestExecutionListener@5d67b2b3, org.springframework.boot.test.autoconfigure.webservices.client.MockWebServiceServerTestExecutionListener@49bc71b4]
2026-04-25 22:56:12 [main] INFO  c.s.invest.StockInvestApplication:55 - Starting StockInvestApplication on ASUS-DESKTOP with PID 317033 (/home/allon/application/stock-invest/target/classes started by allon in /home/allon/application/stock-invest)
2026-04-25 22:56:12 [main] INFO  c.s.invest.StockInvestApplication:652 - The following profiles are active: twelvedata
2026-04-25 22:56:13 [main] INFO  o.s.b.w.e.tomcat.TomcatWebServer:108 - Tomcat initialized with port(s): 8090 (http)
2026-04-25 22:56:13 [main] INFO  o.s.b.w.s.c.ServletWebServerApplicationContext:285 - Root WebApplicationContext: initialization completed in 522 ms
2026-04-25 22:56:14 [main] WARN  o.s.b.a.o.j.JpaBaseConfiguration$JpaWebConfiguration:220 - spring.jpa.open-in-view is enabled by default. Therefore, database queries may be performed during view rendering. Explicitly configure spring.jpa.open-in-view to disable this warning
2026-04-25 22:56:14 [main] INFO  o.s.b.w.e.tomcat.TomcatWebServer:220 - Tomcat started on port(s): 8090 (http) with context path ''
2026-04-25 22:56:14 [main] INFO  c.s.invest.StockInvestApplication:61 - Started StockInvestApplication in 1.664 seconds (JVM running for 1.803)
2026-04-25 22:56:14 [main] INFO  c.s.i.StockInvestApplication$StockServiceStartupLogger:68 - ==== 当前使用的StockService实现是: com.stock.invest.service.impl.PriorityStockServiceImpl ====
2026-04-25 22:56:14 [main] INFO  c.s.invest.StockInvestApplication:33 - 当前激活的profiles: twelvedata
2026-04-25 22:58:59 [main] INFO  c.s.invest.StockInvestApplication:55 - Starting StockInvestApplication on ASUS-DESKTOP with PID 317302 (/home/allon/application/stock-invest/target/classes started by allon in /home/allon/application/stock-invest)
2026-04-25 22:58:59 [main] INFO  c.s.invest.StockInvestApplication:652 - The following profiles are active: twelvedata
2026-04-25 22:58:59 [main] INFO  o.s.b.w.e.tomcat.TomcatWebServer:108 - Tomcat initialized with port(s): 8090 (http)
2026-04-25 22:58:59 [main] INFO  o.s.b.w.s.c.ServletWebServerApplicationContext:285 - Root WebApplicationContext: initialization completed in 525 ms
2026-04-25 22:59:00 [main] WARN  o.s.b.a.o.j.JpaBaseConfiguration$JpaWebConfiguration:220 - spring.jpa.open-in-view is enabled by default. Therefore, database queries may be performed during view rendering. Explicitly configure spring.jpa.open-in-view to disable this warning
2026-04-25 22:59:00 [main] INFO  o.s.b.w.e.tomcat.TomcatWebServer:220 - Tomcat started on port(s): 8090 (http) with context path ''
2026-04-25 22:59:00 [main] INFO  c.s.invest.StockInvestApplication:61 - Started StockInvestApplication in 1.678 seconds (JVM running for 1.849)
2026-04-25 22:59:00 [main] INFO  c.s.i.StockInvestApplication$StockServiceStartupLogger:68 - ==== 当前使用的StockService实现是: com.stock.invest.service.impl.PriorityStockServiceImpl ====
2026-04-25 22:59:00 [main] INFO  c.s.invest.StockInvestApplication:33 - 当前激活的profiles: twelvedata
2026-04-25 23:01:53 [main] INFO  o.s.b.t.a.j.TestDatabaseAutoConfiguration$EmbeddedDataSourceBeanFactoryPostProcessor:99 - Replacing 'dataSource' DataSource bean with embedded version
2026-04-25 23:01:54 [main] INFO  c.s.i.StockInvestApplication$StockServiceStartupLogger:68 - ==== 当前使用的StockService实现是: com.stock.invest.service.StockService$MockitoMock$443695799 ====
2026-04-25 23:01:54 [main] INFO  o.s.b.t.a.o.j.DataJpaTestContextBootstrapper:308 - Neither @ContextConfiguration nor @ContextHierarchy found for test class [com.stock.invest.repository.StockDailyBarRepositoryTest], using SpringBootContextLoader
2026-04-25 23:01:54 [main] INFO  o.s.b.t.c.SpringBootTestContextBootstrapper:237 - Found @SpringBootConfiguration com.stock.invest.StockInvestApplication for test class com.stock.invest.repository.StockDailyBarRepositoryTest
2026-04-25 23:01:54 [main] INFO  o.s.b.t.a.o.j.DataJpaTestContextBootstrapper:248 - Loaded default TestExecutionListener class names from location [META-INF/spring.factories]: [org.springframework.boot.test.mock.mockito.MockitoTestExecutionListener, org.springframework.boot.test.mock.mockito.ResetMocksTestExecutionListener, org.springframework.boot.test.autoconfigure.restdocs.RestDocsTestExecutionListener, org.springframework.boot.test.autoconfigure.web.client.MockRestServiceServerResetTestExecutionListener, org.springframework.boot.test.autoconfigure.web.servlet.MockMvcPrintOnlyOnFailureTestExecutionListener, org.springframework.boot.test.autoconfigure.web.servlet.WebDriverTestExecutionListener, org.springframework.boot.test.autoconfigure.webservices.client.MockWebServiceServerTestExecutionListener, org.springframework.test.context.web.ServletTestExecutionListener, org.springframework.test.context.support.DirtiesContextBeforeModesTestExecutionListener, org.springframework.test.context.support.DependencyInjectionTestExecutionListener, org.springframework.test.context.support.DirtiesContextTestExecutionListener, org.springframework.test.context.transaction.TransactionalTestExecutionListener, org.springframework.test.context.jdbc.SqlScriptsTestExecutionListener, org.springframework.test.context.event.EventPublishingTestExecutionListener]
2026-04-25 23:01:54 [main] INFO  o.s.b.t.a.o.j.DataJpaTestContextBootstrapper:177 - Using TestExecutionListeners: [org.springframework.test.context.web.ServletTestExecutionListener@25c548d1, org.springframework.test.context.support.DirtiesContextBeforeModesTestExecutionListener@476a2819, org.springframework.boot.test.mock.mockito.MockitoTestExecutionListener@279ab15e, org.springframework.boot.test.autoconfigure.SpringBootDependencyInjectionTestExecutionListener@571c2ed8, org.springframework.test.context.support.DirtiesContextTestExecutionListener@5810772a, org.springframework.test.context.transaction.TransactionalTestExecutionListener@4eacb6d1, org.springframework.test.context.jdbc.SqlScriptsTestExecutionListener@3ccefe1b, org.springframework.test.context.event.EventPublishingTestExecutionListener@a926db4, org.springframework.boot.test.mock.mockito.ResetMocksTestExecutionListener@51e0f2eb, org.springframework.boot.test.autoconfigure.restdocs.RestDocsTestExecutionListener@7a51dc38, org.springframework.boot.test.autoconfigure.web.client.MockRestServiceServerResetTestExecutionListener@31a4db4f, org.springframework.boot.test.autoconfigure.web.servlet.MockMvcPrintOnlyOnFailureTestExecutionListener@2842ef02, org.springframework.boot.test.autoconfigure.web.servlet.WebDriverTestExecutionListener@7e63374b, org.springframework.boot.test.autoconfigure.webservices.client.MockWebServiceServerTestExecutionListener@aa794a3]
2026-04-25 23:02:12 [main] INFO  c.s.invest.StockInvestApplication:55 - Starting StockInvestApplication on ASUS-DESKTOP with PID 318373 (/home/allon/application/stock-invest/target/classes started by allon in /home/allon/application/stock-invest)
2026-04-25 23:02:12 [main] INFO  c.s.invest.StockInvestApplication:652 - The following profiles are active: twelvedata
2026-04-25 23:02:12 [main] INFO  o.s.b.w.e.tomcat.TomcatWebServer:108 - Tomcat initialized with port(s): 8090 (http)
2026-04-25 23:02:12 [main] INFO  o.s.b.w.s.c.ServletWebServerApplicationContext:285 - Root WebApplicationContext: initialization completed in 524 ms
2026-04-25 23:02:12 [main] WARN  o.s.b.a.o.j.JpaBaseConfiguration$JpaWebConfiguration:220 - spring.jpa.open-in-view is enabled by default. Therefore, database queries may be performed during view rendering. Explicitly configure spring.jpa.open-in-view to disable this warning
2026-04-25 23:02:12 [main] INFO  o.s.b.w.e.tomcat.TomcatWebServer:220 - Tomcat started on port(s): 8090 (http) with context path ''
2026-04-25 23:02:12 [main] INFO  c.s.invest.StockInvestApplication:61 - Started StockInvestApplication in 1.657 seconds (JVM running for 1.803)
2026-04-25 23:02:12 [main] INFO  c.s.i.StockInvestApplication$StockServiceStartupLogger:68 - ==== 当前使用的StockService实现是: com.stock.invest.service.impl.PriorityStockServiceImpl ====
2026-04-25 23:02:12 [main] INFO  c.s.invest.StockInvestApplication:33 - 当前激活的profiles: twelvedata
2026-04-25 23:04:01 [main] INFO  o.s.b.t.a.j.TestDatabaseAutoConfiguration$EmbeddedDataSourceBeanFactoryPostProcessor:99 - Replacing 'dataSource' DataSource bean with embedded version
2026-04-25 23:04:02 [main] INFO  c.s.i.StockInvestApplication$StockServiceStartupLogger:68 - ==== 当前使用的StockService实现是: com.stock.invest.service.StockService$MockitoMock$311607215 ====
2026-04-25 23:04:02 [main] INFO  o.s.b.t.a.o.j.DataJpaTestContextBootstrapper:308 - Neither @ContextConfiguration nor @ContextHierarchy found for test class [com.stock.invest.repository.StockDailyBarRepositoryTest], using SpringBootContextLoader
2026-04-25 23:04:02 [main] INFO  o.s.b.t.c.SpringBootTestContextBootstrapper:237 - Found @SpringBootConfiguration com.stock.invest.StockInvestApplication for test class com.stock.invest.repository.StockDailyBarRepositoryTest
2026-04-25 23:04:02 [main] INFO  o.s.b.t.a.o.j.DataJpaTestContextBootstrapper:248 - Loaded default TestExecutionListener class names from location [META-INF/spring.factories]: [org.springframework.boot.test.mock.mockito.MockitoTestExecutionListener, org.springframework.boot.test.mock.mockito.ResetMocksTestExecutionListener, org.springframework.boot.test.autoconfigure.restdocs.RestDocsTestExecutionListener, org.springframework.boot.test.autoconfigure.web.client.MockRestServiceServerResetTestExecutionListener, org.springframework.boot.test.autoconfigure.web.servlet.MockMvcPrintOnlyOnFailureTestExecutionListener, org.springframework.boot.test.autoconfigure.web.servlet.WebDriverTestExecutionListener, org.springframework.boot.test.autoconfigure.webservices.client.MockWebServiceServerTestExecutionListener, org.springframework.test.context.web.ServletTestExecutionListener, org.springframework.test.context.support.DirtiesContextBeforeModesTestExecutionListener, org.springframework.test.context.support.DependencyInjectionTestExecutionListener, org.springframework.test.context.support.DirtiesContextTestExecutionListener, org.springframework.test.context.transaction.TransactionalTestExecutionListener, org.springframework.test.context.jdbc.SqlScriptsTestExecutionListener, org.springframework.test.context.event.EventPublishingTestExecutionListener]
2026-04-25 23:04:02 [main] INFO  o.s.b.t.a.o.j.DataJpaTestContextBootstrapper:177 - Using TestExecutionListeners: [org.springframework.test.context.web.ServletTestExecutionListener@39b95a80, org.springframework.test.context.support.DirtiesContextBeforeModesTestExecutionListener@3ec62141, org.springframework.boot.test.mock.mockito.MockitoTestExecutionListener@402c9a60, org.springframework.boot.test.autoconfigure.SpringBootDependencyInjectionTestExecutionListener@7d43f1c9, org.springframework.test.context.support.DirtiesContextTestExecutionListener@eddc9bb, org.springframework.test.context.transaction.TransactionalTestExecutionListener@11e3d08, org.springframework.test.context.jdbc.SqlScriptsTestExecutionListener@25c548d1, org.springframework.test.context.event.EventPublishingTestExecutionListener@476a2819, org.springframework.boot.test.mock.mockito.ResetMocksTestExecutionListener@279ab15e, org.springframework.boot.test.autoconfigure.restdocs.RestDocsTestExecutionListener@571c2ed8, org.springframework.boot.test.autoconfigure.web.client.MockRestServiceServerResetTestExecutionListener@5810772a, org.springframework.boot.test.autoconfigure.web.servlet.MockMvcPrintOnlyOnFailureTestExecutionListener@4eacb6d1, org.springframework.boot.test.autoconfigure.web.servlet.WebDriverTestExecutionListener@3ccefe1b, org.springframework.boot.test.autoconfigure.webservices.client.MockWebServiceServerTestExecutionListener@a926db4]
2026-04-25 23:06:16 [main] INFO  c.s.invest.StockInvestApplication:55 - Starting StockInvestApplication on ASUS-DESKTOP with PID 319135 (/home/allon/application/stock-invest/target/classes started by allon in /home/allon/application/stock-invest)
2026-04-25 23:06:16 [main] INFO  c.s.invest.StockInvestApplication:652 - The following profiles are active: twelvedata
2026-04-25 23:06:16 [main] INFO  o.s.b.w.e.tomcat.TomcatWebServer:108 - Tomcat initialized with port(s): 8090 (http)
2026-04-25 23:06:16 [main] INFO  o.s.b.w.s.c.ServletWebServerApplicationContext:285 - Root WebApplicationContext: initialization completed in 534 ms
2026-04-25 23:06:17 [main] WARN  o.s.b.a.o.j.JpaBaseConfiguration$JpaWebConfiguration:220 - spring.jpa.open-in-view is enabled by default. Therefore, database queries may be performed during view rendering. Explicitly configure spring.jpa.open-in-view to disable this warning
2026-04-25 23:06:17 [main] INFO  o.s.b.w.e.tomcat.TomcatWebServer:220 - Tomcat started on port(s): 8090 (http) with context path ''
2026-04-25 23:06:17 [main] INFO  c.s.invest.StockInvestApplication:61 - Started StockInvestApplication in 1.696 seconds (JVM running for 1.851)
2026-04-25 23:06:17 [main] INFO  c.s.i.StockInvestApplication$StockServiceStartupLogger:68 - ==== 当前使用的StockService实现是: com.stock.invest.service.impl.PriorityStockServiceImpl ====
2026-04-25 23:06:17 [main] INFO  c.s.invest.StockInvestApplication:33 - 当前激活的profiles: twelvedata
2026-04-25 23:10:53 [main] INFO  c.s.invest.StockInvestApplication:55 - Starting StockInvestApplication on ASUS-DESKTOP with PID 319529 (/home/allon/application/stock-invest/target/classes started by allon in /home/allon/application/stock-invest)
2026-04-25 23:10:53 [main] INFO  c.s.invest.StockInvestApplication:652 - The following profiles are active: twelvedata
2026-04-25 23:10:53 [main] INFO  o.s.b.w.e.tomcat.TomcatWebServer:108 - Tomcat initialized with port(s): 8090 (http)
2026-04-25 23:10:53 [main] INFO  o.s.b.w.s.c.ServletWebServerApplicationContext:285 - Root WebApplicationContext: initialization completed in 547 ms
2026-04-25 23:10:54 [main] WARN  o.s.b.a.o.j.JpaBaseConfiguration$JpaWebConfiguration:220 - spring.jpa.open-in-view is enabled by default. Therefore, database queries may be performed during view rendering. Explicitly configure spring.jpa.open-in-view to disable this warning
2026-04-25 23:10:54 [main] WARN  o.s.b.w.s.c.AnnotationConfigServletWebServerApplicationContext:559 - Exception encountered during context initialization - cancelling refresh attempt: org.springframework.context.ApplicationContextException: Failed to start bean 'webServerStartStop'; nested exception is org.springframework.boot.web.server.PortInUseException: Port 8090 is already in use
2026-04-25 23:10:54 [main] INFO  o.s.b.a.l.ConditionEvaluationReportLoggingListener:136 - 

Error starting ApplicationContext. To display the conditions report re-run your application with 'debug' enabled.
2026-04-25 23:10:54 [main] ERROR o.s.b.d.LoggingFailureAnalysisReporter:40 - 

***************************
APPLICATION FAILED TO START
***************************

Description:

Web server failed to start. Port 8090 was already in use.

Action:

Identify and stop the process that's listening on port 8090 or configure this application to listen on another port.

2026-04-25 23:11:16 [main] INFO  c.s.invest.StockInvestApplication:55 - Starting StockInvestApplication on ASUS-DESKTOP with PID 319741 (/home/allon/application/stock-invest/target/classes started by allon in /home/allon/application/stock-invest)
2026-04-25 23:11:16 [main] INFO  c.s.invest.StockInvestApplication:652 - The following profiles are active: twelvedata
2026-04-25 23:11:17 [main] INFO  o.s.b.w.e.tomcat.TomcatWebServer:108 - Tomcat initialized with port(s): 8090 (http)
2026-04-25 23:11:17 [main] INFO  o.s.b.w.s.c.ServletWebServerApplicationContext:285 - Root WebApplicationContext: initialization completed in 543 ms
2026-04-25 23:11:18 [main] WARN  o.s.b.a.o.j.JpaBaseConfiguration$JpaWebConfiguration:220 - spring.jpa.open-in-view is enabled by default. Therefore, database queries may be performed during view rendering. Explicitly configure spring.jpa.open-in-view to disable this warning
2026-04-25 23:11:18 [main] WARN  o.s.b.w.s.c.AnnotationConfigServletWebServerApplicationContext:559 - Exception encountered during context initialization - cancelling refresh attempt: org.springframework.context.ApplicationContextException: Failed to start bean 'webServerStartStop'; nested exception is org.springframework.boot.web.server.PortInUseException: Port 8090 is already in use
2026-04-25 23:11:18 [main] INFO  o.s.b.a.l.ConditionEvaluationReportLoggingListener:136 - 

Error starting ApplicationContext. To display the conditions report re-run your application with 'debug' enabled.
2026-04-25 23:11:18 [main] ERROR o.s.b.d.LoggingFailureAnalysisReporter:40 - 

***************************
APPLICATION FAILED TO START
***************************

Description:

Web server failed to start. Port 8090 was already in use.

Action:

Identify and stop the process that's listening on port 8090 or configure this application to listen on another port.

2026-04-25 23:11:49 [main] INFO  c.s.invest.StockInvestApplication:55 - Starting StockInvestApplication on ASUS-DESKTOP with PID 320159 (/home/allon/application/stock-invest/target/classes started by allon in /home/allon/application/stock-invest)
2026-04-25 23:11:49 [main] INFO  c.s.invest.StockInvestApplication:652 - The following profiles are active: twelvedata
2026-04-25 23:11:50 [main] INFO  o.s.b.w.e.tomcat.TomcatWebServer:108 - Tomcat initialized with port(s): 8090 (http)
2026-04-25 23:11:50 [main] INFO  o.s.b.w.s.c.ServletWebServerApplicationContext:285 - Root WebApplicationContext: initialization completed in 583 ms
2026-04-25 23:11:51 [main] WARN  o.s.b.a.o.j.JpaBaseConfiguration$JpaWebConfiguration:220 - spring.jpa.open-in-view is enabled by default. Therefore, database queries may be performed during view rendering. Explicitly configure spring.jpa.open-in-view to disable this warning
2026-04-25 23:11:51 [main] WARN  o.s.b.w.s.c.AnnotationConfigServletWebServerApplicationContext:559 - Exception encountered during context initialization - cancelling refresh attempt: org.springframework.context.ApplicationContextException: Failed to start bean 'webServerStartStop'; nested exception is org.springframework.boot.web.server.PortInUseException: Port 8090 is already in use
2026-04-25 23:11:51 [main] INFO  o.s.b.a.l.ConditionEvaluationReportLoggingListener:136 - 

Error starting ApplicationContext. To display the conditions report re-run your application with 'debug' enabled.
2026-04-25 23:11:51 [main] ERROR o.s.b.d.LoggingFailureAnalysisReporter:40 - 

***************************
APPLICATION FAILED TO START
***************************

Description:

Web server failed to start. Port 8090 was already in use.

Action:

Identify and stop the process that's listening on port 8090 or configure this application to listen on another port.

2026-04-25 23:13:04 [main] INFO  c.s.invest.StockInvestApplication:55 - Starting StockInvestApplication on ASUS-DESKTOP with PID 320527 (/home/allon/application/stock-invest/target/classes started by allon in /home/allon/application/stock-invest)
2026-04-25 23:13:04 [main] INFO  c.s.invest.StockInvestApplication:652 - The following profiles are active: twelvedata
2026-04-25 23:13:03 [main] INFO  o.s.b.w.e.tomcat.TomcatWebServer:108 - Tomcat initialized with port(s): 8090 (http)
2026-04-25 23:13:03 [main] INFO  o.s.b.w.s.c.ServletWebServerApplicationContext:285 - Root WebApplicationContext: initialization completed in -936 ms
2026-04-25 23:13:04 [main] WARN  o.s.b.a.o.j.JpaBaseConfiguration$JpaWebConfiguration:220 - spring.jpa.open-in-view is enabled by default. Therefore, database queries may be performed during view rendering. Explicitly configure spring.jpa.open-in-view to disable this warning
2026-04-25 23:13:04 [main] WARN  o.s.b.w.s.c.AnnotationConfigServletWebServerApplicationContext:559 - Exception encountered during context initialization - cancelling refresh attempt: org.springframework.context.ApplicationContextException: Failed to start bean 'webServerStartStop'; nested exception is org.springframework.boot.web.server.PortInUseException: Port 8090 is already in use
2026-04-25 23:13:04 [main] INFO  o.s.b.a.l.ConditionEvaluationReportLoggingListener:136 - 

Error starting ApplicationContext. To display the conditions report re-run your application with 'debug' enabled.
2026-04-25 23:13:04 [main] ERROR o.s.b.d.LoggingFailureAnalysisReporter:40 - 

***************************
APPLICATION FAILED TO START
***************************

Description:

Web server failed to start. Port 8090 was already in use.

Action:

Identify and stop the process that's listening on port 8090 or configure this application to listen on another port.

2026-04-25 23:14:52 [main] INFO  c.s.invest.StockInvestApplication:55 - Starting StockInvestApplication on ASUS-DESKTOP with PID 321414 (/home/allon/application/stock-invest/target/classes started by allon in /home/allon/application/stock-invest)
2026-04-25 23:14:52 [main] INFO  c.s.invest.StockInvestApplication:652 - The following profiles are active: twelvedata
2026-04-25 23:14:52 [main] INFO  o.s.b.w.e.tomcat.TomcatWebServer:108 - Tomcat initialized with port(s): 8090 (http)
2026-04-25 23:14:52 [main] INFO  o.s.b.w.s.c.ServletWebServerApplicationContext:285 - Root WebApplicationContext: initialization completed in 619 ms
2026-04-25 23:14:53 [main] WARN  o.s.b.a.o.j.JpaBaseConfiguration$JpaWebConfiguration:220 - spring.jpa.open-in-view is enabled by default. Therefore, database queries may be performed during view rendering. Explicitly configure spring.jpa.open-in-view to disable this warning
2026-04-25 23:14:53 [main] WARN  o.s.b.w.s.c.AnnotationConfigServletWebServerApplicationContext:559 - Exception encountered during context initialization - cancelling refresh attempt: org.springframework.context.ApplicationContextException: Failed to start bean 'webServerStartStop'; nested exception is org.springframework.boot.web.server.PortInUseException: Port 8090 is already in use
2026-04-25 23:14:53 [main] INFO  o.s.b.a.l.ConditionEvaluationReportLoggingListener:136 - 

Error starting ApplicationContext. To display the conditions report re-run your application with 'debug' enabled.
2026-04-25 23:14:53 [main] ERROR o.s.b.d.LoggingFailureAnalysisReporter:40 - 

***************************
APPLICATION FAILED TO START
***************************

Description:

Web server failed to start. Port 8090 was already in use.

Action:

Identify and stop the process that's listening on port 8090 or configure this application to listen on another port.

2026-04-25 23:19:07 [main] INFO  c.s.invest.StockInvestApplication:55 - Starting StockInvestApplication on ASUS-DESKTOP with PID 322078 (/home/allon/application/stock-invest/target/classes started by allon in /home/allon/application/stock-invest)
2026-04-25 23:19:07 [main] INFO  c.s.invest.StockInvestApplication:652 - The following profiles are active: twelvedata
2026-04-25 23:19:07 [main] INFO  o.s.b.w.e.tomcat.TomcatWebServer:108 - Tomcat initialized with port(s): 8090 (http)
2026-04-25 23:19:08 [main] INFO  o.s.b.w.s.c.ServletWebServerApplicationContext:285 - Root WebApplicationContext: initialization completed in 609 ms
2026-04-25 23:19:08 [main] WARN  o.s.b.a.o.j.JpaBaseConfiguration$JpaWebConfiguration:220 - spring.jpa.open-in-view is enabled by default. Therefore, database queries may be performed during view rendering. Explicitly configure spring.jpa.open-in-view to disable this warning
2026-04-25 23:19:09 [main] INFO  o.s.b.w.e.tomcat.TomcatWebServer:220 - Tomcat started on port(s): 8090 (http) with context path ''
2026-04-25 23:19:09 [main] INFO  c.s.invest.StockInvestApplication:61 - Started StockInvestApplication in 1.911 seconds (JVM running for 2.11)
2026-04-25 23:19:09 [main] INFO  c.s.i.StockInvestApplication$StockServiceStartupLogger:68 - ==== 当前使用的StockService实现是: com.stock.invest.service.impl.PriorityStockServiceImpl ====
2026-04-25 23:19:09 [main] INFO  c.s.invest.StockInvestApplication:33 - 当前激活的profiles: twelvedata
2026-04-25 23:21:38 [main] INFO  c.s.invest.StockInvestApplication:55 - Starting StockInvestApplication on ASUS-DESKTOP with PID 322595 (/home/allon/application/stock-invest/target/classes started by allon in /home/allon/application/stock-invest)
2026-04-25 23:21:38 [main] INFO  c.s.invest.StockInvestApplication:652 - The following profiles are active: twelvedata
2026-04-25 23:21:39 [main] INFO  o.s.b.w.e.tomcat.TomcatWebServer:108 - Tomcat initialized with port(s): 8090 (http)
2026-04-25 23:21:39 [main] INFO  o.s.b.w.s.c.ServletWebServerApplicationContext:285 - Root WebApplicationContext: initialization completed in 607 ms
2026-04-25 23:21:39 [main] WARN  o.s.b.a.o.j.JpaBaseConfiguration$JpaWebConfiguration:220 - spring.jpa.open-in-view is enabled by default. Therefore, database queries may be performed during view rendering. Explicitly configure spring.jpa.open-in-view to disable this warning
2026-04-25 23:21:40 [main] INFO  o.s.b.w.e.tomcat.TomcatWebServer:220 - Tomcat started on port(s): 8090 (http) with context path ''
2026-04-25 23:21:40 [main] INFO  c.s.invest.StockInvestApplication:61 - Started StockInvestApplication in 1.951 seconds (JVM running for 2.148)
2026-04-25 23:21:40 [main] INFO  c.s.i.StockInvestApplication$StockServiceStartupLogger:68 - ==== 当前使用的StockService实现是: com.stock.invest.service.impl.PriorityStockServiceImpl ====
2026-04-25 23:21:40 [main] INFO  c.s.invest.StockInvestApplication:33 - 当前激活的profiles: twelvedata
2026-04-25 23:25:44 [main] INFO  c.s.invest.StockInvestApplication:55 - Starting StockInvestApplication on ASUS-DESKTOP with PID 323273 (/home/allon/application/stock-invest/target/classes started by allon in /home/allon/application/stock-invest)
2026-04-25 23:25:44 [main] INFO  c.s.invest.StockInvestApplication:652 - The following profiles are active: twelvedata
2026-04-25 23:25:45 [main] INFO  o.s.b.w.e.tomcat.TomcatWebServer:108 - Tomcat initialized with port(s): 8090 (http)
2026-04-25 23:25:45 [main] INFO  o.s.b.w.s.c.ServletWebServerApplicationContext:285 - Root WebApplicationContext: initialization completed in 587 ms
2026-04-25 23:25:45 [main] WARN  o.s.b.a.o.j.JpaBaseConfiguration$JpaWebConfiguration:220 - spring.jpa.open-in-view is enabled by default. Therefore, database queries may be performed during view rendering. Explicitly configure spring.jpa.open-in-view to disable this warning
2026-04-25 23:25:46 [main] INFO  o.s.b.w.e.tomcat.TomcatWebServer:220 - Tomcat started on port(s): 8090 (http) with context path ''
2026-04-25 23:25:46 [main] INFO  c.s.invest.StockInvestApplication:61 - Started StockInvestApplication in 1.864 seconds (JVM running for 2.064)
2026-04-25 23:25:46 [main] INFO  c.s.i.StockInvestApplication$StockServiceStartupLogger:68 - ==== 当前使用的StockService实现是: com.stock.invest.service.impl.PriorityStockServiceImpl ====
2026-04-25 23:25:46 [main] INFO  c.s.invest.StockInvestApplication:33 - 当前激活的profiles: twelvedata
2026-04-25 23:35:36 [main] INFO  c.s.invest.StockInvestApplication:55 - Starting StockInvestApplication on ASUS-DESKTOP with PID 326146 (/home/allon/application/stock-invest/target/classes started by allon in /home/allon/application/stock-invest)
2026-04-25 23:35:36 [main] INFO  c.s.invest.StockInvestApplication:652 - The following profiles are active: twelvedata
2026-04-25 23:35:36 [main] INFO  o.s.b.w.e.tomcat.TomcatWebServer:108 - Tomcat initialized with port(s): 8090 (http)
2026-04-25 23:35:37 [main] INFO  o.s.b.w.s.c.ServletWebServerApplicationContext:285 - Root WebApplicationContext: initialization completed in 588 ms
2026-04-25 23:35:37 [main] WARN  o.s.b.a.o.j.JpaBaseConfiguration$JpaWebConfiguration:220 - spring.jpa.open-in-view is enabled by default. Therefore, database queries may be performed during view rendering. Explicitly configure spring.jpa.open-in-view to disable this warning
2026-04-25 23:35:38 [main] INFO  o.s.b.w.e.tomcat.TomcatWebServer:220 - Tomcat started on port(s): 8090 (http) with context path ''
2026-04-25 23:35:38 [main] INFO  c.s.invest.StockInvestApplication:61 - Started StockInvestApplication in 1.911 seconds (JVM running for 2.069)
2026-04-25 23:35:38 [main] INFO  c.s.i.StockInvestApplication$StockServiceStartupLogger:68 - ==== 当前使用的StockService实现是: com.stock.invest.service.impl.PriorityStockServiceImpl ====
2026-04-25 23:35:38 [main] INFO  c.s.invest.StockInvestApplication:33 - 当前激活的profiles: twelvedata
